[13:49:18]  COMMAND	POST 	 "/wd/hub/session"
[13:49:18]  DATA		{"desiredCapabilities":{"javascriptEnabled":true,"locationContextEnabled":true,"handlesAlerts":true,"rotatable":true,"browserName":"chrome","loggingPrefs":{"browser":"ALL","driver":"ALL"},"requestOrigins":{"url":"http://webdriver.io","version":"4.14.1","name":"webdriverio"}}}
[13:49:18]  INFO	SET SESSION ID d9b660429919d5f48d8923eab49dfdfc
[13:49:18]  RESULT		{"acceptInsecureCerts":false,"acceptSslCerts":false,"applicationCacheEnabled":false,"browserConnectionEnabled":false,"browserName":"chrome","chrome":{"chromedriverVersion":"2.43.600233 (523efee95e3d68b8719b3a1c83051aa63aa6b10d)","userDataDir":"/tmp/.org.chromium.Chromium.FE2RTj"},"cssSelectorsEnabled":true,"databaseEnabled":false,"goog:chromeOptions":{"debuggerAddress":"localhost:38417"},"handlesAlerts":true,"hasTouchScreen":false,"javascriptEnabled":true,"locationContextEnabled":true,"mobileEmulationEnabled":false,"nativeEvents":true,"networkConnectionEnabled":false,"pageLoadStrategy":"normal","platform":"Linux","rotatable":false,"setWindowRect":true,"takesHeapSnapshot":true,"takesScreenshot":true,"unexpectedAlertBehaviour":"","version":"71.0.3578.80","webStorageEnabled":true,"webdriver.remote.sessionid":"d9b660429919d5f48d8923eab49dfdfc"}
[13:49:18]  COMMAND	GET 	 "/wd/hub/session/d9b660429919d5f48d8923eab49dfdfc/window/current/size"
[13:49:18]  DATA		{}
[13:49:18]  RESULT		{"height":721,"width":1050}
[13:49:18]  COMMAND	POST 	 "/wd/hub/session/d9b660429919d5f48d8923eab49dfdfc/execute"
[13:49:18]  DATA		{"script":"return (function getViewportSize() {\n    return {\n        screenWidth: Math.max(document.documentElement.clientWidth, window.innerWidth || 0),\n        screenHeight: Math.max(document.documentElement.clientHeight, window.innerHeight || 0)\n    };\n}).apply(null, arguments)","args":[]}
[13:49:19]  RESULT		{"screenHeight":590,"screenWidth":1042}
[13:49:19]  COMMAND	POST 	 "/wd/hub/session/d9b660429919d5f48d8923eab49dfdfc/window/current/size"
[13:49:19]  DATA		{"width":1374,"height":899}
[13:49:19]  COMMAND	POST 	 "/wd/hub/session/d9b660429919d5f48d8923eab49dfdfc/execute"
[13:49:19]  DATA		{"script":"return (function getViewportSize() {\n    return {\n        screenWidth: Math.max(document.documentElement.clientWidth, window.innerWidth || 0),\n        screenHeight: Math.max(document.documentElement.clientHeight, window.innerHeight || 0)\n    };\n}).apply(null, arguments)","args":[]}
[13:49:19]  RESULT		{"screenHeight":610,"screenWidth":1358}
[13:49:19]  COMMAND	GET 	 "/wd/hub/session/d9b660429919d5f48d8923eab49dfdfc/window/current/size"
[13:49:19]  DATA		{}
[13:49:19]  RESULT		{"height":741,"width":1366}
[13:49:19]  COMMAND	POST 	 "/wd/hub/session/d9b660429919d5f48d8923eab49dfdfc/execute"
[13:49:19]  DATA		{"script":"return (function getViewportSize() {\n    return {\n        screenWidth: Math.max(document.documentElement.clientWidth, window.innerWidth || 0),\n        screenHeight: Math.max(document.documentElement.clientHeight, window.innerHeight || 0)\n    };\n}).apply(null, arguments)","args":[]}
[13:49:19]  RESULT		{"screenHeight":610,"screenWidth":1358}
[13:49:19]  COMMAND	POST 	 "/wd/hub/session/d9b660429919d5f48d8923eab49dfdfc/window/current/size"
[13:49:19]  DATA		{"width":1374,"height":899}
[13:49:19]  COMMAND	POST 	 "/wd/hub/session/d9b660429919d5f48d8923eab49dfdfc/execute"
[13:49:19]  DATA		{"script":"return (function getViewportSize() {\n    return {\n        screenWidth: Math.max(document.documentElement.clientWidth, window.innerWidth || 0),\n        screenHeight: Math.max(document.documentElement.clientHeight, window.innerHeight || 0)\n    };\n}).apply(null, arguments)","args":[]}
[13:49:19]  RESULT		{"screenHeight":610,"screenWidth":1358}
[13:49:19]  COMMAND	GET 	 "/wd/hub/session/d9b660429919d5f48d8923eab49dfdfc/window/current/size"
[13:49:19]  DATA		{}
[13:49:19]  RESULT		{"height":741,"width":1366}
[13:49:19]  COMMAND	POST 	 "/wd/hub/session/d9b660429919d5f48d8923eab49dfdfc/execute"
[13:49:19]  DATA		{"script":"return (function getViewportSize() {\n    return {\n        screenWidth: Math.max(document.documentElement.clientWidth, window.innerWidth || 0),\n        screenHeight: Math.max(document.documentElement.clientHeight, window.innerHeight || 0)\n    };\n}).apply(null, arguments)","args":[]}
[13:49:19]  RESULT		{"screenHeight":610,"screenWidth":1358}
[13:49:19]  COMMAND	POST 	 "/wd/hub/session/d9b660429919d5f48d8923eab49dfdfc/window/current/size"
[13:49:19]  DATA		{"width":1374,"height":899}
[13:49:19]  COMMAND	POST 	 "/wd/hub/session/d9b660429919d5f48d8923eab49dfdfc/execute"
[13:49:19]  DATA		{"script":"return (function getViewportSize() {\n    return {\n        screenWidth: Math.max(document.documentElement.clientWidth, window.innerWidth || 0),\n        screenHeight: Math.max(document.documentElement.clientHeight, window.innerHeight || 0)\n    };\n}).apply(null, arguments)","args":[]}
[13:49:19]  RESULT		{"screenHeight":610,"screenWidth":1358}
[13:49:19]  COMMAND	GET 	 "/wd/hub/session/d9b660429919d5f48d8923eab49dfdfc/window/current/size"
[13:49:19]  DATA		{}
[13:49:19]  RESULT		{"height":741,"width":1366}
[13:49:19]  COMMAND	POST 	 "/wd/hub/session/d9b660429919d5f48d8923eab49dfdfc/execute"
[13:49:19]  DATA		{"script":"return (function getViewportSize() {\n    return {\n        screenWidth: Math.max(document.documentElement.clientWidth, window.innerWidth || 0),\n        screenHeight: Math.max(document.documentElement.clientHeight, window.innerHeight || 0)\n    };\n}).apply(null, arguments)","args":[]}
[13:49:19]  RESULT		{"screenHeight":610,"screenWidth":1358}
[13:49:19]  COMMAND	POST 	 "/wd/hub/session/d9b660429919d5f48d8923eab49dfdfc/window/current/size"
[13:49:19]  DATA		{"width":1374,"height":899}
[13:49:19]  COMMAND	POST 	 "/wd/hub/session/d9b660429919d5f48d8923eab49dfdfc/execute"
[13:49:19]  DATA		{"script":"return (function getViewportSize() {\n    return {\n        screenWidth: Math.max(document.documentElement.clientWidth, window.innerWidth || 0),\n        screenHeight: Math.max(document.documentElement.clientHeight, window.innerHeight || 0)\n    };\n}).apply(null, arguments)","args":[]}
[13:49:19]  RESULT		{"screenHeight":610,"screenWidth":1358}
[13:49:19]  COMMAND	GET 	 "/wd/hub/session/d9b660429919d5f48d8923eab49dfdfc/window/current/size"
[13:49:19]  DATA		{}
[13:49:19]  RESULT		{"height":741,"width":1366}
[13:49:19]  COMMAND	POST 	 "/wd/hub/session/d9b660429919d5f48d8923eab49dfdfc/execute"
[13:49:19]  DATA		{"script":"return (function getViewportSize() {\n    return {\n        screenWidth: Math.max(document.documentElement.clientWidth, window.innerWidth || 0),\n        screenHeight: Math.max(document.documentElement.clientHeight, window.innerHeight || 0)\n    };\n}).apply(null, arguments)","args":[]}
[13:49:19]  RESULT		{"screenHeight":610,"screenWidth":1358}
[13:49:19]  COMMAND	POST 	 "/wd/hub/session/d9b660429919d5f48d8923eab49dfdfc/window/current/size"
[13:49:19]  DATA		{"width":1374,"height":899}
[13:49:19]  COMMAND	POST 	 "/wd/hub/session/d9b660429919d5f48d8923eab49dfdfc/execute"
[13:49:19]  DATA		{"script":"return (function getViewportSize() {\n    return {\n        screenWidth: Math.max(document.documentElement.clientWidth, window.innerWidth || 0),\n        screenHeight: Math.max(document.documentElement.clientHeight, window.innerHeight || 0)\n    };\n}).apply(null, arguments)","args":[]}
[13:49:19]  RESULT		{"screenHeight":610,"screenWidth":1358}
[13:49:19]  COMMAND	GET 	 "/wd/hub/session/d9b660429919d5f48d8923eab49dfdfc/window/current/size"
[13:49:19]  DATA		{}
[13:49:19]  RESULT		{"height":741,"width":1366}
[13:49:19]  COMMAND	POST 	 "/wd/hub/session/d9b660429919d5f48d8923eab49dfdfc/execute"
[13:49:19]  DATA		{"script":"return (function getViewportSize() {\n    return {\n        screenWidth: Math.max(document.documentElement.clientWidth, window.innerWidth || 0),\n        screenHeight: Math.max(document.documentElement.clientHeight, window.innerHeight || 0)\n    };\n}).apply(null, arguments)","args":[]}
[13:49:19]  RESULT		{"screenHeight":610,"screenWidth":1358}
[13:49:19]  COMMAND	POST 	 "/wd/hub/session/d9b660429919d5f48d8923eab49dfdfc/window/current/size"
[13:49:19]  DATA		{"width":1374,"height":899}
[13:49:19]  COMMAND	POST 	 "/wd/hub/session/d9b660429919d5f48d8923eab49dfdfc/execute"
[13:49:19]  DATA		{"script":"return (function getViewportSize() {\n    return {\n        screenWidth: Math.max(document.documentElement.clientWidth, window.innerWidth || 0),\n        screenHeight: Math.max(document.documentElement.clientHeight, window.innerHeight || 0)\n    };\n}).apply(null, arguments)","args":[]}
[13:49:19]  RESULT		{"screenHeight":610,"screenWidth":1358}
[13:49:19]  COMMAND	POST 	 "/wd/hub/session/d9b660429919d5f48d8923eab49dfdfc/url"
[13:49:19]  DATA		{"url":"https://vegas.williamhill.com/"}
[13:50:17]  COMMAND	POST 	 "/wd/hub/session/d9b660429919d5f48d8923eab49dfdfc/element"
[13:50:17]  DATA		{"using":"xpath","value":"//button[contains(@data-test,'game-search-button')]"}
[13:50:17]  RESULT		{"ELEMENT":"0.5862073213818939-1"}
[13:50:17]  COMMAND	POST 	 "/wd/hub/session/d9b660429919d5f48d8923eab49dfdfc/elements"
[13:50:17]  DATA		{"using":"xpath","value":"//button[contains(@data-test,'game-search-button')]"}
[13:50:17]  RESULT		[{"ELEMENT":"0.5862073213818939-1"}]
[13:50:17]  COMMAND	GET 	 "/wd/hub/session/d9b660429919d5f48d8923eab49dfdfc/element/0.5862073213818939-1/displayed"
[13:50:17]  DATA		{}
[13:50:17]  RESULT		true
[13:50:17]  COMMAND	POST 	 "/wd/hub/session/d9b660429919d5f48d8923eab49dfdfc/element"
[13:50:17]  DATA		{"using":"xpath","value":"//button[contains(@data-test,'game-search-button')]"}
[13:50:17]  RESULT		{"ELEMENT":"0.5862073213818939-1"}
[13:50:17]  COMMAND	POST 	 "/wd/hub/session/d9b660429919d5f48d8923eab49dfdfc/element/0.5862073213818939-1/click"
[13:50:17]  DATA		{}
[13:50:17]  COMMAND	POST 	 "/wd/hub/session/d9b660429919d5f48d8923eab49dfdfc/element"
[13:50:17]  DATA		{"using":"xpath","value":"//input[@data-test='game-search-field']"}
[13:50:17]  RESULT		{"ELEMENT":"0.5862073213818939-2"}
[13:50:17]  COMMAND	POST 	 "/wd/hub/session/d9b660429919d5f48d8923eab49dfdfc/element/0.5862073213818939-2/value"
[13:50:17]  DATA		{"value":["M","a","y","f","a","i","r"," ","R","o","(6 more items)"],"text":"Mayfair Roulette"}
[13:50:18]  COMMAND	POST 	 "/wd/hub/session/d9b660429919d5f48d8923eab49dfdfc/element"
[13:50:18]  DATA		{"using":"xpath","value":"//img[@alt='Mayfair Roulette']"}
[13:50:18]  RESULT		{"ELEMENT":"0.5862073213818939-3"}
[13:50:18]  COMMAND	POST 	 "/wd/hub/session/d9b660429919d5f48d8923eab49dfdfc/elements"
[13:50:18]  DATA		{"using":"xpath","value":"//img[@alt='Mayfair Roulette']"}
[13:50:18]  RESULT		[{"ELEMENT":"0.5862073213818939-3"}]
[13:50:18]  COMMAND	GET 	 "/wd/hub/session/d9b660429919d5f48d8923eab49dfdfc/element/0.5862073213818939-3/displayed"
[13:50:18]  DATA		{}
[13:50:18]  COMMAND	POST 	 "/wd/hub/session/d9b660429919d5f48d8923eab49dfdfc/elements"
[13:50:18]  DATA		{"using":"xpath","value":"//img[@alt='Mayfair Roulette']"}
[13:50:18]  RESULT		[{"ELEMENT":"0.5862073213818939-4"}]
[13:50:18]  COMMAND	GET 	 "/wd/hub/session/d9b660429919d5f48d8923eab49dfdfc/element/0.5862073213818939-4/displayed"
[13:50:18]  DATA		{}
[13:50:18]  RESULT		true
[13:50:18]  COMMAND	POST 	 "/wd/hub/session/d9b660429919d5f48d8923eab49dfdfc/element"
[13:50:18]  DATA		{"using":"xpath","value":"//img[@alt='Mayfair Roulette']"}
[13:50:18]  RESULT		{"ELEMENT":"0.5862073213818939-4"}
[13:50:18]  COMMAND	POST 	 "/wd/hub/session/d9b660429919d5f48d8923eab49dfdfc/moveto"
[13:50:18]  DATA		{"element":"0.5862073213818939-4"}
[13:50:18]  COMMAND	POST 	 "/wd/hub/session/d9b660429919d5f48d8923eab49dfdfc/element"
[13:50:18]  DATA		{"using":"xpath","value":"//button[@data-test='tile-menu-button-more']"}
[13:50:18]  COMMAND	POST 	 "/wd/hub/session/d9b660429919d5f48d8923eab49dfdfc/elements"
[13:50:18]  DATA		{"using":"xpath","value":"//button[@data-test='tile-menu-button-more']"}
[13:50:18]  RESULT		[]
[13:50:18]  COMMAND	GET 	 "/wd/hub/session/d9b660429919d5f48d8923eab49dfdfc/window/current/size"
[13:50:18]  DATA		{}
[13:50:18]  RESULT		{"height":741,"width":1366}
[13:50:18]  COMMAND	POST 	 "/wd/hub/session/d9b660429919d5f48d8923eab49dfdfc/execute"
[13:50:18]  DATA		{"script":"return (function getViewportSize() {\n    return {\n        screenWidth: Math.max(document.documentElement.clientWidth, window.innerWidth || 0),\n        screenHeight: Math.max(document.documentElement.clientHeight, window.innerHeight || 0)\n    };\n}).apply(null, arguments)","args":[]}
[13:50:18]  RESULT		{"screenHeight":610,"screenWidth":1358}
[13:50:18]  COMMAND	POST 	 "/wd/hub/session/d9b660429919d5f48d8923eab49dfdfc/window/current/size"
[13:50:18]  DATA		{"width":328,"height":851}
[13:50:19]  COMMAND	POST 	 "/wd/hub/session/d9b660429919d5f48d8923eab49dfdfc/execute"
[13:50:19]  DATA		{"script":"return (function getViewportSize() {\n    return {\n        screenWidth: Math.max(document.documentElement.clientWidth, window.innerWidth || 0),\n        screenHeight: Math.max(document.documentElement.clientHeight, window.innerHeight || 0)\n    };\n}).apply(null, arguments)","args":[]}
[13:50:19]  RESULT		{"screenHeight":610,"screenWidth":517}
[13:50:19]  COMMAND	GET 	 "/wd/hub/session/d9b660429919d5f48d8923eab49dfdfc/window/current/size"
[13:50:19]  DATA		{}
[13:50:19]  RESULT		{"height":741,"width":525}
[13:50:19]  COMMAND	POST 	 "/wd/hub/session/d9b660429919d5f48d8923eab49dfdfc/execute"
[13:50:19]  DATA		{"script":"return (function getViewportSize() {\n    return {\n        screenWidth: Math.max(document.documentElement.clientWidth, window.innerWidth || 0),\n        screenHeight: Math.max(document.documentElement.clientHeight, window.innerHeight || 0)\n    };\n}).apply(null, arguments)","args":[]}
[13:50:19]  RESULT		{"screenHeight":610,"screenWidth":517}
[13:50:19]  COMMAND	POST 	 "/wd/hub/session/d9b660429919d5f48d8923eab49dfdfc/window/current/size"
[13:50:19]  DATA		{"width":328,"height":851}
[13:50:19]  COMMAND	POST 	 "/wd/hub/session/d9b660429919d5f48d8923eab49dfdfc/execute"
[13:50:19]  DATA		{"script":"return (function getViewportSize() {\n    return {\n        screenWidth: Math.max(document.documentElement.clientWidth, window.innerWidth || 0),\n        screenHeight: Math.max(document.documentElement.clientHeight, window.innerHeight || 0)\n    };\n}).apply(null, arguments)","args":[]}
[13:50:19]  RESULT		{"screenHeight":610,"screenWidth":517}
[13:50:19]  COMMAND	GET 	 "/wd/hub/session/d9b660429919d5f48d8923eab49dfdfc/window/current/size"
[13:50:19]  DATA		{}
[13:50:19]  RESULT		{"height":741,"width":525}
[13:50:19]  COMMAND	POST 	 "/wd/hub/session/d9b660429919d5f48d8923eab49dfdfc/execute"
[13:50:19]  DATA		{"script":"return (function getViewportSize() {\n    return {\n        screenWidth: Math.max(document.documentElement.clientWidth, window.innerWidth || 0),\n        screenHeight: Math.max(document.documentElement.clientHeight, window.innerHeight || 0)\n    };\n}).apply(null, arguments)","args":[]}
[13:50:19]  RESULT		{"screenHeight":610,"screenWidth":517}
[13:50:19]  COMMAND	POST 	 "/wd/hub/session/d9b660429919d5f48d8923eab49dfdfc/window/current/size"
[13:50:19]  DATA		{"width":328,"height":851}
[13:50:19]  COMMAND	POST 	 "/wd/hub/session/d9b660429919d5f48d8923eab49dfdfc/elements"
[13:50:19]  DATA		{"using":"xpath","value":"//button[@data-test='tile-menu-button-more']"}
[13:50:19]  COMMAND	POST 	 "/wd/hub/session/d9b660429919d5f48d8923eab49dfdfc/execute"
[13:50:19]  DATA		{"script":"return (function getViewportSize() {\n    return {\n        screenWidth: Math.max(document.documentElement.clientWidth, window.innerWidth || 0),\n        screenHeight: Math.max(document.documentElement.clientHeight, window.innerHeight || 0)\n    };\n}).apply(null, arguments)","args":[]}
[13:50:19]  RESULT		[]
[13:50:19]  RESULT		{"screenHeight":610,"screenWidth":517}
[13:50:19]  COMMAND	GET 	 "/wd/hub/session/d9b660429919d5f48d8923eab49dfdfc/window/current/size"
[13:50:19]  DATA		{}
[13:50:19]  RESULT		{"height":741,"width":525}
[13:50:19]  COMMAND	POST 	 "/wd/hub/session/d9b660429919d5f48d8923eab49dfdfc/execute"
[13:50:19]  DATA		{"script":"return (function getViewportSize() {\n    return {\n        screenWidth: Math.max(document.documentElement.clientWidth, window.innerWidth || 0),\n        screenHeight: Math.max(document.documentElement.clientHeight, window.innerHeight || 0)\n    };\n}).apply(null, arguments)","args":[]}
[13:50:19]  RESULT		{"screenHeight":610,"screenWidth":517}
[13:50:19]  COMMAND	POST 	 "/wd/hub/session/d9b660429919d5f48d8923eab49dfdfc/window/current/size"
[13:50:19]  DATA		{"width":328,"height":851}
[13:50:19]  COMMAND	POST 	 "/wd/hub/session/d9b660429919d5f48d8923eab49dfdfc/execute"
[13:50:19]  DATA		{"script":"return (function getViewportSize() {\n    return {\n        screenWidth: Math.max(document.documentElement.clientWidth, window.innerWidth || 0),\n        screenHeight: Math.max(document.documentElement.clientHeight, window.innerHeight || 0)\n    };\n}).apply(null, arguments)","args":[]}
[13:50:19]  RESULT		{"screenHeight":610,"screenWidth":517}
[13:50:19]  COMMAND	GET 	 "/wd/hub/session/d9b660429919d5f48d8923eab49dfdfc/window/current/size"
[13:50:19]  DATA		{}
[13:50:19]  RESULT		{"height":741,"width":525}
[13:50:19]  COMMAND	POST 	 "/wd/hub/session/d9b660429919d5f48d8923eab49dfdfc/execute"
[13:50:19]  DATA		{"script":"return (function getViewportSize() {\n    return {\n        screenWidth: Math.max(document.documentElement.clientWidth, window.innerWidth || 0),\n        screenHeight: Math.max(document.documentElement.clientHeight, window.innerHeight || 0)\n    };\n}).apply(null, arguments)","args":[]}
[13:50:19]  RESULT		{"screenHeight":610,"screenWidth":517}
[13:50:19]  COMMAND	POST 	 "/wd/hub/session/d9b660429919d5f48d8923eab49dfdfc/window/current/size"
[13:50:19]  DATA		{"width":328,"height":851}
[13:50:19]  COMMAND	POST 	 "/wd/hub/session/d9b660429919d5f48d8923eab49dfdfc/execute"
[13:50:19]  DATA		{"script":"return (function getViewportSize() {\n    return {\n        screenWidth: Math.max(document.documentElement.clientWidth, window.innerWidth || 0),\n        screenHeight: Math.max(document.documentElement.clientHeight, window.innerHeight || 0)\n    };\n}).apply(null, arguments)","args":[]}
[13:50:19]  RESULT		{"screenHeight":610,"screenWidth":517}
[13:50:19]  COMMAND	GET 	 "/wd/hub/session/d9b660429919d5f48d8923eab49dfdfc/window/current/size"
[13:50:19]  DATA		{}
[13:50:19]  RESULT		{"height":741,"width":525}
[13:50:19]  COMMAND	POST 	 "/wd/hub/session/d9b660429919d5f48d8923eab49dfdfc/execute"
[13:50:19]  DATA		{"script":"return (function getViewportSize() {\n    return {\n        screenWidth: Math.max(document.documentElement.clientWidth, window.innerWidth || 0),\n        screenHeight: Math.max(document.documentElement.clientHeight, window.innerHeight || 0)\n    };\n}).apply(null, arguments)","args":[]}
[13:50:19]  RESULT		{"screenHeight":610,"screenWidth":517}
[13:50:19]  COMMAND	POST 	 "/wd/hub/session/d9b660429919d5f48d8923eab49dfdfc/window/current/size"
[13:50:19]  DATA		{"width":328,"height":851}
[13:50:19]  COMMAND	POST 	 "/wd/hub/session/d9b660429919d5f48d8923eab49dfdfc/execute"
[13:50:19]  DATA		{"script":"return (function getViewportSize() {\n    return {\n        screenWidth: Math.max(document.documentElement.clientWidth, window.innerWidth || 0),\n        screenHeight: Math.max(document.documentElement.clientHeight, window.innerHeight || 0)\n    };\n}).apply(null, arguments)","args":[]}
[13:50:19]  RESULT		{"screenHeight":610,"screenWidth":517}
[13:50:19]  COMMAND	POST 	 "/wd/hub/session/d9b660429919d5f48d8923eab49dfdfc/url"
[13:50:19]  DATA		{"url":"https://vegas.williamhill.com/"}
[13:50:19]  COMMAND	POST 	 "/wd/hub/session/d9b660429919d5f48d8923eab49dfdfc/elements"
[13:50:19]  DATA		{"using":"xpath","value":"//button[@data-test='tile-menu-button-more']"}
[13:50:34]  COMMAND	POST 	 "/wd/hub/session/d9b660429919d5f48d8923eab49dfdfc/element"
[13:50:34]  DATA		{"using":"xpath","value":"//button[contains(@data-test,'game-search-button')]"}
[13:50:34]  RESULT		[]
[13:50:34]  COMMAND	POST 	 "/wd/hub/session/d9b660429919d5f48d8923eab49dfdfc/elements"
[13:50:34]  DATA		{"using":"xpath","value":"//button[@data-test='tile-menu-button-more']"}
[13:50:34]  RESULT		{"ELEMENT":"0.429912280323421-1"}
[13:50:34]  COMMAND	POST 	 "/wd/hub/session/d9b660429919d5f48d8923eab49dfdfc/elements"
[13:50:34]  DATA		{"using":"xpath","value":"//button[contains(@data-test,'game-search-button')]"}
[13:50:34]  RESULT		[]
[13:50:34]  COMMAND	POST 	 "/wd/hub/session/d9b660429919d5f48d8923eab49dfdfc/elements"
[13:50:34]  DATA		{"using":"xpath","value":"//button[@data-test='tile-menu-button-more']"}
[13:50:34]  RESULT		[{"ELEMENT":"0.429912280323421-1"}]
[13:50:34]  COMMAND	GET 	 "/wd/hub/session/d9b660429919d5f48d8923eab49dfdfc/element/0.429912280323421-1/displayed"
[13:50:34]  DATA		{}
[13:50:34]  RESULT		[]
[13:50:34]  COMMAND	POST 	 "/wd/hub/session/d9b660429919d5f48d8923eab49dfdfc/elements"
[13:50:34]  DATA		{"using":"xpath","value":"//button[@data-test='tile-menu-button-more']"}
[13:50:34]  RESULT		true
[13:50:34]  COMMAND	POST 	 "/wd/hub/session/d9b660429919d5f48d8923eab49dfdfc/element"
[13:50:34]  DATA		{"using":"xpath","value":"//button[contains(@data-test,'game-search-button')]"}
[13:50:34]  RESULT		[]
[13:50:34]  COMMAND	POST 	 "/wd/hub/session/d9b660429919d5f48d8923eab49dfdfc/elements"
[13:50:34]  DATA		{"using":"xpath","value":"//button[@data-test='tile-menu-button-more']"}
[13:50:34]  RESULT		{"ELEMENT":"0.429912280323421-1"}
[13:50:34]  COMMAND	POST 	 "/wd/hub/session/d9b660429919d5f48d8923eab49dfdfc/element/0.429912280323421-1/click"
[13:50:34]  DATA		{}
[13:50:34]  RESULT		[]
[13:50:34]  COMMAND	POST 	 "/wd/hub/session/d9b660429919d5f48d8923eab49dfdfc/elements"
[13:50:34]  DATA		{"using":"xpath","value":"//button[@data-test='tile-menu-button-more']"}
[13:50:34]  COMMAND	POST 	 "/wd/hub/session/d9b660429919d5f48d8923eab49dfdfc/element"
[13:50:34]  DATA		{"using":"xpath","value":"//input[@data-test='game-search-field']"}
[13:50:34]  RESULT		[]
[13:50:34]  COMMAND	POST 	 "/wd/hub/session/d9b660429919d5f48d8923eab49dfdfc/elements"
[13:50:34]  DATA		{"using":"xpath","value":"//button[@data-test='tile-menu-button-more']"}
[13:50:34]  RESULT		{"ELEMENT":"0.429912280323421-2"}
[13:50:34]  COMMAND	POST 	 "/wd/hub/session/d9b660429919d5f48d8923eab49dfdfc/element/0.429912280323421-2/value"
[13:50:34]  DATA		{"value":["M","a","y","f","a","i","r"," ","R","o","(6 more items)"],"text":"Mayfair Roulette"}
[13:50:34]  RESULT		[]
[13:50:34]  COMMAND	POST 	 "/wd/hub/session/d9b660429919d5f48d8923eab49dfdfc/elements"
[13:50:34]  DATA		{"using":"xpath","value":"//button[@data-test='tile-menu-button-more']"}
[13:50:34]  COMMAND	POST 	 "/wd/hub/session/d9b660429919d5f48d8923eab49dfdfc/element"
[13:50:34]  DATA		{"using":"xpath","value":"//img[@alt='Mayfair Roulette']"}
[13:50:34]  RESULT		[]
[13:50:34]  COMMAND	POST 	 "/wd/hub/session/d9b660429919d5f48d8923eab49dfdfc/elements"
[13:50:34]  DATA		{"using":"xpath","value":"//button[@data-test='tile-menu-button-more']"}
[13:50:34]  COMMAND	POST 	 "/wd/hub/session/d9b660429919d5f48d8923eab49dfdfc/elements"
[13:50:34]  DATA		{"using":"xpath","value":"//img[@alt='Mayfair Roulette']"}
[13:50:34]  RESULT		[]
[13:50:34]  COMMAND	POST 	 "/wd/hub/session/d9b660429919d5f48d8923eab49dfdfc/elements"
[13:50:34]  DATA		{"using":"xpath","value":"//button[@data-test='tile-menu-button-more']"}
[13:50:34]  RESULT		[]
[13:50:34]  RESULT		[]
[13:50:34]  COMMAND	POST 	 "/wd/hub/session/d9b660429919d5f48d8923eab49dfdfc/elements"
[13:50:34]  DATA		{"using":"xpath","value":"//button[@data-test='tile-menu-button-more']"}
[13:50:34]  RESULT		[]
[13:50:34]  COMMAND	POST 	 "/wd/hub/session/d9b660429919d5f48d8923eab49dfdfc/elements"
[13:50:34]  DATA		{"using":"xpath","value":"//button[@data-test='tile-menu-button-more']"}
[13:50:34]  RESULT		[]
[13:50:34]  COMMAND	POST 	 "/wd/hub/session/d9b660429919d5f48d8923eab49dfdfc/elements"
[13:50:34]  DATA		{"using":"xpath","value":"//button[@data-test='tile-menu-button-more']"}
[13:50:34]  RESULT		[]
[13:50:34]  COMMAND	POST 	 "/wd/hub/session/d9b660429919d5f48d8923eab49dfdfc/elements"
[13:50:34]  DATA		{"using":"xpath","value":"//button[@data-test='tile-menu-button-more']"}
[13:50:34]  RESULT		[]
[13:50:34]  COMMAND	POST 	 "/wd/hub/session/d9b660429919d5f48d8923eab49dfdfc/elements"
[13:50:34]  DATA		{"using":"xpath","value":"//button[@data-test='tile-menu-button-more']"}
[13:50:34]  RESULT		[]
[13:50:34]  COMMAND	POST 	 "/wd/hub/session/d9b660429919d5f48d8923eab49dfdfc/elements"
[13:50:34]  DATA		{"using":"xpath","value":"//button[@data-test='tile-menu-button-more']"}
[13:50:34]  RESULT		[]
[13:50:34]  COMMAND	POST 	 "/wd/hub/session/d9b660429919d5f48d8923eab49dfdfc/elements"
[13:50:34]  DATA		{"using":"xpath","value":"//button[@data-test='tile-menu-button-more']"}
[13:50:34]  RESULT		[]
[13:50:34]  COMMAND	POST 	 "/wd/hub/session/d9b660429919d5f48d8923eab49dfdfc/elements"
[13:50:34]  DATA		{"using":"xpath","value":"//button[@data-test='tile-menu-button-more']"}
[13:50:34]  RESULT		[]
[13:50:34]  COMMAND	POST 	 "/wd/hub/session/d9b660429919d5f48d8923eab49dfdfc/elements"
[13:50:34]  DATA		{"using":"xpath","value":"//button[@data-test='tile-menu-button-more']"}
[13:50:34]  RESULT		[]
[13:50:34]  COMMAND	POST 	 "/wd/hub/session/d9b660429919d5f48d8923eab49dfdfc/elements"
[13:50:34]  DATA		{"using":"xpath","value":"//button[@data-test='tile-menu-button-more']"}
[13:50:34]  RESULT		[]
[13:50:34]  COMMAND	POST 	 "/wd/hub/session/d9b660429919d5f48d8923eab49dfdfc/elements"
[13:50:34]  DATA		{"using":"xpath","value":"//button[@data-test='tile-menu-button-more']"}
[13:50:34]  RESULT		[]
[13:50:34]  COMMAND	POST 	 "/wd/hub/session/d9b660429919d5f48d8923eab49dfdfc/elements"
[13:50:34]  DATA		{"using":"xpath","value":"//button[@data-test='tile-menu-button-more']"}
[13:50:34]  RESULT		[]
[13:50:34]  COMMAND	POST 	 "/wd/hub/session/d9b660429919d5f48d8923eab49dfdfc/elements"
[13:50:34]  DATA		{"using":"xpath","value":"//button[@data-test='tile-menu-button-more']"}
[13:50:34]  RESULT		[]
[13:50:34]  COMMAND	POST 	 "/wd/hub/session/d9b660429919d5f48d8923eab49dfdfc/elements"
[13:50:34]  DATA		{"using":"xpath","value":"//button[@data-test='tile-menu-button-more']"}
[13:50:34]  RESULT		[]
[13:50:34]  COMMAND	POST 	 "/wd/hub/session/d9b660429919d5f48d8923eab49dfdfc/elements"
[13:50:34]  DATA		{"using":"xpath","value":"//button[@data-test='tile-menu-button-more']"}
[13:50:34]  RESULT		[]
[13:50:34]  COMMAND	POST 	 "/wd/hub/session/d9b660429919d5f48d8923eab49dfdfc/elements"
[13:50:34]  DATA		{"using":"xpath","value":"//button[@data-test='tile-menu-button-more']"}
[13:50:34]  RESULT		[]
[13:50:34]  COMMAND	POST 	 "/wd/hub/session/d9b660429919d5f48d8923eab49dfdfc/elements"
[13:50:34]  DATA		{"using":"xpath","value":"//button[@data-test='tile-menu-button-more']"}
[13:50:34]  RESULT		[]
[13:50:34]  COMMAND	POST 	 "/wd/hub/session/d9b660429919d5f48d8923eab49dfdfc/elements"
[13:50:34]  DATA		{"using":"xpath","value":"//button[@data-test='tile-menu-button-more']"}
[13:50:34]  RESULT		[]
[13:50:34]  COMMAND	POST 	 "/wd/hub/session/d9b660429919d5f48d8923eab49dfdfc/elements"
[13:50:34]  DATA		{"using":"xpath","value":"//button[@data-test='tile-menu-button-more']"}
[13:50:34]  RESULT		[]
[13:50:34]  COMMAND	POST 	 "/wd/hub/session/d9b660429919d5f48d8923eab49dfdfc/elements"
[13:50:34]  DATA		{"using":"xpath","value":"//button[@data-test='tile-menu-button-more']"}
[13:50:34]  RESULT		[]
[13:50:34]  COMMAND	POST 	 "/wd/hub/session/d9b660429919d5f48d8923eab49dfdfc/elements"
[13:50:34]  DATA		{"using":"xpath","value":"//button[@data-test='tile-menu-button-more']"}
[13:50:34]  RESULT		[]
[13:50:35]  COMMAND	POST 	 "/wd/hub/session/d9b660429919d5f48d8923eab49dfdfc/elements"
[13:50:35]  DATA		{"using":"xpath","value":"//img[@alt='Mayfair Roulette']"}
[13:50:35]  RESULT		[{"ELEMENT":"0.429912280323421-3"}]
[13:50:35]  COMMAND	GET 	 "/wd/hub/session/d9b660429919d5f48d8923eab49dfdfc/element/0.429912280323421-3/displayed"
[13:50:35]  DATA		{}
[13:50:35]  RESULT		true
[13:50:35]  COMMAND	POST 	 "/wd/hub/session/d9b660429919d5f48d8923eab49dfdfc/element"
[13:50:35]  DATA		{"using":"xpath","value":"//img[@alt='Mayfair Roulette']"}
[13:50:35]  RESULT		{"ELEMENT":"0.429912280323421-3"}
[13:50:35]  COMMAND	POST 	 "/wd/hub/session/d9b660429919d5f48d8923eab49dfdfc/element/0.429912280323421-3/click"
[13:50:35]  DATA		{}
[13:50:35]  COMMAND	POST 	 "/wd/hub/session/d9b660429919d5f48d8923eab49dfdfc/element"
[13:50:35]  DATA		{"using":"xpath","value":"//button[@data-test='tile-details-button-play']"}
[13:50:35]  RESULT		{"ELEMENT":"0.429912280323421-4"}
[13:50:35]  COMMAND	POST 	 "/wd/hub/session/d9b660429919d5f48d8923eab49dfdfc/elements"
[13:50:35]  DATA		{"using":"xpath","value":"//button[@data-test='tile-details-button-play']"}
[13:50:35]  RESULT		[{"ELEMENT":"0.429912280323421-4"}]
[13:50:35]  COMMAND	GET 	 "/wd/hub/session/d9b660429919d5f48d8923eab49dfdfc/element/0.429912280323421-4/displayed"
[13:50:35]  DATA		{}
[13:50:35]  RESULT		true
[13:50:35]  COMMAND	POST 	 "/wd/hub/session/d9b660429919d5f48d8923eab49dfdfc/element"
[13:50:35]  DATA		{"using":"xpath","value":"//button[@data-test='tile-details-button-play']"}
[13:50:35]  RESULT		{"ELEMENT":"0.429912280323421-4"}
[13:50:35]  COMMAND	POST 	 "/wd/hub/session/d9b660429919d5f48d8923eab49dfdfc/execute"
[13:50:35]  DATA		{"script":"return (function scroll(x, y) {\n    return window.scrollTo(x, y);\n}).apply(null, arguments)","args":[0,300]}
[13:50:35]  COMMAND	POST 	 "/wd/hub/session/d9b660429919d5f48d8923eab49dfdfc/element"
[13:50:35]  DATA		{"using":"xpath","value":"//button[@data-test='tile-details-button-play']"}
[13:50:35]  RESULT		{"ELEMENT":"0.429912280323421-4"}
[13:50:35]  COMMAND	POST 	 "/wd/hub/session/d9b660429919d5f48d8923eab49dfdfc/element/0.429912280323421-4/click"
[13:50:35]  DATA		{}
[13:50:35]  COMMAND	POST 	 "/wd/hub/session/d9b660429919d5f48d8923eab49dfdfc/elements"
[13:50:35]  DATA		{"using":"xpath","value":"//button[@data-test='tile-menu-button-more']"}
[13:50:35]  RESULT		[]
[13:50:35]  COMMAND	DELETE 	 "/wd/hub/session/d9b660429919d5f48d8923eab49dfdfc"
[13:50:35]  DATA		{}
