[01:02:04]  COMMAND	POST 	 "/wd/hub/session"
[01:02:04]  DATA		{"desiredCapabilities":{"javascriptEnabled":true,"locationContextEnabled":true,"handlesAlerts":true,"rotatable":true,"browserName":"chrome","loggingPrefs":{"browser":"ALL","driver":"ALL"},"requestOrigins":{"url":"http://webdriver.io","version":"4.14.1","name":"webdriverio"}}}
[01:02:04]  INFO	SET SESSION ID 2d4cd8f6ab6117ed5e7d46695b53b7f0
[01:02:04]  RESULT		{"acceptInsecureCerts":false,"acceptSslCerts":false,"applicationCacheEnabled":false,"browserConnectionEnabled":false,"browserName":"chrome","chrome":{"chromedriverVersion":"2.43.600233 (523efee95e3d68b8719b3a1c83051aa63aa6b10d)","userDataDir":"/tmp/.org.chromium.Chromium.er4gwD"},"cssSelectorsEnabled":true,"databaseEnabled":false,"goog:chromeOptions":{"debuggerAddress":"localhost:37687"},"handlesAlerts":true,"hasTouchScreen":false,"javascriptEnabled":true,"locationContextEnabled":true,"mobileEmulationEnabled":false,"nativeEvents":true,"networkConnectionEnabled":false,"pageLoadStrategy":"normal","platform":"Linux","rotatable":false,"setWindowRect":true,"takesHeapSnapshot":true,"takesScreenshot":true,"unexpectedAlertBehaviour":"","version":"70.0.3538.110","webStorageEnabled":true,"webdriver.remote.sessionid":"2d4cd8f6ab6117ed5e7d46695b53b7f0"}
[01:02:04]  COMMAND	POST 	 "/wd/hub/session/2d4cd8f6ab6117ed5e7d46695b53b7f0/window/fullscreen"
[01:02:04]  DATA		{}
[01:02:04]  RESULT		{"height":1080,"width":1920,"x":1366,"y":0}
[01:02:04]  COMMAND	POST 	 "/wd/hub/session/2d4cd8f6ab6117ed5e7d46695b53b7f0/url"
[01:02:04]  DATA		{"url":"https://vegas.williamhill.com/"}
[01:02:13]  COMMAND	POST 	 "/wd/hub/session/2d4cd8f6ab6117ed5e7d46695b53b7f0/element"
[01:02:13]  DATA		{"using":"xpath","value":"//button[contains(@data-test,'game-search-button')]"}
[01:02:13]  RESULT		{"ELEMENT":"0.24442313100653368-1"}
[01:02:13]  COMMAND	POST 	 "/wd/hub/session/2d4cd8f6ab6117ed5e7d46695b53b7f0/element/0.24442313100653368-1/click"
[01:02:13]  DATA		{}
[01:02:13]  COMMAND	POST 	 "/wd/hub/session/2d4cd8f6ab6117ed5e7d46695b53b7f0/element"
[01:02:13]  DATA		{"using":"xpath","value":"//input[@data-test='game-search-field']"}
[01:02:13]  RESULT		{"ELEMENT":"0.24442313100653368-2"}
[01:02:14]  COMMAND	POST 	 "/wd/hub/session/2d4cd8f6ab6117ed5e7d46695b53b7f0/element/0.24442313100653368-2/value"
[01:02:14]  DATA		{"value":["M","a","y","f","a","i","r"," ","R","o","(6 more items)"],"text":"Mayfair Roulette"}
[01:02:14]  COMMAND	POST 	 "/wd/hub/session/2d4cd8f6ab6117ed5e7d46695b53b7f0/element"
[01:02:14]  DATA		{"using":"xpath","value":"//img[@alt='Mayfair Roulette']"}
[01:02:14]  RESULT		{"ELEMENT":"0.24442313100653368-3"}
[01:02:14]  COMMAND	POST 	 "/wd/hub/session/2d4cd8f6ab6117ed5e7d46695b53b7f0/moveto"
[01:02:14]  DATA		{"element":"0.24442313100653368-3","xoffset":20,"yoffset":20}
[01:02:22]  COMMAND	DELETE 	 "/wd/hub/session/2d4cd8f6ab6117ed5e7d46695b53b7f0"
[01:02:22]  DATA		{}
