[01:05:24]  COMMAND	POST 	 "/wd/hub/session"
[01:05:24]  DATA		{"desiredCapabilities":{"javascriptEnabled":true,"locationContextEnabled":true,"handlesAlerts":true,"rotatable":true,"browserName":"chrome","loggingPrefs":{"browser":"ALL","driver":"ALL"},"requestOrigins":{"url":"http://webdriver.io","version":"4.14.1","name":"webdriverio"}}}
[01:05:24]  INFO	SET SESSION ID 6d0751fba6464eb843e6a5089e0558b3
[01:05:24]  RESULT		{"acceptInsecureCerts":false,"acceptSslCerts":false,"applicationCacheEnabled":false,"browserConnectionEnabled":false,"browserName":"chrome","chrome":{"chromedriverVersion":"2.43.600233 (523efee95e3d68b8719b3a1c83051aa63aa6b10d)","userDataDir":"/tmp/.org.chromium.Chromium.D47k3M"},"cssSelectorsEnabled":true,"databaseEnabled":false,"goog:chromeOptions":{"debuggerAddress":"localhost:35109"},"handlesAlerts":true,"hasTouchScreen":false,"javascriptEnabled":true,"locationContextEnabled":true,"mobileEmulationEnabled":false,"nativeEvents":true,"networkConnectionEnabled":false,"pageLoadStrategy":"normal","platform":"Linux","rotatable":false,"setWindowRect":true,"takesHeapSnapshot":true,"takesScreenshot":true,"unexpectedAlertBehaviour":"","version":"70.0.3538.110","webStorageEnabled":true,"webdriver.remote.sessionid":"6d0751fba6464eb843e6a5089e0558b3"}
[01:05:24]  COMMAND	POST 	 "/wd/hub/session/6d0751fba6464eb843e6a5089e0558b3/window/fullscreen"
[01:05:24]  DATA		{}
[01:05:24]  RESULT		{"height":1080,"width":1920,"x":1366,"y":0}
[01:05:24]  COMMAND	POST 	 "/wd/hub/session/6d0751fba6464eb843e6a5089e0558b3/url"
[01:05:24]  DATA		{"url":"https://vegas.williamhill.com/"}
[01:05:33]  COMMAND	POST 	 "/wd/hub/session/6d0751fba6464eb843e6a5089e0558b3/element"
[01:05:33]  DATA		{"using":"xpath","value":"//button[contains(@data-test,'game-search-button')]"}
[01:05:33]  RESULT		{"ELEMENT":"0.28429633760594464-1"}
[01:05:33]  COMMAND	POST 	 "/wd/hub/session/6d0751fba6464eb843e6a5089e0558b3/element/0.28429633760594464-1/click"
[01:05:33]  DATA		{}
[01:05:33]  COMMAND	POST 	 "/wd/hub/session/6d0751fba6464eb843e6a5089e0558b3/element"
[01:05:33]  DATA		{"using":"xpath","value":"//input[@data-test='game-search-field']"}
[01:05:33]  RESULT		{"ELEMENT":"0.28429633760594464-2"}
[01:05:33]  COMMAND	POST 	 "/wd/hub/session/6d0751fba6464eb843e6a5089e0558b3/element/0.28429633760594464-2/value"
[01:05:33]  DATA		{"value":["M","a","y","f","a","i","r"," ","R","o","(6 more items)"],"text":"Mayfair Roulette"}
[01:05:34]  COMMAND	POST 	 "/wd/hub/session/6d0751fba6464eb843e6a5089e0558b3/element"
[01:05:34]  DATA		{"using":"xpath","value":"//img[@alt='Mayfair Roulette']"}
[01:05:34]  RESULT		{"ELEMENT":"0.28429633760594464-3"}
[01:05:34]  COMMAND	POST 	 "/wd/hub/session/6d0751fba6464eb843e6a5089e0558b3/moveto"
[01:05:34]  DATA		{"element":"0.28429633760594464-3","xoffset":20,"yoffset":20}
[01:05:34]  COMMAND	POST 	 "/wd/hub/session/6d0751fba6464eb843e6a5089e0558b3/element"
[01:05:34]  DATA		{"using":"xpath","value":"//i[@class='fa fa-angle-down']"}
[01:05:54]  COMMAND	DELETE 	 "/wd/hub/session/6d0751fba6464eb843e6a5089e0558b3"
[01:05:54]  DATA		{}
