[14:52:54]  COMMAND	POST 	 "/wd/hub/session"
[14:52:54]  DATA		{"desiredCapabilities":{"javascriptEnabled":true,"locationContextEnabled":true,"handlesAlerts":true,"rotatable":true,"browserName":"chrome","width":"2000","height":"2000","loggingPrefs":{"browser":"ALL","driver":"ALL"},"requestOrigins":{"url":"http://webdriver.io","version":"4.14.1","name":"webdriverio"}}}
[14:52:54]  INFO	SET SESSION ID f28b2133d003dcbdfb41f2e0daccf7d4
[14:52:54]  RESULT		{"acceptInsecureCerts":false,"acceptSslCerts":false,"applicationCacheEnabled":false,"browserConnectionEnabled":false,"browserName":"chrome","chrome":{"chromedriverVersion":"2.43.600233 (523efee95e3d68b8719b3a1c83051aa63aa6b10d)","userDataDir":"/tmp/.org.chromium.Chromium.NjHBiY"},"cssSelectorsEnabled":true,"databaseEnabled":false,"goog:chromeOptions":{"debuggerAddress":"localhost:35111"},"handlesAlerts":true,"hasTouchScreen":false,"javascriptEnabled":true,"locationContextEnabled":true,"mobileEmulationEnabled":false,"nativeEvents":true,"networkConnectionEnabled":false,"pageLoadStrategy":"normal","platform":"Linux","rotatable":false,"setWindowRect":true,"takesHeapSnapshot":true,"takesScreenshot":true,"unexpectedAlertBehaviour":"","version":"71.0.3578.80","webStorageEnabled":true,"webdriver.remote.sessionid":"f28b2133d003dcbdfb41f2e0daccf7d4"}
[14:52:54]  COMMAND	DELETE 	 "/wd/hub/session/f28b2133d003dcbdfb41f2e0daccf7d4"
[14:52:54]  DATA		{}
[14:52:55]  COMMAND	POST 	 "/wd/hub/session"
[14:52:55]  DATA		{"desiredCapabilities":{"javascriptEnabled":true,"locationContextEnabled":true,"handlesAlerts":true,"rotatable":true,"browserName":"chrome","width":"2000","height":"2000","loggingPrefs":{"browser":"ALL","driver":"ALL"},"requestOrigins":{"url":"http://webdriver.io","version":"4.14.1","name":"webdriverio"}}}
[14:52:55]  INFO	SET SESSION ID d089983d11c1d01d1aa59b91b6fc0269
[14:52:55]  RESULT		{"acceptInsecureCerts":false,"acceptSslCerts":false,"applicationCacheEnabled":false,"browserConnectionEnabled":false,"browserName":"chrome","chrome":{"chromedriverVersion":"2.43.600233 (523efee95e3d68b8719b3a1c83051aa63aa6b10d)","userDataDir":"/tmp/.org.chromium.Chromium.Jhc2oE"},"cssSelectorsEnabled":true,"databaseEnabled":false,"goog:chromeOptions":{"debuggerAddress":"localhost:45657"},"handlesAlerts":true,"hasTouchScreen":false,"javascriptEnabled":true,"locationContextEnabled":true,"mobileEmulationEnabled":false,"nativeEvents":true,"networkConnectionEnabled":false,"pageLoadStrategy":"normal","platform":"Linux","rotatable":false,"setWindowRect":true,"takesHeapSnapshot":true,"takesScreenshot":true,"unexpectedAlertBehaviour":"","version":"71.0.3578.80","webStorageEnabled":true,"webdriver.remote.sessionid":"d089983d11c1d01d1aa59b91b6fc0269"}
[14:52:55]  COMMAND	POST 	 "/wd/hub/session/d089983d11c1d01d1aa59b91b6fc0269/url"
[14:52:55]  DATA		{"url":"https://vegas.williamhill.com/"}
[14:52:59]  COMMAND	POST 	 "/wd/hub/session/d089983d11c1d01d1aa59b91b6fc0269/element"
[14:52:59]  DATA		{"using":"xpath","value":"//button[contains(@data-test,'game-search-button')]"}
[14:52:59]  RESULT		{"ELEMENT":"0.5857207605702943-1"}
[14:52:59]  COMMAND	POST 	 "/wd/hub/session/d089983d11c1d01d1aa59b91b6fc0269/elements"
[14:52:59]  DATA		{"using":"xpath","value":"//button[contains(@data-test,'game-search-button')]"}
[14:52:59]  RESULT		[{"ELEMENT":"0.5857207605702943-1"}]
[14:52:59]  COMMAND	GET 	 "/wd/hub/session/d089983d11c1d01d1aa59b91b6fc0269/element/0.5857207605702943-1/displayed"
[14:52:59]  DATA		{}
[14:52:59]  RESULT		true
[14:52:59]  COMMAND	GET 	 "/wd/hub/session/d089983d11c1d01d1aa59b91b6fc0269/window/current/size"
[14:52:59]  DATA		{}
[14:52:59]  RESULT		{"height":1033,"width":945}
[14:52:59]  COMMAND	POST 	 "/wd/hub/session/d089983d11c1d01d1aa59b91b6fc0269/execute"
[14:52:59]  DATA		{"script":"return (function getViewportSize() {\n    return {\n        screenWidth: Math.max(document.documentElement.clientWidth, window.innerWidth || 0),\n        screenHeight: Math.max(document.documentElement.clientHeight, window.innerHeight || 0)\n    };\n}).apply(null, arguments)","args":[]}
[14:52:59]  RESULT		{"screenHeight":902,"screenWidth":937}
[14:52:59]  COMMAND	POST 	 "/wd/hub/session/d089983d11c1d01d1aa59b91b6fc0269/window/current/size"
[14:52:59]  DATA		{"width":328,"height":851}
[14:52:59]  COMMAND	POST 	 "/wd/hub/session/d089983d11c1d01d1aa59b91b6fc0269/execute"
[14:52:59]  DATA		{"script":"return (function getViewportSize() {\n    return {\n        screenWidth: Math.max(document.documentElement.clientWidth, window.innerWidth || 0),\n        screenHeight: Math.max(document.documentElement.clientHeight, window.innerHeight || 0)\n    };\n}).apply(null, arguments)","args":[]}
[14:52:59]  RESULT		{"screenHeight":720,"screenWidth":517}
[14:52:59]  COMMAND	GET 	 "/wd/hub/session/d089983d11c1d01d1aa59b91b6fc0269/window/current/size"
[14:52:59]  DATA		{}
[14:52:59]  RESULT		{"height":851,"width":525}
[14:52:59]  COMMAND	POST 	 "/wd/hub/session/d089983d11c1d01d1aa59b91b6fc0269/execute"
[14:52:59]  DATA		{"script":"return (function getViewportSize() {\n    return {\n        screenWidth: Math.max(document.documentElement.clientWidth, window.innerWidth || 0),\n        screenHeight: Math.max(document.documentElement.clientHeight, window.innerHeight || 0)\n    };\n}).apply(null, arguments)","args":[]}
[14:52:59]  RESULT		{"screenHeight":720,"screenWidth":517}
[14:52:59]  COMMAND	POST 	 "/wd/hub/session/d089983d11c1d01d1aa59b91b6fc0269/window/current/size"
[14:52:59]  DATA		{"width":328,"height":851}
[14:52:59]  COMMAND	POST 	 "/wd/hub/session/d089983d11c1d01d1aa59b91b6fc0269/execute"
[14:52:59]  DATA		{"script":"return (function getViewportSize() {\n    return {\n        screenWidth: Math.max(document.documentElement.clientWidth, window.innerWidth || 0),\n        screenHeight: Math.max(document.documentElement.clientHeight, window.innerHeight || 0)\n    };\n}).apply(null, arguments)","args":[]}
[14:52:59]  RESULT		{"screenHeight":720,"screenWidth":517}
[14:52:59]  COMMAND	GET 	 "/wd/hub/session/d089983d11c1d01d1aa59b91b6fc0269/window/current/size"
[14:52:59]  DATA		{}
[14:53:00]  RESULT		{"height":851,"width":525}
[14:53:00]  COMMAND	POST 	 "/wd/hub/session/d089983d11c1d01d1aa59b91b6fc0269/execute"
[14:53:00]  DATA		{"script":"return (function getViewportSize() {\n    return {\n        screenWidth: Math.max(document.documentElement.clientWidth, window.innerWidth || 0),\n        screenHeight: Math.max(document.documentElement.clientHeight, window.innerHeight || 0)\n    };\n}).apply(null, arguments)","args":[]}
[14:53:00]  RESULT		{"screenHeight":720,"screenWidth":517}
[14:53:00]  COMMAND	POST 	 "/wd/hub/session/d089983d11c1d01d1aa59b91b6fc0269/window/current/size"
[14:53:00]  DATA		{"width":328,"height":851}
[14:53:00]  COMMAND	POST 	 "/wd/hub/session/d089983d11c1d01d1aa59b91b6fc0269/execute"
[14:53:00]  DATA		{"script":"return (function getViewportSize() {\n    return {\n        screenWidth: Math.max(document.documentElement.clientWidth, window.innerWidth || 0),\n        screenHeight: Math.max(document.documentElement.clientHeight, window.innerHeight || 0)\n    };\n}).apply(null, arguments)","args":[]}
[14:53:00]  RESULT		{"screenHeight":720,"screenWidth":517}
[14:53:00]  COMMAND	GET 	 "/wd/hub/session/d089983d11c1d01d1aa59b91b6fc0269/window/current/size"
[14:53:00]  DATA		{}
[14:53:00]  RESULT		{"height":851,"width":525}
[14:53:00]  COMMAND	POST 	 "/wd/hub/session/d089983d11c1d01d1aa59b91b6fc0269/execute"
[14:53:00]  DATA		{"script":"return (function getViewportSize() {\n    return {\n        screenWidth: Math.max(document.documentElement.clientWidth, window.innerWidth || 0),\n        screenHeight: Math.max(document.documentElement.clientHeight, window.innerHeight || 0)\n    };\n}).apply(null, arguments)","args":[]}
[14:53:00]  RESULT		{"screenHeight":720,"screenWidth":517}
[14:53:00]  COMMAND	POST 	 "/wd/hub/session/d089983d11c1d01d1aa59b91b6fc0269/window/current/size"
[14:53:00]  DATA		{"width":328,"height":851}
[14:53:00]  COMMAND	POST 	 "/wd/hub/session/d089983d11c1d01d1aa59b91b6fc0269/execute"
[14:53:00]  DATA		{"script":"return (function getViewportSize() {\n    return {\n        screenWidth: Math.max(document.documentElement.clientWidth, window.innerWidth || 0),\n        screenHeight: Math.max(document.documentElement.clientHeight, window.innerHeight || 0)\n    };\n}).apply(null, arguments)","args":[]}
[14:53:00]  RESULT		{"screenHeight":720,"screenWidth":517}
[14:53:00]  COMMAND	GET 	 "/wd/hub/session/d089983d11c1d01d1aa59b91b6fc0269/window/current/size"
[14:53:00]  DATA		{}
[14:53:00]  RESULT		{"height":851,"width":525}
[14:53:00]  COMMAND	POST 	 "/wd/hub/session/d089983d11c1d01d1aa59b91b6fc0269/execute"
[14:53:00]  DATA		{"script":"return (function getViewportSize() {\n    return {\n        screenWidth: Math.max(document.documentElement.clientWidth, window.innerWidth || 0),\n        screenHeight: Math.max(document.documentElement.clientHeight, window.innerHeight || 0)\n    };\n}).apply(null, arguments)","args":[]}
[14:53:00]  RESULT		{"screenHeight":720,"screenWidth":517}
[14:53:00]  COMMAND	POST 	 "/wd/hub/session/d089983d11c1d01d1aa59b91b6fc0269/window/current/size"
[14:53:00]  DATA		{"width":328,"height":851}
[14:53:00]  COMMAND	POST 	 "/wd/hub/session/d089983d11c1d01d1aa59b91b6fc0269/execute"
[14:53:00]  DATA		{"script":"return (function getViewportSize() {\n    return {\n        screenWidth: Math.max(document.documentElement.clientWidth, window.innerWidth || 0),\n        screenHeight: Math.max(document.documentElement.clientHeight, window.innerHeight || 0)\n    };\n}).apply(null, arguments)","args":[]}
[14:53:00]  RESULT		{"screenHeight":720,"screenWidth":517}
[14:53:00]  COMMAND	GET 	 "/wd/hub/session/d089983d11c1d01d1aa59b91b6fc0269/window/current/size"
[14:53:00]  DATA		{}
[14:53:00]  RESULT		{"height":851,"width":525}
[14:53:00]  COMMAND	POST 	 "/wd/hub/session/d089983d11c1d01d1aa59b91b6fc0269/execute"
[14:53:00]  DATA		{"script":"return (function getViewportSize() {\n    return {\n        screenWidth: Math.max(document.documentElement.clientWidth, window.innerWidth || 0),\n        screenHeight: Math.max(document.documentElement.clientHeight, window.innerHeight || 0)\n    };\n}).apply(null, arguments)","args":[]}
[14:53:00]  RESULT		{"screenHeight":720,"screenWidth":517}
[14:53:00]  COMMAND	POST 	 "/wd/hub/session/d089983d11c1d01d1aa59b91b6fc0269/window/current/size"
[14:53:00]  DATA		{"width":328,"height":851}
[14:53:00]  COMMAND	POST 	 "/wd/hub/session/d089983d11c1d01d1aa59b91b6fc0269/execute"
[14:53:00]  DATA		{"script":"return (function getViewportSize() {\n    return {\n        screenWidth: Math.max(document.documentElement.clientWidth, window.innerWidth || 0),\n        screenHeight: Math.max(document.documentElement.clientHeight, window.innerHeight || 0)\n    };\n}).apply(null, arguments)","args":[]}
[14:53:00]  RESULT		{"screenHeight":720,"screenWidth":517}
[14:53:00]  COMMAND	POST 	 "/wd/hub/session/d089983d11c1d01d1aa59b91b6fc0269/element"
[14:53:00]  DATA		{"using":"xpath","value":"//button[normalize-space() = \"Accept & Close\"]"}
[14:53:00]  RESULT		{"ELEMENT":"0.5857207605702943-2"}
[14:53:00]  COMMAND	POST 	 "/wd/hub/session/d089983d11c1d01d1aa59b91b6fc0269/elements"
[14:53:00]  DATA		{"using":"xpath","value":"//button[normalize-space() = \"Accept & Close\"]"}
[14:53:00]  RESULT		[{"ELEMENT":"0.5857207605702943-2"}]
[14:53:00]  COMMAND	GET 	 "/wd/hub/session/d089983d11c1d01d1aa59b91b6fc0269/element/0.5857207605702943-2/displayed"
[14:53:00]  DATA		{}
[14:53:00]  RESULT		true
[14:53:00]  COMMAND	POST 	 "/wd/hub/session/d089983d11c1d01d1aa59b91b6fc0269/element"
[14:53:00]  DATA		{"using":"xpath","value":"//button[normalize-space() = \"Accept & Close\"]"}
[14:53:00]  RESULT		{"ELEMENT":"0.5857207605702943-2"}
[14:53:00]  COMMAND	POST 	 "/wd/hub/session/d089983d11c1d01d1aa59b91b6fc0269/element/0.5857207605702943-2/click"
[14:53:00]  DATA		{}
[14:53:00]  COMMAND	POST 	 "/wd/hub/session/d089983d11c1d01d1aa59b91b6fc0269/element"
[14:53:00]  DATA		{"using":"xpath","value":"//button[contains(@data-test,'game-search-button')]"}
[14:53:00]  RESULT		{"ELEMENT":"0.5857207605702943-1"}
[14:53:00]  COMMAND	POST 	 "/wd/hub/session/d089983d11c1d01d1aa59b91b6fc0269/element/0.5857207605702943-1/click"
[14:53:00]  DATA		{}
[14:53:00]  COMMAND	POST 	 "/wd/hub/session/d089983d11c1d01d1aa59b91b6fc0269/element"
[14:53:00]  DATA		{"using":"xpath","value":"//input[@data-test='game-search-field']"}
[14:53:01]  RESULT		{"ELEMENT":"0.5857207605702943-3"}
[14:53:01]  COMMAND	POST 	 "/wd/hub/session/d089983d11c1d01d1aa59b91b6fc0269/element/0.5857207605702943-3/value"
[14:53:01]  DATA		{"value":["M","a","y","f","a","i","r"," ","R","o","(6 more items)"],"text":"Mayfair Roulette"}
[14:53:01]  COMMAND	POST 	 "/wd/hub/session/d089983d11c1d01d1aa59b91b6fc0269/element"
[14:53:01]  DATA		{"using":"xpath","value":"//img[@alt='Mayfair Roulette']"}
[14:53:01]  RESULT		{"ELEMENT":"0.5857207605702943-4"}
[14:53:01]  COMMAND	POST 	 "/wd/hub/session/d089983d11c1d01d1aa59b91b6fc0269/elements"
[14:53:01]  DATA		{"using":"xpath","value":"//img[@alt='Mayfair Roulette']"}
[14:53:01]  RESULT		[{"ELEMENT":"0.5857207605702943-4"}]
[14:53:01]  COMMAND	GET 	 "/wd/hub/session/d089983d11c1d01d1aa59b91b6fc0269/element/0.5857207605702943-4/enabled"
[14:53:01]  DATA		{}
[14:53:01]  RESULT		true
[14:53:01]  COMMAND	POST 	 "/wd/hub/session/d089983d11c1d01d1aa59b91b6fc0269/element"
[14:53:01]  DATA		{"using":"xpath","value":"//img[@alt='Mayfair Roulette']"}
[14:53:01]  RESULT		{"ELEMENT":"0.5857207605702943-4"}
[14:53:01]  COMMAND	POST 	 "/wd/hub/session/d089983d11c1d01d1aa59b91b6fc0269/element/0.5857207605702943-4/click"
[14:53:01]  DATA		{}
[14:53:01]  COMMAND	POST 	 "/wd/hub/session/d089983d11c1d01d1aa59b91b6fc0269/element"
[14:53:01]  DATA		{"using":"xpath","value":"//button[@data-test='tile-details-button-play']"}
[14:53:01]  RESULT		{"ELEMENT":"0.5857207605702943-5"}
[14:53:01]  COMMAND	POST 	 "/wd/hub/session/d089983d11c1d01d1aa59b91b6fc0269/elements"
[14:53:01]  DATA		{"using":"xpath","value":"//button[@data-test='tile-details-button-play']"}
[14:53:01]  RESULT		[{"ELEMENT":"0.5857207605702943-5"}]
[14:53:01]  COMMAND	GET 	 "/wd/hub/session/d089983d11c1d01d1aa59b91b6fc0269/element/0.5857207605702943-5/displayed"
[14:53:01]  DATA		{}
[14:53:01]  RESULT		true
[14:53:01]  COMMAND	POST 	 "/wd/hub/session/d089983d11c1d01d1aa59b91b6fc0269/element"
[14:53:01]  DATA		{"using":"xpath","value":"//button[@data-test='tile-details-button-play']"}
[14:53:01]  RESULT		{"ELEMENT":"0.5857207605702943-5"}
[14:53:01]  COMMAND	POST 	 "/wd/hub/session/d089983d11c1d01d1aa59b91b6fc0269/element/0.5857207605702943-5/click"
[14:53:01]  DATA		{}
[14:53:01]  COMMAND	DELETE 	 "/wd/hub/session/d089983d11c1d01d1aa59b91b6fc0269"
[14:53:01]  DATA		{}
