[20:03:21]  COMMAND	POST 	 "/wd/hub/session"
[20:03:21]  DATA		{"desiredCapabilities":{"javascriptEnabled":true,"locationContextEnabled":true,"handlesAlerts":true,"rotatable":true,"browserName":"chrome","width":"2000","height":"2000","loggingPrefs":{"browser":"ALL","driver":"ALL"},"requestOrigins":{"url":"http://webdriver.io","version":"4.14.1","name":"webdriverio"}}}
[20:03:21]  INFO	SET SESSION ID a306ba7c9294f6a9ea12a6668a239b7b
[20:03:21]  RESULT		{"acceptInsecureCerts":false,"acceptSslCerts":false,"applicationCacheEnabled":false,"browserConnectionEnabled":false,"browserName":"chrome","chrome":{"chromedriverVersion":"2.43.600233 (523efee95e3d68b8719b3a1c83051aa63aa6b10d)","userDataDir":"/tmp/.org.chromium.Chromium.LdBOTp"},"cssSelectorsEnabled":true,"databaseEnabled":false,"goog:chromeOptions":{"debuggerAddress":"localhost:36095"},"handlesAlerts":true,"hasTouchScreen":false,"javascriptEnabled":true,"locationContextEnabled":true,"mobileEmulationEnabled":false,"nativeEvents":true,"networkConnectionEnabled":false,"pageLoadStrategy":"normal","platform":"Linux","rotatable":false,"setWindowRect":true,"takesHeapSnapshot":true,"takesScreenshot":true,"unexpectedAlertBehaviour":"","version":"71.0.3578.80","webStorageEnabled":true,"webdriver.remote.sessionid":"a306ba7c9294f6a9ea12a6668a239b7b"}
[20:03:21]  COMMAND	GET 	 "/wd/hub/session/a306ba7c9294f6a9ea12a6668a239b7b/window/current/size"
[20:03:21]  DATA		{}
[20:03:21]  RESULT		{"height":721,"width":1050}
[20:03:21]  COMMAND	POST 	 "/wd/hub/session/a306ba7c9294f6a9ea12a6668a239b7b/execute"
[20:03:21]  DATA		{"script":"return (function getViewportSize() {\n    return {\n        screenWidth: Math.max(document.documentElement.clientWidth, window.innerWidth || 0),\n        screenHeight: Math.max(document.documentElement.clientHeight, window.innerHeight || 0)\n    };\n}).apply(null, arguments)","args":[]}
[20:03:21]  RESULT		{"screenHeight":590,"screenWidth":1042}
[20:03:21]  COMMAND	POST 	 "/wd/hub/session/a306ba7c9294f6a9ea12a6668a239b7b/window/current/size"
[20:03:21]  DATA		{"width":328,"height":851}
[20:03:22]  COMMAND	POST 	 "/wd/hub/session/a306ba7c9294f6a9ea12a6668a239b7b/execute"
[20:03:22]  DATA		{"script":"return (function getViewportSize() {\n    return {\n        screenWidth: Math.max(document.documentElement.clientWidth, window.innerWidth || 0),\n        screenHeight: Math.max(document.documentElement.clientHeight, window.innerHeight || 0)\n    };\n}).apply(null, arguments)","args":[]}
[20:03:22]  RESULT		{"screenHeight":610,"screenWidth":601}
[20:03:22]  COMMAND	GET 	 "/wd/hub/session/a306ba7c9294f6a9ea12a6668a239b7b/window/current/size"
[20:03:22]  DATA		{}
[20:03:22]  RESULT		{"height":741,"width":609}
[20:03:22]  COMMAND	POST 	 "/wd/hub/session/a306ba7c9294f6a9ea12a6668a239b7b/execute"
[20:03:22]  DATA		{"script":"return (function getViewportSize() {\n    return {\n        screenWidth: Math.max(document.documentElement.clientWidth, window.innerWidth || 0),\n        screenHeight: Math.max(document.documentElement.clientHeight, window.innerHeight || 0)\n    };\n}).apply(null, arguments)","args":[]}
[20:03:22]  RESULT		{"screenHeight":610,"screenWidth":601}
[20:03:22]  COMMAND	POST 	 "/wd/hub/session/a306ba7c9294f6a9ea12a6668a239b7b/window/current/size"
[20:03:22]  DATA		{"width":328,"height":851}
[20:03:22]  COMMAND	POST 	 "/wd/hub/session/a306ba7c9294f6a9ea12a6668a239b7b/execute"
[20:03:22]  DATA		{"script":"return (function getViewportSize() {\n    return {\n        screenWidth: Math.max(document.documentElement.clientWidth, window.innerWidth || 0),\n        screenHeight: Math.max(document.documentElement.clientHeight, window.innerHeight || 0)\n    };\n}).apply(null, arguments)","args":[]}
[20:03:22]  RESULT		{"screenHeight":610,"screenWidth":601}
[20:03:22]  COMMAND	GET 	 "/wd/hub/session/a306ba7c9294f6a9ea12a6668a239b7b/window/current/size"
[20:03:22]  DATA		{}
[20:03:22]  RESULT		{"height":741,"width":609}
[20:03:22]  COMMAND	POST 	 "/wd/hub/session/a306ba7c9294f6a9ea12a6668a239b7b/execute"
[20:03:22]  DATA		{"script":"return (function getViewportSize() {\n    return {\n        screenWidth: Math.max(document.documentElement.clientWidth, window.innerWidth || 0),\n        screenHeight: Math.max(document.documentElement.clientHeight, window.innerHeight || 0)\n    };\n}).apply(null, arguments)","args":[]}
[20:03:22]  RESULT		{"screenHeight":610,"screenWidth":601}
[20:03:22]  COMMAND	POST 	 "/wd/hub/session/a306ba7c9294f6a9ea12a6668a239b7b/window/current/size"
[20:03:22]  DATA		{"width":328,"height":851}
[20:03:22]  COMMAND	POST 	 "/wd/hub/session/a306ba7c9294f6a9ea12a6668a239b7b/execute"
[20:03:22]  DATA		{"script":"return (function getViewportSize() {\n    return {\n        screenWidth: Math.max(document.documentElement.clientWidth, window.innerWidth || 0),\n        screenHeight: Math.max(document.documentElement.clientHeight, window.innerHeight || 0)\n    };\n}).apply(null, arguments)","args":[]}
[20:03:22]  RESULT		{"screenHeight":610,"screenWidth":601}
[20:03:22]  COMMAND	GET 	 "/wd/hub/session/a306ba7c9294f6a9ea12a6668a239b7b/window/current/size"
[20:03:22]  DATA		{}
[20:03:22]  RESULT		{"height":741,"width":609}
[20:03:22]  COMMAND	POST 	 "/wd/hub/session/a306ba7c9294f6a9ea12a6668a239b7b/execute"
[20:03:22]  DATA		{"script":"return (function getViewportSize() {\n    return {\n        screenWidth: Math.max(document.documentElement.clientWidth, window.innerWidth || 0),\n        screenHeight: Math.max(document.documentElement.clientHeight, window.innerHeight || 0)\n    };\n}).apply(null, arguments)","args":[]}
[20:03:22]  RESULT		{"screenHeight":610,"screenWidth":601}
[20:03:22]  COMMAND	POST 	 "/wd/hub/session/a306ba7c9294f6a9ea12a6668a239b7b/window/current/size"
[20:03:22]  DATA		{"width":328,"height":851}
[20:03:22]  COMMAND	POST 	 "/wd/hub/session/a306ba7c9294f6a9ea12a6668a239b7b/execute"
[20:03:22]  DATA		{"script":"return (function getViewportSize() {\n    return {\n        screenWidth: Math.max(document.documentElement.clientWidth, window.innerWidth || 0),\n        screenHeight: Math.max(document.documentElement.clientHeight, window.innerHeight || 0)\n    };\n}).apply(null, arguments)","args":[]}
[20:03:22]  RESULT		{"screenHeight":610,"screenWidth":601}
[20:03:22]  COMMAND	GET 	 "/wd/hub/session/a306ba7c9294f6a9ea12a6668a239b7b/window/current/size"
[20:03:22]  DATA		{}
[20:03:22]  RESULT		{"height":741,"width":609}
[20:03:22]  COMMAND	POST 	 "/wd/hub/session/a306ba7c9294f6a9ea12a6668a239b7b/execute"
[20:03:22]  DATA		{"script":"return (function getViewportSize() {\n    return {\n        screenWidth: Math.max(document.documentElement.clientWidth, window.innerWidth || 0),\n        screenHeight: Math.max(document.documentElement.clientHeight, window.innerHeight || 0)\n    };\n}).apply(null, arguments)","args":[]}
[20:03:22]  RESULT		{"screenHeight":610,"screenWidth":601}
[20:03:22]  COMMAND	POST 	 "/wd/hub/session/a306ba7c9294f6a9ea12a6668a239b7b/window/current/size"
[20:03:22]  DATA		{"width":328,"height":851}
[20:03:22]  COMMAND	POST 	 "/wd/hub/session/a306ba7c9294f6a9ea12a6668a239b7b/execute"
[20:03:22]  DATA		{"script":"return (function getViewportSize() {\n    return {\n        screenWidth: Math.max(document.documentElement.clientWidth, window.innerWidth || 0),\n        screenHeight: Math.max(document.documentElement.clientHeight, window.innerHeight || 0)\n    };\n}).apply(null, arguments)","args":[]}
[20:03:22]  RESULT		{"screenHeight":610,"screenWidth":601}
[20:03:22]  COMMAND	GET 	 "/wd/hub/session/a306ba7c9294f6a9ea12a6668a239b7b/window/current/size"
[20:03:22]  DATA		{}
[20:03:22]  RESULT		{"height":741,"width":609}
[20:03:22]  COMMAND	POST 	 "/wd/hub/session/a306ba7c9294f6a9ea12a6668a239b7b/execute"
[20:03:22]  DATA		{"script":"return (function getViewportSize() {\n    return {\n        screenWidth: Math.max(document.documentElement.clientWidth, window.innerWidth || 0),\n        screenHeight: Math.max(document.documentElement.clientHeight, window.innerHeight || 0)\n    };\n}).apply(null, arguments)","args":[]}
[20:03:22]  RESULT		{"screenHeight":610,"screenWidth":601}
[20:03:22]  COMMAND	POST 	 "/wd/hub/session/a306ba7c9294f6a9ea12a6668a239b7b/window/current/size"
[20:03:22]  DATA		{"width":328,"height":851}
[20:03:22]  COMMAND	POST 	 "/wd/hub/session/a306ba7c9294f6a9ea12a6668a239b7b/execute"
[20:03:22]  DATA		{"script":"return (function getViewportSize() {\n    return {\n        screenWidth: Math.max(document.documentElement.clientWidth, window.innerWidth || 0),\n        screenHeight: Math.max(document.documentElement.clientHeight, window.innerHeight || 0)\n    };\n}).apply(null, arguments)","args":[]}
[20:03:22]  RESULT		{"screenHeight":610,"screenWidth":601}
[20:03:22]  COMMAND	POST 	 "/wd/hub/session/a306ba7c9294f6a9ea12a6668a239b7b/url"
[20:03:22]  DATA		{"url":"https://vegas.williamhill.com/"}
[20:03:27]  COMMAND	POST 	 "/wd/hub/session/a306ba7c9294f6a9ea12a6668a239b7b/element"
[20:03:27]  DATA		{"using":"xpath","value":"//button[contains(@data-test,'game-search-button')]"}
[20:03:27]  RESULT		{"ELEMENT":"0.22429653723680332-1"}
[20:03:27]  COMMAND	POST 	 "/wd/hub/session/a306ba7c9294f6a9ea12a6668a239b7b/elements"
[20:03:27]  DATA		{"using":"xpath","value":"//button[contains(@data-test,'game-search-button')]"}
[20:03:27]  RESULT		[{"ELEMENT":"0.22429653723680332-1"}]
[20:03:27]  COMMAND	GET 	 "/wd/hub/session/a306ba7c9294f6a9ea12a6668a239b7b/element/0.22429653723680332-1/displayed"
[20:03:27]  DATA		{}
[20:03:27]  RESULT		true
[20:03:27]  COMMAND	POST 	 "/wd/hub/session/a306ba7c9294f6a9ea12a6668a239b7b/element"
[20:03:27]  DATA		{"using":"xpath","value":"//button[contains(@data-test,'game-search-button')]"}
[20:03:27]  RESULT		{"ELEMENT":"0.22429653723680332-1"}
[20:03:28]  COMMAND	POST 	 "/wd/hub/session/a306ba7c9294f6a9ea12a6668a239b7b/element/0.22429653723680332-1/click"
[20:03:28]  DATA		{}
[20:03:28]  COMMAND	POST 	 "/wd/hub/session/a306ba7c9294f6a9ea12a6668a239b7b/element"
[20:03:28]  DATA		{"using":"xpath","value":"//input[@data-test='game-search-field']"}
[20:03:28]  RESULT		{"ELEMENT":"0.22429653723680332-2"}
[20:03:28]  COMMAND	POST 	 "/wd/hub/session/a306ba7c9294f6a9ea12a6668a239b7b/element/0.22429653723680332-2/value"
[20:03:28]  DATA		{"value":["M","a","y","f","a","i","r"," ","R","o","(6 more items)"],"text":"Mayfair Roulette"}
[20:03:28]  COMMAND	POST 	 "/wd/hub/session/a306ba7c9294f6a9ea12a6668a239b7b/element"
[20:03:28]  DATA		{"using":"xpath","value":"//img[@alt='Mayfair Roulette']"}
[20:03:28]  COMMAND	POST 	 "/wd/hub/session/a306ba7c9294f6a9ea12a6668a239b7b/elements"
[20:03:28]  DATA		{"using":"xpath","value":"//img[@alt='Mayfair Roulette']"}
[20:03:28]  RESULT		[]
[20:03:28]  COMMAND	POST 	 "/wd/hub/session/a306ba7c9294f6a9ea12a6668a239b7b/elements"
[20:03:28]  DATA		{"using":"xpath","value":"//img[@alt='Mayfair Roulette']"}
[20:03:28]  RESULT		[{"ELEMENT":"0.22429653723680332-3"}]
[20:03:28]  COMMAND	GET 	 "/wd/hub/session/a306ba7c9294f6a9ea12a6668a239b7b/element/0.22429653723680332-3/displayed"
[20:03:28]  DATA		{}
[20:03:28]  RESULT		true
[20:03:28]  COMMAND	POST 	 "/wd/hub/session/a306ba7c9294f6a9ea12a6668a239b7b/element"
[20:03:28]  DATA		{"using":"xpath","value":"//img[@alt='Mayfair Roulette']"}
[20:03:28]  RESULT		{"ELEMENT":"0.22429653723680332-3"}
[20:03:28]  COMMAND	POST 	 "/wd/hub/session/a306ba7c9294f6a9ea12a6668a239b7b/element/0.22429653723680332-3/click"
[20:03:28]  DATA		{}
[20:03:29]  COMMAND	POST 	 "/wd/hub/session/a306ba7c9294f6a9ea12a6668a239b7b/element"
[20:03:29]  DATA		{"using":"xpath","value":"//button[@data-test='tile-details-button-play']"}
[20:03:29]  RESULT		{"ELEMENT":"0.22429653723680332-4"}
[20:03:29]  COMMAND	POST 	 "/wd/hub/session/a306ba7c9294f6a9ea12a6668a239b7b/elements"
[20:03:29]  DATA		{"using":"xpath","value":"//button[@data-test='tile-details-button-play']"}
[20:03:29]  RESULT		[{"ELEMENT":"0.22429653723680332-4"}]
[20:03:29]  COMMAND	GET 	 "/wd/hub/session/a306ba7c9294f6a9ea12a6668a239b7b/element/0.22429653723680332-4/displayed"
[20:03:29]  DATA		{}
[20:03:29]  RESULT		true
[20:03:29]  COMMAND	POST 	 "/wd/hub/session/a306ba7c9294f6a9ea12a6668a239b7b/element"
[20:03:29]  DATA		{"using":"xpath","value":"//button[@data-test='tile-details-button-play']"}
[20:03:29]  RESULT		{"ELEMENT":"0.22429653723680332-4"}
[20:03:29]  COMMAND	POST 	 "/wd/hub/session/a306ba7c9294f6a9ea12a6668a239b7b/execute"
[20:03:29]  DATA		{"script":"return (function scroll(x, y) {\n    return window.scrollTo(x, y);\n}).apply(null, arguments)","args":[0,300]}
[20:03:29]  COMMAND	POST 	 "/wd/hub/session/a306ba7c9294f6a9ea12a6668a239b7b/element"
[20:03:29]  DATA		{"using":"xpath","value":"//button[@data-test='tile-details-button-play']"}
[20:03:29]  RESULT		{"ELEMENT":"0.22429653723680332-4"}
[20:03:29]  COMMAND	POST 	 "/wd/hub/session/a306ba7c9294f6a9ea12a6668a239b7b/element/0.22429653723680332-4/click"
[20:03:29]  DATA		{}
[20:03:29]  COMMAND	DELETE 	 "/wd/hub/session/a306ba7c9294f6a9ea12a6668a239b7b"
[20:03:29]  DATA		{}
