[13:46:45]  COMMAND	POST 	 "/wd/hub/session"
[13:46:45]  DATA		{"desiredCapabilities":{"javascriptEnabled":true,"locationContextEnabled":true,"handlesAlerts":true,"rotatable":true,"browserName":"chrome","loggingPrefs":{"browser":"ALL","driver":"ALL"},"requestOrigins":{"url":"http://webdriver.io","version":"4.14.1","name":"webdriverio"}}}
[13:46:45]  INFO	SET SESSION ID 66c3c8b7d49b0710fdd3030011efe7f6
[13:46:45]  RESULT		{"acceptInsecureCerts":false,"acceptSslCerts":false,"applicationCacheEnabled":false,"browserConnectionEnabled":false,"browserName":"chrome","chrome":{"chromedriverVersion":"2.43.600233 (523efee95e3d68b8719b3a1c83051aa63aa6b10d)","userDataDir":"/tmp/.org.chromium.Chromium.GYlQFd"},"cssSelectorsEnabled":true,"databaseEnabled":false,"goog:chromeOptions":{"debuggerAddress":"localhost:45695"},"handlesAlerts":true,"hasTouchScreen":false,"javascriptEnabled":true,"locationContextEnabled":true,"mobileEmulationEnabled":false,"nativeEvents":true,"networkConnectionEnabled":false,"pageLoadStrategy":"normal","platform":"Linux","rotatable":false,"setWindowRect":true,"takesHeapSnapshot":true,"takesScreenshot":true,"unexpectedAlertBehaviour":"","version":"71.0.3578.80","webStorageEnabled":true,"webdriver.remote.sessionid":"66c3c8b7d49b0710fdd3030011efe7f6"}
[13:46:45]  COMMAND	GET 	 "/wd/hub/session/66c3c8b7d49b0710fdd3030011efe7f6/window/current/size"
[13:46:45]  DATA		{}
[13:46:45]  RESULT		{"height":1033,"width":945}
[13:46:45]  COMMAND	POST 	 "/wd/hub/session/66c3c8b7d49b0710fdd3030011efe7f6/execute"
[13:46:45]  DATA		{"script":"return (function getViewportSize() {\n    return {\n        screenWidth: Math.max(document.documentElement.clientWidth, window.innerWidth || 0),\n        screenHeight: Math.max(document.documentElement.clientHeight, window.innerHeight || 0)\n    };\n}).apply(null, arguments)","args":[]}
[13:46:45]  RESULT		{"screenHeight":902,"screenWidth":937}
[13:46:45]  COMMAND	POST 	 "/wd/hub/session/66c3c8b7d49b0710fdd3030011efe7f6/window/current/size"
[13:46:45]  DATA		{"width":1374,"height":899}
[13:46:45]  COMMAND	POST 	 "/wd/hub/session/66c3c8b7d49b0710fdd3030011efe7f6/execute"
[13:46:45]  DATA		{"script":"return (function getViewportSize() {\n    return {\n        screenWidth: Math.max(document.documentElement.clientWidth, window.innerWidth || 0),\n        screenHeight: Math.max(document.documentElement.clientHeight, window.innerHeight || 0)\n    };\n}).apply(null, arguments)","args":[]}
[13:46:45]  RESULT		{"screenHeight":768,"screenWidth":1366}
[13:46:45]  COMMAND	POST 	 "/wd/hub/session/66c3c8b7d49b0710fdd3030011efe7f6/url"
[13:46:45]  DATA		{"url":"https://vegas.williamhill.com/"}
[13:46:49]  COMMAND	POST 	 "/wd/hub/session/66c3c8b7d49b0710fdd3030011efe7f6/element"
[13:46:49]  DATA		{"using":"xpath","value":"//button[contains(@data-test,'game-search-button')]"}
[13:46:49]  RESULT		{"ELEMENT":"0.7175959053993719-1"}
[13:46:49]  COMMAND	POST 	 "/wd/hub/session/66c3c8b7d49b0710fdd3030011efe7f6/elements"
[13:46:49]  DATA		{"using":"xpath","value":"//button[contains(@data-test,'game-search-button')]"}
[13:46:49]  RESULT		[{"ELEMENT":"0.7175959053993719-1"}]
[13:46:49]  COMMAND	GET 	 "/wd/hub/session/66c3c8b7d49b0710fdd3030011efe7f6/element/0.7175959053993719-1/displayed"
[13:46:49]  DATA		{}
[13:46:49]  RESULT		true
[13:46:49]  COMMAND	POST 	 "/wd/hub/session/66c3c8b7d49b0710fdd3030011efe7f6/element"
[13:46:49]  DATA		{"using":"xpath","value":"//button[contains(@data-test,'game-search-button')]"}
[13:46:49]  RESULT		{"ELEMENT":"0.7175959053993719-1"}
[13:46:49]  COMMAND	POST 	 "/wd/hub/session/66c3c8b7d49b0710fdd3030011efe7f6/element/0.7175959053993719-1/click"
[13:46:49]  DATA		{}
[13:46:50]  COMMAND	POST 	 "/wd/hub/session/66c3c8b7d49b0710fdd3030011efe7f6/element"
[13:46:50]  DATA		{"using":"xpath","value":"//input[@data-test='game-search-field']"}
[13:46:50]  RESULT		{"ELEMENT":"0.7175959053993719-2"}
[13:46:50]  COMMAND	POST 	 "/wd/hub/session/66c3c8b7d49b0710fdd3030011efe7f6/element/0.7175959053993719-2/value"
[13:46:50]  DATA		{"value":["M","a","y","f","a","i","r"," ","R","o","(6 more items)"],"text":"Mayfair Roulette"}
[13:46:50]  COMMAND	POST 	 "/wd/hub/session/66c3c8b7d49b0710fdd3030011efe7f6/element"
[13:46:50]  DATA		{"using":"xpath","value":"//img[@alt='Mayfair Roulette']"}
[13:46:50]  RESULT		{"ELEMENT":"0.7175959053993719-3"}
[13:46:50]  COMMAND	POST 	 "/wd/hub/session/66c3c8b7d49b0710fdd3030011efe7f6/elements"
[13:46:50]  DATA		{"using":"xpath","value":"//img[@alt='Mayfair Roulette']"}
[13:46:50]  RESULT		[{"ELEMENT":"0.7175959053993719-3"}]
[13:46:50]  COMMAND	GET 	 "/wd/hub/session/66c3c8b7d49b0710fdd3030011efe7f6/element/0.7175959053993719-3/displayed"
[13:46:50]  DATA		{}
[13:46:51]  COMMAND	POST 	 "/wd/hub/session/66c3c8b7d49b0710fdd3030011efe7f6/elements"
[13:46:51]  DATA		{"using":"xpath","value":"//img[@alt='Mayfair Roulette']"}
[13:46:51]  RESULT		[{"ELEMENT":"0.7175959053993719-4"}]
[13:46:51]  COMMAND	GET 	 "/wd/hub/session/66c3c8b7d49b0710fdd3030011efe7f6/element/0.7175959053993719-4/displayed"
[13:46:51]  DATA		{}
[13:46:51]  RESULT		true
[13:46:51]  COMMAND	POST 	 "/wd/hub/session/66c3c8b7d49b0710fdd3030011efe7f6/element"
[13:46:51]  DATA		{"using":"xpath","value":"//img[@alt='Mayfair Roulette']"}
[13:46:51]  RESULT		{"ELEMENT":"0.7175959053993719-4"}
[13:46:51]  COMMAND	POST 	 "/wd/hub/session/66c3c8b7d49b0710fdd3030011efe7f6/moveto"
[13:46:51]  DATA		{"element":"0.7175959053993719-4"}
[13:46:51]  COMMAND	POST 	 "/wd/hub/session/66c3c8b7d49b0710fdd3030011efe7f6/element"
[13:46:51]  DATA		{"using":"xpath","value":"//button[@data-test='tile-menu-button-more']"}
[13:46:51]  COMMAND	POST 	 "/wd/hub/session/66c3c8b7d49b0710fdd3030011efe7f6/elements"
[13:46:51]  DATA		{"using":"xpath","value":"//button[@data-test='tile-menu-button-more']"}
[13:46:51]  RESULT		[]
[13:46:51]  COMMAND	POST 	 "/wd/hub/session/66c3c8b7d49b0710fdd3030011efe7f6/elements"
[13:46:51]  DATA		{"using":"xpath","value":"//button[@data-test='tile-menu-button-more']"}
[13:46:51]  RESULT		[{"ELEMENT":"0.7175959053993719-5"}]
[13:46:51]  COMMAND	GET 	 "/wd/hub/session/66c3c8b7d49b0710fdd3030011efe7f6/element/0.7175959053993719-5/displayed"
[13:46:51]  DATA		{}
[13:46:52]  COMMAND	POST 	 "/wd/hub/session/66c3c8b7d49b0710fdd3030011efe7f6/elements"
[13:46:52]  DATA		{"using":"xpath","value":"//button[@data-test='tile-menu-button-more']"}
[13:46:52]  RESULT		[{"ELEMENT":"0.7175959053993719-5"}]
[13:46:52]  COMMAND	GET 	 "/wd/hub/session/66c3c8b7d49b0710fdd3030011efe7f6/element/0.7175959053993719-5/displayed"
[13:46:52]  DATA		{}
[13:46:52]  RESULT		true
[13:46:52]  COMMAND	POST 	 "/wd/hub/session/66c3c8b7d49b0710fdd3030011efe7f6/element"
[13:46:52]  DATA		{"using":"xpath","value":"//button[@data-test='tile-menu-button-more']"}
[13:46:52]  RESULT		{"ELEMENT":"0.7175959053993719-5"}
[13:46:52]  COMMAND	POST 	 "/wd/hub/session/66c3c8b7d49b0710fdd3030011efe7f6/element/0.7175959053993719-5/click"
[13:46:52]  DATA		{}
[13:46:52]  COMMAND	POST 	 "/wd/hub/session/66c3c8b7d49b0710fdd3030011efe7f6/element"
[13:46:52]  DATA		{"using":"xpath","value":"//button[@data-test='tile-details-button-play']"}
[13:46:52]  RESULT		{"ELEMENT":"0.7175959053993719-6"}
[13:46:52]  COMMAND	POST 	 "/wd/hub/session/66c3c8b7d49b0710fdd3030011efe7f6/elements"
[13:46:52]  DATA		{"using":"xpath","value":"//button[@data-test='tile-details-button-play']"}
[13:46:52]  RESULT		[{"ELEMENT":"0.7175959053993719-6"}]
[13:46:52]  COMMAND	GET 	 "/wd/hub/session/66c3c8b7d49b0710fdd3030011efe7f6/element/0.7175959053993719-6/displayed"
[13:46:52]  DATA		{}
[13:46:52]  RESULT		true
[13:46:52]  COMMAND	POST 	 "/wd/hub/session/66c3c8b7d49b0710fdd3030011efe7f6/element"
[13:46:52]  DATA		{"using":"xpath","value":"//button[@data-test='tile-details-button-play']"}
[13:46:52]  RESULT		{"ELEMENT":"0.7175959053993719-6"}
[13:46:52]  COMMAND	POST 	 "/wd/hub/session/66c3c8b7d49b0710fdd3030011efe7f6/execute"
[13:46:52]  DATA		{"script":"return (function scroll(x, y) {\n    return window.scrollTo(x, y);\n}).apply(null, arguments)","args":[0,300]}
[13:46:52]  COMMAND	POST 	 "/wd/hub/session/66c3c8b7d49b0710fdd3030011efe7f6/element"
[13:46:52]  DATA		{"using":"xpath","value":"//button[@data-test='tile-details-button-play']"}
[13:46:52]  RESULT		{"ELEMENT":"0.7175959053993719-6"}
[13:46:52]  COMMAND	POST 	 "/wd/hub/session/66c3c8b7d49b0710fdd3030011efe7f6/element/0.7175959053993719-6/click"
[13:46:52]  DATA		{}
[13:46:52]  COMMAND	POST 	 "/wd/hub/session/66c3c8b7d49b0710fdd3030011efe7f6/element"
[13:46:52]  DATA		{"using":"xpath","value":"//input[@id='login-form-username']"}
[13:46:52]  COMMAND	POST 	 "/wd/hub/session/66c3c8b7d49b0710fdd3030011efe7f6/elements"
[13:46:52]  DATA		{"using":"xpath","value":"//input[@id='login-form-username']"}
[13:46:52]  RESULT		[]
[13:46:52]  COMMAND	GET 	 "/wd/hub/session/66c3c8b7d49b0710fdd3030011efe7f6/window/current/size"
[13:46:52]  DATA		{}
[13:46:52]  RESULT		{"height":899,"width":1374}
[13:46:52]  COMMAND	POST 	 "/wd/hub/session/66c3c8b7d49b0710fdd3030011efe7f6/execute"
[13:46:52]  DATA		{"script":"return (function getViewportSize() {\n    return {\n        screenWidth: Math.max(document.documentElement.clientWidth, window.innerWidth || 0),\n        screenHeight: Math.max(document.documentElement.clientHeight, window.innerHeight || 0)\n    };\n}).apply(null, arguments)","args":[]}
[13:46:52]  RESULT		{"screenHeight":768,"screenWidth":1366}
[13:46:52]  COMMAND	POST 	 "/wd/hub/session/66c3c8b7d49b0710fdd3030011efe7f6/window/current/size"
[13:46:52]  DATA		{"width":328,"height":851}
[13:46:52]  COMMAND	POST 	 "/wd/hub/session/66c3c8b7d49b0710fdd3030011efe7f6/execute"
[13:46:52]  DATA		{"script":"return (function getViewportSize() {\n    return {\n        screenWidth: Math.max(document.documentElement.clientWidth, window.innerWidth || 0),\n        screenHeight: Math.max(document.documentElement.clientHeight, window.innerHeight || 0)\n    };\n}).apply(null, arguments)","args":[]}
[13:46:53]  RESULT		{"screenHeight":720,"screenWidth":517}
[13:46:53]  COMMAND	GET 	 "/wd/hub/session/66c3c8b7d49b0710fdd3030011efe7f6/window/current/size"
[13:46:53]  DATA		{}
[13:46:53]  RESULT		{"height":851,"width":525}
[13:46:53]  COMMAND	POST 	 "/wd/hub/session/66c3c8b7d49b0710fdd3030011efe7f6/execute"
[13:46:53]  DATA		{"script":"return (function getViewportSize() {\n    return {\n        screenWidth: Math.max(document.documentElement.clientWidth, window.innerWidth || 0),\n        screenHeight: Math.max(document.documentElement.clientHeight, window.innerHeight || 0)\n    };\n}).apply(null, arguments)","args":[]}
[13:46:53]  RESULT		{"screenHeight":720,"screenWidth":517}
[13:46:53]  COMMAND	POST 	 "/wd/hub/session/66c3c8b7d49b0710fdd3030011efe7f6/window/current/size"
[13:46:53]  DATA		{"width":328,"height":851}
[13:46:53]  COMMAND	POST 	 "/wd/hub/session/66c3c8b7d49b0710fdd3030011efe7f6/execute"
[13:46:53]  DATA		{"script":"return (function getViewportSize() {\n    return {\n        screenWidth: Math.max(document.documentElement.clientWidth, window.innerWidth || 0),\n        screenHeight: Math.max(document.documentElement.clientHeight, window.innerHeight || 0)\n    };\n}).apply(null, arguments)","args":[]}
[13:46:53]  RESULT		{"screenHeight":720,"screenWidth":517}
[13:46:53]  COMMAND	GET 	 "/wd/hub/session/66c3c8b7d49b0710fdd3030011efe7f6/window/current/size"
[13:46:53]  DATA		{}
[13:46:53]  RESULT		{"height":851,"width":525}
[13:46:53]  COMMAND	POST 	 "/wd/hub/session/66c3c8b7d49b0710fdd3030011efe7f6/execute"
[13:46:53]  DATA		{"script":"return (function getViewportSize() {\n    return {\n        screenWidth: Math.max(document.documentElement.clientWidth, window.innerWidth || 0),\n        screenHeight: Math.max(document.documentElement.clientHeight, window.innerHeight || 0)\n    };\n}).apply(null, arguments)","args":[]}
[13:46:53]  RESULT		{"screenHeight":720,"screenWidth":517}
[13:46:53]  COMMAND	POST 	 "/wd/hub/session/66c3c8b7d49b0710fdd3030011efe7f6/window/current/size"
[13:46:53]  DATA		{"width":328,"height":851}
[13:46:53]  COMMAND	POST 	 "/wd/hub/session/66c3c8b7d49b0710fdd3030011efe7f6/execute"
[13:46:53]  DATA		{"script":"return (function getViewportSize() {\n    return {\n        screenWidth: Math.max(document.documentElement.clientWidth, window.innerWidth || 0),\n        screenHeight: Math.max(document.documentElement.clientHeight, window.innerHeight || 0)\n    };\n}).apply(null, arguments)","args":[]}
[13:46:53]  RESULT		{"screenHeight":720,"screenWidth":517}
[13:46:53]  COMMAND	GET 	 "/wd/hub/session/66c3c8b7d49b0710fdd3030011efe7f6/window/current/size"
[13:46:53]  DATA		{}
[13:46:53]  RESULT		{"height":851,"width":525}
[13:46:53]  COMMAND	POST 	 "/wd/hub/session/66c3c8b7d49b0710fdd3030011efe7f6/execute"
[13:46:53]  DATA		{"script":"return (function getViewportSize() {\n    return {\n        screenWidth: Math.max(document.documentElement.clientWidth, window.innerWidth || 0),\n        screenHeight: Math.max(document.documentElement.clientHeight, window.innerHeight || 0)\n    };\n}).apply(null, arguments)","args":[]}
[13:46:53]  RESULT		{"screenHeight":720,"screenWidth":517}
[13:46:53]  COMMAND	POST 	 "/wd/hub/session/66c3c8b7d49b0710fdd3030011efe7f6/window/current/size"
[13:46:53]  DATA		{"width":328,"height":851}
[13:46:53]  COMMAND	POST 	 "/wd/hub/session/66c3c8b7d49b0710fdd3030011efe7f6/execute"
[13:46:53]  DATA		{"script":"return (function getViewportSize() {\n    return {\n        screenWidth: Math.max(document.documentElement.clientWidth, window.innerWidth || 0),\n        screenHeight: Math.max(document.documentElement.clientHeight, window.innerHeight || 0)\n    };\n}).apply(null, arguments)","args":[]}
[13:46:53]  RESULT		{"screenHeight":720,"screenWidth":517}
[13:46:53]  COMMAND	GET 	 "/wd/hub/session/66c3c8b7d49b0710fdd3030011efe7f6/window/current/size"
[13:46:53]  DATA		{}
[13:46:53]  RESULT		{"height":851,"width":525}
[13:46:53]  COMMAND	POST 	 "/wd/hub/session/66c3c8b7d49b0710fdd3030011efe7f6/execute"
[13:46:53]  DATA		{"script":"return (function getViewportSize() {\n    return {\n        screenWidth: Math.max(document.documentElement.clientWidth, window.innerWidth || 0),\n        screenHeight: Math.max(document.documentElement.clientHeight, window.innerHeight || 0)\n    };\n}).apply(null, arguments)","args":[]}
[13:46:53]  RESULT		{"screenHeight":720,"screenWidth":517}
[13:46:53]  COMMAND	POST 	 "/wd/hub/session/66c3c8b7d49b0710fdd3030011efe7f6/window/current/size"
[13:46:53]  DATA		{"width":328,"height":851}
[13:46:53]  COMMAND	POST 	 "/wd/hub/session/66c3c8b7d49b0710fdd3030011efe7f6/execute"
[13:46:53]  DATA		{"script":"return (function getViewportSize() {\n    return {\n        screenWidth: Math.max(document.documentElement.clientWidth, window.innerWidth || 0),\n        screenHeight: Math.max(document.documentElement.clientHeight, window.innerHeight || 0)\n    };\n}).apply(null, arguments)","args":[]}
[13:46:53]  RESULT		{"screenHeight":720,"screenWidth":517}
[13:46:53]  COMMAND	GET 	 "/wd/hub/session/66c3c8b7d49b0710fdd3030011efe7f6/window/current/size"
[13:46:53]  DATA		{}
[13:46:53]  RESULT		{"height":851,"width":525}
[13:46:53]  COMMAND	POST 	 "/wd/hub/session/66c3c8b7d49b0710fdd3030011efe7f6/execute"
[13:46:53]  DATA		{"script":"return (function getViewportSize() {\n    return {\n        screenWidth: Math.max(document.documentElement.clientWidth, window.innerWidth || 0),\n        screenHeight: Math.max(document.documentElement.clientHeight, window.innerHeight || 0)\n    };\n}).apply(null, arguments)","args":[]}
[13:46:53]  RESULT		{"screenHeight":720,"screenWidth":517}
[13:46:53]  COMMAND	POST 	 "/wd/hub/session/66c3c8b7d49b0710fdd3030011efe7f6/window/current/size"
[13:46:53]  DATA		{"width":328,"height":851}
[13:46:53]  COMMAND	POST 	 "/wd/hub/session/66c3c8b7d49b0710fdd3030011efe7f6/execute"
[13:46:53]  DATA		{"script":"return (function getViewportSize() {\n    return {\n        screenWidth: Math.max(document.documentElement.clientWidth, window.innerWidth || 0),\n        screenHeight: Math.max(document.documentElement.clientHeight, window.innerHeight || 0)\n    };\n}).apply(null, arguments)","args":[]}
[13:46:53]  RESULT		{"screenHeight":720,"screenWidth":517}
[13:46:53]  COMMAND	POST 	 "/wd/hub/session/66c3c8b7d49b0710fdd3030011efe7f6/url"
[13:46:53]  DATA		{"url":"https://vegas.williamhill.com/"}
[13:46:55]  COMMAND	POST 	 "/wd/hub/session/66c3c8b7d49b0710fdd3030011efe7f6/element"
[13:46:55]  DATA		{"using":"xpath","value":"//button[contains(@data-test,'game-search-button')]"}
[13:46:55]  RESULT		{"ELEMENT":"0.7753519014719461-1"}
[13:46:55]  COMMAND	POST 	 "/wd/hub/session/66c3c8b7d49b0710fdd3030011efe7f6/elements"
[13:46:55]  DATA		{"using":"xpath","value":"//button[contains(@data-test,'game-search-button')]"}
[13:46:55]  RESULT		[{"ELEMENT":"0.7753519014719461-1"}]
[13:46:55]  COMMAND	GET 	 "/wd/hub/session/66c3c8b7d49b0710fdd3030011efe7f6/element/0.7753519014719461-1/displayed"
[13:46:55]  DATA		{}
[13:46:55]  RESULT		true
[13:46:55]  COMMAND	POST 	 "/wd/hub/session/66c3c8b7d49b0710fdd3030011efe7f6/element"
[13:46:55]  DATA		{"using":"xpath","value":"//button[contains(@data-test,'game-search-button')]"}
[13:46:55]  RESULT		{"ELEMENT":"0.7753519014719461-1"}
[13:46:55]  COMMAND	POST 	 "/wd/hub/session/66c3c8b7d49b0710fdd3030011efe7f6/element/0.7753519014719461-1/click"
[13:46:55]  DATA		{}
[13:46:55]  COMMAND	POST 	 "/wd/hub/session/66c3c8b7d49b0710fdd3030011efe7f6/element"
[13:46:55]  DATA		{"using":"xpath","value":"//input[@data-test='game-search-field']"}
[13:46:55]  RESULT		{"ELEMENT":"0.7753519014719461-2"}
[13:46:55]  COMMAND	POST 	 "/wd/hub/session/66c3c8b7d49b0710fdd3030011efe7f6/element/0.7753519014719461-2/value"
[13:46:55]  DATA		{"value":["M","a","y","f","a","i","r"," ","R","o","(6 more items)"],"text":"Mayfair Roulette"}
[13:46:56]  COMMAND	POST 	 "/wd/hub/session/66c3c8b7d49b0710fdd3030011efe7f6/element"
[13:46:56]  DATA		{"using":"xpath","value":"//img[@alt='Mayfair Roulette']"}
[13:46:56]  COMMAND	POST 	 "/wd/hub/session/66c3c8b7d49b0710fdd3030011efe7f6/elements"
[13:46:56]  DATA		{"using":"xpath","value":"//img[@alt='Mayfair Roulette']"}
[13:46:56]  RESULT		[]
[13:46:56]  COMMAND	POST 	 "/wd/hub/session/66c3c8b7d49b0710fdd3030011efe7f6/elements"
[13:46:56]  DATA		{"using":"xpath","value":"//img[@alt='Mayfair Roulette']"}
[13:46:56]  RESULT		[{"ELEMENT":"0.7753519014719461-3"}]
[13:46:56]  COMMAND	GET 	 "/wd/hub/session/66c3c8b7d49b0710fdd3030011efe7f6/element/0.7753519014719461-3/displayed"
[13:46:56]  DATA		{}
[13:46:56]  RESULT		true
[13:46:56]  COMMAND	POST 	 "/wd/hub/session/66c3c8b7d49b0710fdd3030011efe7f6/element"
[13:46:56]  DATA		{"using":"xpath","value":"//img[@alt='Mayfair Roulette']"}
[13:46:56]  RESULT		{"ELEMENT":"0.7753519014719461-3"}
[13:46:56]  COMMAND	POST 	 "/wd/hub/session/66c3c8b7d49b0710fdd3030011efe7f6/element/0.7753519014719461-3/click"
[13:46:56]  DATA		{}
[13:46:56]  COMMAND	POST 	 "/wd/hub/session/66c3c8b7d49b0710fdd3030011efe7f6/element"
[13:46:56]  DATA		{"using":"xpath","value":"//button[@data-test='tile-details-button-play']"}
[13:46:56]  RESULT		{"ELEMENT":"0.7753519014719461-4"}
[13:46:56]  COMMAND	POST 	 "/wd/hub/session/66c3c8b7d49b0710fdd3030011efe7f6/elements"
[13:46:56]  DATA		{"using":"xpath","value":"//button[@data-test='tile-details-button-play']"}
[13:46:56]  RESULT		[{"ELEMENT":"0.7753519014719461-4"}]
[13:46:56]  COMMAND	GET 	 "/wd/hub/session/66c3c8b7d49b0710fdd3030011efe7f6/element/0.7753519014719461-4/displayed"
[13:46:56]  DATA		{}
[13:46:56]  RESULT		true
[13:46:56]  COMMAND	POST 	 "/wd/hub/session/66c3c8b7d49b0710fdd3030011efe7f6/element"
[13:46:56]  DATA		{"using":"xpath","value":"//button[@data-test='tile-details-button-play']"}
[13:46:56]  RESULT		{"ELEMENT":"0.7753519014719461-4"}
[13:46:56]  COMMAND	POST 	 "/wd/hub/session/66c3c8b7d49b0710fdd3030011efe7f6/execute"
[13:46:56]  DATA		{"script":"return (function scroll(x, y) {\n    return window.scrollTo(x, y);\n}).apply(null, arguments)","args":[0,300]}
[13:46:56]  COMMAND	POST 	 "/wd/hub/session/66c3c8b7d49b0710fdd3030011efe7f6/element"
[13:46:56]  DATA		{"using":"xpath","value":"//button[@data-test='tile-details-button-play']"}
[13:46:56]  RESULT		{"ELEMENT":"0.7753519014719461-4"}
[13:46:56]  COMMAND	POST 	 "/wd/hub/session/66c3c8b7d49b0710fdd3030011efe7f6/element/0.7753519014719461-4/click"
[13:46:56]  DATA		{}
[13:46:56]  COMMAND	DELETE 	 "/wd/hub/session/66c3c8b7d49b0710fdd3030011efe7f6"
[13:46:56]  DATA		{}
