[12:21:18]  COMMAND	POST 	 "/wd/hub/session"
[12:21:18]  DATA		{"desiredCapabilities":{"javascriptEnabled":true,"locationContextEnabled":true,"handlesAlerts":true,"rotatable":true,"browserName":"chrome","loggingPrefs":{"browser":"ALL","driver":"ALL"},"requestOrigins":{"url":"http://webdriver.io","version":"4.14.1","name":"webdriverio"}}}
[12:21:18]  INFO	SET SESSION ID 539cdd086ac233484760ff7b677c2751
[12:21:18]  RESULT		{"acceptInsecureCerts":false,"acceptSslCerts":false,"applicationCacheEnabled":false,"browserConnectionEnabled":false,"browserName":"chrome","chrome":{"chromedriverVersion":"2.43.600233 (523efee95e3d68b8719b3a1c83051aa63aa6b10d)","userDataDir":"/tmp/.org.chromium.Chromium.74YgjO"},"cssSelectorsEnabled":true,"databaseEnabled":false,"goog:chromeOptions":{"debuggerAddress":"localhost:42961"},"handlesAlerts":true,"hasTouchScreen":false,"javascriptEnabled":true,"locationContextEnabled":true,"mobileEmulationEnabled":false,"nativeEvents":true,"networkConnectionEnabled":false,"pageLoadStrategy":"normal","platform":"Linux","rotatable":false,"setWindowRect":true,"takesHeapSnapshot":true,"takesScreenshot":true,"unexpectedAlertBehaviour":"","version":"71.0.3578.80","webStorageEnabled":true,"webdriver.remote.sessionid":"539cdd086ac233484760ff7b677c2751"}
[12:21:18]  COMMAND	POST 	 "/wd/hub/session/539cdd086ac233484760ff7b677c2751/window/fullscreen"
[12:21:18]  DATA		{}
[12:21:18]  RESULT		{"height":1080,"width":1920,"x":1366,"y":0}
[12:21:18]  COMMAND	POST 	 "/wd/hub/session/539cdd086ac233484760ff7b677c2751/url"
[12:21:18]  DATA		{"url":"https://vegas.williamhill.com/"}
[12:21:27]  COMMAND	POST 	 "/wd/hub/session/539cdd086ac233484760ff7b677c2751/element"
[12:21:27]  DATA		{"using":"xpath","value":"//button[contains(@data-test,'game-search-button')]"}
[12:21:27]  RESULT		{"ELEMENT":"0.775115496587979-1"}
[12:21:27]  COMMAND	POST 	 "/wd/hub/session/539cdd086ac233484760ff7b677c2751/element/0.775115496587979-1/click"
[12:21:27]  DATA		{}
[12:21:27]  COMMAND	POST 	 "/wd/hub/session/539cdd086ac233484760ff7b677c2751/element"
[12:21:27]  DATA		{"using":"xpath","value":"//input[@data-test='game-search-field']"}
[12:21:27]  RESULT		{"ELEMENT":"0.775115496587979-2"}
[12:21:27]  COMMAND	POST 	 "/wd/hub/session/539cdd086ac233484760ff7b677c2751/element/0.775115496587979-2/value"
[12:21:27]  DATA		{"value":["M","a","y","f","a","i","r"," ","R","o","(6 more items)"],"text":"Mayfair Roulette"}
[12:21:27]  COMMAND	POST 	 "/wd/hub/session/539cdd086ac233484760ff7b677c2751/elements"
[12:21:27]  DATA		{"using":"xpath","value":"//img[contains(@src,'214x214-MayfairRoulette-SquareTiles.jpg')]"}
[12:21:27]  RESULT		[{"ELEMENT":"0.775115496587979-3"}]
[12:21:27]  COMMAND	GET 	 "/wd/hub/session/539cdd086ac233484760ff7b677c2751/element/0.775115496587979-3/displayed"
[12:21:27]  DATA		{}
[12:21:28]  COMMAND	POST 	 "/wd/hub/session/539cdd086ac233484760ff7b677c2751/elements"
[12:21:28]  DATA		{"using":"xpath","value":"//img[contains(@src,'214x214-MayfairRoulette-SquareTiles.jpg')]"}
[12:21:28]  RESULT		[{"ELEMENT":"0.775115496587979-4"}]
[12:21:28]  COMMAND	GET 	 "/wd/hub/session/539cdd086ac233484760ff7b677c2751/element/0.775115496587979-4/displayed"
[12:21:28]  DATA		{}
[12:21:28]  RESULT		true
[12:21:28]  COMMAND	POST 	 "/wd/hub/session/539cdd086ac233484760ff7b677c2751/element"
[12:21:28]  DATA		{"using":"xpath","value":"//img[contains(@src,'214x214-MayfairRoulette-SquareTiles.jpg')]"}
[12:21:28]  RESULT		{"ELEMENT":"0.775115496587979-4"}
[12:21:28]  COMMAND	POST 	 "/wd/hub/session/539cdd086ac233484760ff7b677c2751/moveto"
[12:21:28]  DATA		{"element":"0.775115496587979-4","xoffset":500}
[12:21:28]  COMMAND	POST 	 "/wd/hub/session/539cdd086ac233484760ff7b677c2751/elements"
[12:21:28]  DATA		{"using":"xpath","value":"//i[@class='fa fa-angle-down']"}
[12:21:28]  RESULT		[]
[12:21:29]  COMMAND	POST 	 "/wd/hub/session/539cdd086ac233484760ff7b677c2751/elements"
[12:21:29]  DATA		{"using":"xpath","value":"//i[@class='fa fa-angle-down']"}
[12:21:29]  RESULT		[{"ELEMENT":"0.775115496587979-5"}]
[12:21:29]  COMMAND	GET 	 "/wd/hub/session/539cdd086ac233484760ff7b677c2751/element/0.775115496587979-5/displayed"
[12:21:29]  DATA		{}
[12:21:29]  COMMAND	POST 	 "/wd/hub/session/539cdd086ac233484760ff7b677c2751/elements"
[12:21:29]  DATA		{"using":"xpath","value":"//i[@class='fa fa-angle-down']"}
[12:21:29]  RESULT		[{"ELEMENT":"0.775115496587979-5"}]
[12:21:29]  COMMAND	GET 	 "/wd/hub/session/539cdd086ac233484760ff7b677c2751/element/0.775115496587979-5/displayed"
[12:21:29]  DATA		{}
[12:21:29]  RESULT		true
[12:21:29]  COMMAND	POST 	 "/wd/hub/session/539cdd086ac233484760ff7b677c2751/element"
[12:21:29]  DATA		{"using":"xpath","value":"//i[@class='fa fa-angle-down']"}
[12:21:29]  RESULT		{"ELEMENT":"0.775115496587979-5"}
[12:21:29]  COMMAND	POST 	 "/wd/hub/session/539cdd086ac233484760ff7b677c2751/element/0.775115496587979-5/click"
[12:21:29]  DATA		{}
[12:21:30]  COMMAND	DELETE 	 "/wd/hub/session/539cdd086ac233484760ff7b677c2751"
[12:21:30]  DATA		{}
