[14:22:58]  COMMAND	POST 	 "/wd/hub/session"
[14:22:58]  DATA		{"desiredCapabilities":{"javascriptEnabled":true,"locationContextEnabled":true,"handlesAlerts":true,"rotatable":true,"browserName":"chrome","loggingPrefs":{"browser":"ALL","driver":"ALL"},"requestOrigins":{"url":"http://webdriver.io","version":"4.14.1","name":"webdriverio"}}}
[14:22:58]  INFO	SET SESSION ID 5a2d64065dfdb2ee2bf1507389be62bd
[14:22:58]  RESULT		{"acceptInsecureCerts":false,"acceptSslCerts":false,"applicationCacheEnabled":false,"browserConnectionEnabled":false,"browserName":"chrome","chrome":{"chromedriverVersion":"2.43.600233 (523efee95e3d68b8719b3a1c83051aa63aa6b10d)","userDataDir":"/tmp/.org.chromium.Chromium.Ygrfmy"},"cssSelectorsEnabled":true,"databaseEnabled":false,"goog:chromeOptions":{"debuggerAddress":"localhost:37557"},"handlesAlerts":true,"hasTouchScreen":false,"javascriptEnabled":true,"locationContextEnabled":true,"mobileEmulationEnabled":false,"nativeEvents":true,"networkConnectionEnabled":false,"pageLoadStrategy":"normal","platform":"Linux","rotatable":false,"setWindowRect":true,"takesHeapSnapshot":true,"takesScreenshot":true,"unexpectedAlertBehaviour":"","version":"71.0.3578.80","webStorageEnabled":true,"webdriver.remote.sessionid":"5a2d64065dfdb2ee2bf1507389be62bd"}
[14:22:58]  COMMAND	GET 	 "/wd/hub/session/5a2d64065dfdb2ee2bf1507389be62bd/window/current/size"
[14:22:58]  DATA		{}
[14:22:58]  RESULT		{"height":1033,"width":945}
[14:22:58]  COMMAND	POST 	 "/wd/hub/session/5a2d64065dfdb2ee2bf1507389be62bd/execute"
[14:22:58]  DATA		{"script":"return (function getViewportSize() {\n    return {\n        screenWidth: Math.max(document.documentElement.clientWidth, window.innerWidth || 0),\n        screenHeight: Math.max(document.documentElement.clientHeight, window.innerHeight || 0)\n    };\n}).apply(null, arguments)","args":[]}
[14:22:58]  RESULT		{"screenHeight":902,"screenWidth":937}
[14:22:58]  COMMAND	POST 	 "/wd/hub/session/5a2d64065dfdb2ee2bf1507389be62bd/window/current/size"
[14:22:58]  DATA		{"width":1374,"height":899}
[14:22:59]  COMMAND	POST 	 "/wd/hub/session/5a2d64065dfdb2ee2bf1507389be62bd/execute"
[14:22:59]  DATA		{"script":"return (function getViewportSize() {\n    return {\n        screenWidth: Math.max(document.documentElement.clientWidth, window.innerWidth || 0),\n        screenHeight: Math.max(document.documentElement.clientHeight, window.innerHeight || 0)\n    };\n}).apply(null, arguments)","args":[]}
[14:22:59]  RESULT		{"screenHeight":768,"screenWidth":1366}
[14:22:59]  COMMAND	POST 	 "/wd/hub/session/5a2d64065dfdb2ee2bf1507389be62bd/url"
[14:22:59]  DATA		{"url":"https://vegas.williamhill.com/"}
[14:23:02]  COMMAND	POST 	 "/wd/hub/session/5a2d64065dfdb2ee2bf1507389be62bd/element"
[14:23:02]  DATA		{"using":"xpath","value":"//button[contains(@data-test,'game-search-button')]"}
[14:23:02]  RESULT		{"ELEMENT":"0.042553185402441907-1"}
[14:23:02]  COMMAND	POST 	 "/wd/hub/session/5a2d64065dfdb2ee2bf1507389be62bd/elements"
[14:23:02]  DATA		{"using":"xpath","value":"//button[contains(@data-test,'game-search-button')]"}
[14:23:02]  RESULT		[{"ELEMENT":"0.042553185402441907-1"}]
[14:23:02]  COMMAND	GET 	 "/wd/hub/session/5a2d64065dfdb2ee2bf1507389be62bd/element/0.042553185402441907-1/displayed"
[14:23:02]  DATA		{}
[14:23:02]  RESULT		true
[14:23:02]  COMMAND	POST 	 "/wd/hub/session/5a2d64065dfdb2ee2bf1507389be62bd/element"
[14:23:02]  DATA		{"using":"xpath","value":"//button[contains(@data-test,'game-search-button')]"}
[14:23:02]  RESULT		{"ELEMENT":"0.042553185402441907-1"}
[14:23:02]  COMMAND	POST 	 "/wd/hub/session/5a2d64065dfdb2ee2bf1507389be62bd/element/0.042553185402441907-1/click"
[14:23:02]  DATA		{}
[14:23:03]  COMMAND	POST 	 "/wd/hub/session/5a2d64065dfdb2ee2bf1507389be62bd/element"
[14:23:03]  DATA		{"using":"xpath","value":"//input[@data-test='game-search-field']"}
[14:23:03]  RESULT		{"ELEMENT":"0.042553185402441907-2"}
[14:23:03]  COMMAND	POST 	 "/wd/hub/session/5a2d64065dfdb2ee2bf1507389be62bd/element/0.042553185402441907-2/value"
[14:23:03]  DATA		{"value":["M","a","y","f","a","i","r"," ","R","o","(6 more items)"],"text":"Mayfair Roulette"}
[14:23:03]  COMMAND	POST 	 "/wd/hub/session/5a2d64065dfdb2ee2bf1507389be62bd/element"
[14:23:03]  DATA		{"using":"xpath","value":"//img[@alt='Mayfair Roulette']"}
[14:23:03]  RESULT		{"ELEMENT":"0.042553185402441907-3"}
[14:23:03]  COMMAND	POST 	 "/wd/hub/session/5a2d64065dfdb2ee2bf1507389be62bd/elements"
[14:23:03]  DATA		{"using":"xpath","value":"//img[@alt='Mayfair Roulette']"}
[14:23:03]  RESULT		[{"ELEMENT":"0.042553185402441907-3"}]
[14:23:03]  COMMAND	GET 	 "/wd/hub/session/5a2d64065dfdb2ee2bf1507389be62bd/element/0.042553185402441907-3/displayed"
[14:23:03]  DATA		{}
[14:23:03]  COMMAND	POST 	 "/wd/hub/session/5a2d64065dfdb2ee2bf1507389be62bd/elements"
[14:23:03]  DATA		{"using":"xpath","value":"//img[@alt='Mayfair Roulette']"}
[14:23:03]  RESULT		[{"ELEMENT":"0.042553185402441907-4"}]
[14:23:03]  COMMAND	GET 	 "/wd/hub/session/5a2d64065dfdb2ee2bf1507389be62bd/element/0.042553185402441907-4/displayed"
[14:23:03]  DATA		{}
[14:23:03]  RESULT		true
[14:23:03]  COMMAND	POST 	 "/wd/hub/session/5a2d64065dfdb2ee2bf1507389be62bd/element"
[14:23:03]  DATA		{"using":"xpath","value":"//img[@alt='Mayfair Roulette']"}
[14:23:04]  RESULT		{"ELEMENT":"0.042553185402441907-4"}
[14:23:04]  COMMAND	POST 	 "/wd/hub/session/5a2d64065dfdb2ee2bf1507389be62bd/moveto"
[14:23:04]  DATA		{"element":"0.042553185402441907-4"}
[14:23:04]  COMMAND	POST 	 "/wd/hub/session/5a2d64065dfdb2ee2bf1507389be62bd/element"
[14:23:04]  DATA		{"using":"xpath","value":"//button[@data-test='tile-menu-button-more']"}
[14:23:04]  COMMAND	POST 	 "/wd/hub/session/5a2d64065dfdb2ee2bf1507389be62bd/elements"
[14:23:04]  DATA		{"using":"xpath","value":"//button[@data-test='tile-menu-button-more']"}
[14:23:04]  RESULT		[]
[14:23:04]  COMMAND	POST 	 "/wd/hub/session/5a2d64065dfdb2ee2bf1507389be62bd/elements"
[14:23:04]  DATA		{"using":"xpath","value":"//button[@data-test='tile-menu-button-more']"}
[14:23:04]  RESULT		[{"ELEMENT":"0.042553185402441907-5"}]
[14:23:04]  COMMAND	GET 	 "/wd/hub/session/5a2d64065dfdb2ee2bf1507389be62bd/element/0.042553185402441907-5/displayed"
[14:23:04]  DATA		{}
[14:23:05]  COMMAND	POST 	 "/wd/hub/session/5a2d64065dfdb2ee2bf1507389be62bd/elements"
[14:23:05]  DATA		{"using":"xpath","value":"//button[@data-test='tile-menu-button-more']"}
[14:23:05]  RESULT		[{"ELEMENT":"0.042553185402441907-5"}]
[14:23:05]  COMMAND	GET 	 "/wd/hub/session/5a2d64065dfdb2ee2bf1507389be62bd/element/0.042553185402441907-5/displayed"
[14:23:05]  DATA		{}
[14:23:05]  RESULT		true
[14:23:05]  COMMAND	POST 	 "/wd/hub/session/5a2d64065dfdb2ee2bf1507389be62bd/element"
[14:23:05]  DATA		{"using":"xpath","value":"//button[@data-test='tile-menu-button-more']"}
[14:23:05]  RESULT		{"ELEMENT":"0.042553185402441907-5"}
[14:23:05]  COMMAND	POST 	 "/wd/hub/session/5a2d64065dfdb2ee2bf1507389be62bd/element/0.042553185402441907-5/click"
[14:23:05]  DATA		{}
[14:23:05]  COMMAND	POST 	 "/wd/hub/session/5a2d64065dfdb2ee2bf1507389be62bd/element"
[14:23:05]  DATA		{"using":"xpath","value":"//button[@data-test='tile-details-button-play']"}
[14:23:05]  RESULT		{"ELEMENT":"0.042553185402441907-6"}
[14:23:05]  COMMAND	POST 	 "/wd/hub/session/5a2d64065dfdb2ee2bf1507389be62bd/elements"
[14:23:05]  DATA		{"using":"xpath","value":"//button[@data-test='tile-details-button-play']"}
[14:23:05]  RESULT		[{"ELEMENT":"0.042553185402441907-6"}]
[14:23:05]  COMMAND	GET 	 "/wd/hub/session/5a2d64065dfdb2ee2bf1507389be62bd/element/0.042553185402441907-6/displayed"
[14:23:05]  DATA		{}
[14:23:05]  RESULT		true
[14:23:05]  COMMAND	POST 	 "/wd/hub/session/5a2d64065dfdb2ee2bf1507389be62bd/element"
[14:23:05]  DATA		{"using":"xpath","value":"//button[@data-test='tile-details-button-play']"}
[14:23:05]  RESULT		{"ELEMENT":"0.042553185402441907-6"}
[14:23:05]  COMMAND	POST 	 "/wd/hub/session/5a2d64065dfdb2ee2bf1507389be62bd/execute"
[14:23:05]  DATA		{"script":"return (function scroll(x, y) {\n    return window.scrollTo(x, y);\n}).apply(null, arguments)","args":[0,300]}
[14:23:05]  COMMAND	POST 	 "/wd/hub/session/5a2d64065dfdb2ee2bf1507389be62bd/element"
[14:23:05]  DATA		{"using":"xpath","value":"//button[@data-test='tile-details-button-play']"}
[14:23:05]  RESULT		{"ELEMENT":"0.042553185402441907-6"}
[14:23:05]  COMMAND	POST 	 "/wd/hub/session/5a2d64065dfdb2ee2bf1507389be62bd/element/0.042553185402441907-6/click"
[14:23:05]  DATA		{}
[14:23:05]  COMMAND	POST 	 "/wd/hub/session/5a2d64065dfdb2ee2bf1507389be62bd/element"
[14:23:05]  DATA		{"using":"xpath","value":"//input[@id='login-form-username']"}
[14:23:05]  COMMAND	POST 	 "/wd/hub/session/5a2d64065dfdb2ee2bf1507389be62bd/elements"
[14:23:05]  DATA		{"using":"xpath","value":"//input[@id='login-form-username']"}
[14:23:05]  RESULT		[]
[14:23:06]  COMMAND	POST 	 "/wd/hub/session/5a2d64065dfdb2ee2bf1507389be62bd/elements"
[14:23:06]  DATA		{"using":"xpath","value":"//input[@id='login-form-username']"}
[14:23:06]  RESULT		[{"ELEMENT":"0.042553185402441907-7"}]
[14:23:06]  COMMAND	GET 	 "/wd/hub/session/5a2d64065dfdb2ee2bf1507389be62bd/element/0.042553185402441907-7/displayed"
[14:23:06]  DATA		{}
[14:23:06]  RESULT		true
[14:23:06]  COMMAND	POST 	 "/wd/hub/session/5a2d64065dfdb2ee2bf1507389be62bd/element"
[14:23:06]  DATA		{"using":"xpath","value":"//input[@id='login-form-username']"}
[14:23:06]  RESULT		{"ELEMENT":"0.042553185402441907-7"}
[14:23:06]  COMMAND	GET 	 "/wd/hub/session/5a2d64065dfdb2ee2bf1507389be62bd/element/0.042553185402441907-7/displayed"
[14:23:06]  DATA		{}
[14:23:06]  RESULT		true
[14:23:06]  COMMAND	GET 	 "/wd/hub/session/5a2d64065dfdb2ee2bf1507389be62bd/window/current/size"
[14:23:06]  DATA		{}
[14:23:06]  RESULT		{"height":899,"width":1374}
[14:23:06]  COMMAND	POST 	 "/wd/hub/session/5a2d64065dfdb2ee2bf1507389be62bd/execute"
[14:23:06]  DATA		{"script":"return (function getViewportSize() {\n    return {\n        screenWidth: Math.max(document.documentElement.clientWidth, window.innerWidth || 0),\n        screenHeight: Math.max(document.documentElement.clientHeight, window.innerHeight || 0)\n    };\n}).apply(null, arguments)","args":[]}
[14:23:06]  RESULT		{"screenHeight":768,"screenWidth":1366}
[14:23:06]  COMMAND	POST 	 "/wd/hub/session/5a2d64065dfdb2ee2bf1507389be62bd/window/current/size"
[14:23:06]  DATA		{"width":328,"height":851}
[14:23:06]  COMMAND	POST 	 "/wd/hub/session/5a2d64065dfdb2ee2bf1507389be62bd/execute"
[14:23:06]  DATA		{"script":"return (function getViewportSize() {\n    return {\n        screenWidth: Math.max(document.documentElement.clientWidth, window.innerWidth || 0),\n        screenHeight: Math.max(document.documentElement.clientHeight, window.innerHeight || 0)\n    };\n}).apply(null, arguments)","args":[]}
[14:23:06]  RESULT		{"screenHeight":720,"screenWidth":517}
[14:23:06]  COMMAND	GET 	 "/wd/hub/session/5a2d64065dfdb2ee2bf1507389be62bd/window/current/size"
[14:23:06]  DATA		{}
[14:23:06]  RESULT		{"height":851,"width":525}
[14:23:06]  COMMAND	POST 	 "/wd/hub/session/5a2d64065dfdb2ee2bf1507389be62bd/execute"
[14:23:06]  DATA		{"script":"return (function getViewportSize() {\n    return {\n        screenWidth: Math.max(document.documentElement.clientWidth, window.innerWidth || 0),\n        screenHeight: Math.max(document.documentElement.clientHeight, window.innerHeight || 0)\n    };\n}).apply(null, arguments)","args":[]}
[14:23:06]  RESULT		{"screenHeight":720,"screenWidth":517}
[14:23:06]  COMMAND	POST 	 "/wd/hub/session/5a2d64065dfdb2ee2bf1507389be62bd/window/current/size"
[14:23:06]  DATA		{"width":328,"height":851}
[14:23:06]  COMMAND	POST 	 "/wd/hub/session/5a2d64065dfdb2ee2bf1507389be62bd/execute"
[14:23:06]  DATA		{"script":"return (function getViewportSize() {\n    return {\n        screenWidth: Math.max(document.documentElement.clientWidth, window.innerWidth || 0),\n        screenHeight: Math.max(document.documentElement.clientHeight, window.innerHeight || 0)\n    };\n}).apply(null, arguments)","args":[]}
[14:23:06]  RESULT		{"screenHeight":720,"screenWidth":517}
[14:23:06]  COMMAND	GET 	 "/wd/hub/session/5a2d64065dfdb2ee2bf1507389be62bd/window/current/size"
[14:23:06]  DATA		{}
[14:23:06]  RESULT		{"height":851,"width":525}
[14:23:06]  COMMAND	POST 	 "/wd/hub/session/5a2d64065dfdb2ee2bf1507389be62bd/execute"
[14:23:06]  DATA		{"script":"return (function getViewportSize() {\n    return {\n        screenWidth: Math.max(document.documentElement.clientWidth, window.innerWidth || 0),\n        screenHeight: Math.max(document.documentElement.clientHeight, window.innerHeight || 0)\n    };\n}).apply(null, arguments)","args":[]}
[14:23:06]  RESULT		{"screenHeight":720,"screenWidth":517}
[14:23:06]  COMMAND	POST 	 "/wd/hub/session/5a2d64065dfdb2ee2bf1507389be62bd/window/current/size"
[14:23:06]  DATA		{"width":328,"height":851}
[14:23:06]  COMMAND	POST 	 "/wd/hub/session/5a2d64065dfdb2ee2bf1507389be62bd/execute"
[14:23:06]  DATA		{"script":"return (function getViewportSize() {\n    return {\n        screenWidth: Math.max(document.documentElement.clientWidth, window.innerWidth || 0),\n        screenHeight: Math.max(document.documentElement.clientHeight, window.innerHeight || 0)\n    };\n}).apply(null, arguments)","args":[]}
[14:23:06]  RESULT		{"screenHeight":720,"screenWidth":517}
[14:23:06]  COMMAND	GET 	 "/wd/hub/session/5a2d64065dfdb2ee2bf1507389be62bd/window/current/size"
[14:23:06]  DATA		{}
[14:23:06]  RESULT		{"height":851,"width":525}
[14:23:06]  COMMAND	POST 	 "/wd/hub/session/5a2d64065dfdb2ee2bf1507389be62bd/execute"
[14:23:06]  DATA		{"script":"return (function getViewportSize() {\n    return {\n        screenWidth: Math.max(document.documentElement.clientWidth, window.innerWidth || 0),\n        screenHeight: Math.max(document.documentElement.clientHeight, window.innerHeight || 0)\n    };\n}).apply(null, arguments)","args":[]}
[14:23:06]  RESULT		{"screenHeight":720,"screenWidth":517}
[14:23:06]  COMMAND	POST 	 "/wd/hub/session/5a2d64065dfdb2ee2bf1507389be62bd/window/current/size"
[14:23:06]  DATA		{"width":328,"height":851}
[14:23:06]  COMMAND	POST 	 "/wd/hub/session/5a2d64065dfdb2ee2bf1507389be62bd/execute"
[14:23:06]  DATA		{"script":"return (function getViewportSize() {\n    return {\n        screenWidth: Math.max(document.documentElement.clientWidth, window.innerWidth || 0),\n        screenHeight: Math.max(document.documentElement.clientHeight, window.innerHeight || 0)\n    };\n}).apply(null, arguments)","args":[]}
[14:23:06]  RESULT		{"screenHeight":720,"screenWidth":517}
[14:23:06]  COMMAND	GET 	 "/wd/hub/session/5a2d64065dfdb2ee2bf1507389be62bd/window/current/size"
[14:23:06]  DATA		{}
[14:23:07]  RESULT		{"height":851,"width":525}
[14:23:07]  COMMAND	POST 	 "/wd/hub/session/5a2d64065dfdb2ee2bf1507389be62bd/execute"
[14:23:07]  DATA		{"script":"return (function getViewportSize() {\n    return {\n        screenWidth: Math.max(document.documentElement.clientWidth, window.innerWidth || 0),\n        screenHeight: Math.max(document.documentElement.clientHeight, window.innerHeight || 0)\n    };\n}).apply(null, arguments)","args":[]}
[14:23:07]  RESULT		{"screenHeight":720,"screenWidth":517}
[14:23:07]  COMMAND	POST 	 "/wd/hub/session/5a2d64065dfdb2ee2bf1507389be62bd/window/current/size"
[14:23:07]  DATA		{"width":328,"height":851}
[14:23:07]  COMMAND	POST 	 "/wd/hub/session/5a2d64065dfdb2ee2bf1507389be62bd/execute"
[14:23:07]  DATA		{"script":"return (function getViewportSize() {\n    return {\n        screenWidth: Math.max(document.documentElement.clientWidth, window.innerWidth || 0),\n        screenHeight: Math.max(document.documentElement.clientHeight, window.innerHeight || 0)\n    };\n}).apply(null, arguments)","args":[]}
[14:23:07]  RESULT		{"screenHeight":720,"screenWidth":517}
[14:23:07]  COMMAND	GET 	 "/wd/hub/session/5a2d64065dfdb2ee2bf1507389be62bd/window/current/size"
[14:23:07]  DATA		{}
[14:23:07]  RESULT		{"height":851,"width":525}
[14:23:07]  COMMAND	POST 	 "/wd/hub/session/5a2d64065dfdb2ee2bf1507389be62bd/execute"
[14:23:07]  DATA		{"script":"return (function getViewportSize() {\n    return {\n        screenWidth: Math.max(document.documentElement.clientWidth, window.innerWidth || 0),\n        screenHeight: Math.max(document.documentElement.clientHeight, window.innerHeight || 0)\n    };\n}).apply(null, arguments)","args":[]}
[14:23:07]  RESULT		{"screenHeight":720,"screenWidth":517}
[14:23:07]  COMMAND	POST 	 "/wd/hub/session/5a2d64065dfdb2ee2bf1507389be62bd/window/current/size"
[14:23:07]  DATA		{"width":328,"height":851}
[14:23:07]  COMMAND	POST 	 "/wd/hub/session/5a2d64065dfdb2ee2bf1507389be62bd/execute"
[14:23:07]  DATA		{"script":"return (function getViewportSize() {\n    return {\n        screenWidth: Math.max(document.documentElement.clientWidth, window.innerWidth || 0),\n        screenHeight: Math.max(document.documentElement.clientHeight, window.innerHeight || 0)\n    };\n}).apply(null, arguments)","args":[]}
[14:23:07]  RESULT		{"screenHeight":720,"screenWidth":517}
[14:23:07]  COMMAND	POST 	 "/wd/hub/session/5a2d64065dfdb2ee2bf1507389be62bd/url"
[14:23:07]  DATA		{"url":"https://vegas.williamhill.com/"}
[14:23:08]  COMMAND	POST 	 "/wd/hub/session/5a2d64065dfdb2ee2bf1507389be62bd/element"
[14:23:08]  DATA		{"using":"xpath","value":"//button[contains(@data-test,'game-search-button')]"}
[14:23:09]  RESULT		{"ELEMENT":"0.4090879630271609-1"}
[14:23:09]  COMMAND	POST 	 "/wd/hub/session/5a2d64065dfdb2ee2bf1507389be62bd/elements"
[14:23:09]  DATA		{"using":"xpath","value":"//button[contains(@data-test,'game-search-button')]"}
[14:23:09]  RESULT		[{"ELEMENT":"0.4090879630271609-1"}]
[14:23:09]  COMMAND	GET 	 "/wd/hub/session/5a2d64065dfdb2ee2bf1507389be62bd/element/0.4090879630271609-1/displayed"
[14:23:09]  DATA		{}
[14:23:09]  RESULT		true
[14:23:09]  COMMAND	POST 	 "/wd/hub/session/5a2d64065dfdb2ee2bf1507389be62bd/element"
[14:23:09]  DATA		{"using":"xpath","value":"//button[contains(@data-test,'game-search-button')]"}
[14:23:09]  RESULT		{"ELEMENT":"0.4090879630271609-1"}
[14:23:09]  COMMAND	POST 	 "/wd/hub/session/5a2d64065dfdb2ee2bf1507389be62bd/element/0.4090879630271609-1/click"
[14:23:09]  DATA		{}
[14:23:09]  COMMAND	POST 	 "/wd/hub/session/5a2d64065dfdb2ee2bf1507389be62bd/element"
[14:23:09]  DATA		{"using":"xpath","value":"//input[@data-test='game-search-field']"}
[14:23:09]  RESULT		{"ELEMENT":"0.4090879630271609-2"}
[14:23:09]  COMMAND	POST 	 "/wd/hub/session/5a2d64065dfdb2ee2bf1507389be62bd/element/0.4090879630271609-2/value"
[14:23:09]  DATA		{"value":["M","a","y","f","a","i","r"," ","R","o","(6 more items)"],"text":"Mayfair Roulette"}
[14:23:09]  COMMAND	POST 	 "/wd/hub/session/5a2d64065dfdb2ee2bf1507389be62bd/element"
[14:23:09]  DATA		{"using":"xpath","value":"//img[@alt='Mayfair Roulette']"}
[14:23:09]  COMMAND	POST 	 "/wd/hub/session/5a2d64065dfdb2ee2bf1507389be62bd/elements"
[14:23:09]  DATA		{"using":"xpath","value":"//img[@alt='Mayfair Roulette']"}
[14:23:09]  RESULT		[]
[14:23:09]  COMMAND	POST 	 "/wd/hub/session/5a2d64065dfdb2ee2bf1507389be62bd/elements"
[14:23:09]  DATA		{"using":"xpath","value":"//img[@alt='Mayfair Roulette']"}
[14:23:10]  RESULT		[{"ELEMENT":"0.4090879630271609-3"}]
[14:23:10]  COMMAND	GET 	 "/wd/hub/session/5a2d64065dfdb2ee2bf1507389be62bd/element/0.4090879630271609-3/displayed"
[14:23:10]  DATA		{}
[14:23:10]  RESULT		true
[14:23:10]  COMMAND	POST 	 "/wd/hub/session/5a2d64065dfdb2ee2bf1507389be62bd/element"
[14:23:10]  DATA		{"using":"xpath","value":"//img[@alt='Mayfair Roulette']"}
[14:23:10]  RESULT		{"ELEMENT":"0.4090879630271609-3"}
[14:23:10]  COMMAND	POST 	 "/wd/hub/session/5a2d64065dfdb2ee2bf1507389be62bd/element/0.4090879630271609-3/click"
[14:23:10]  DATA		{}
[14:23:10]  COMMAND	POST 	 "/wd/hub/session/5a2d64065dfdb2ee2bf1507389be62bd/element"
[14:23:10]  DATA		{"using":"xpath","value":"//button[@data-test='tile-details-button-play']"}
[14:23:10]  RESULT		{"ELEMENT":"0.4090879630271609-4"}
[14:23:10]  COMMAND	POST 	 "/wd/hub/session/5a2d64065dfdb2ee2bf1507389be62bd/elements"
[14:23:10]  DATA		{"using":"xpath","value":"//button[@data-test='tile-details-button-play']"}
[14:23:10]  RESULT		[{"ELEMENT":"0.4090879630271609-4"}]
[14:23:10]  COMMAND	GET 	 "/wd/hub/session/5a2d64065dfdb2ee2bf1507389be62bd/element/0.4090879630271609-4/displayed"
[14:23:10]  DATA		{}
[14:23:10]  RESULT		true
[14:23:10]  COMMAND	POST 	 "/wd/hub/session/5a2d64065dfdb2ee2bf1507389be62bd/element"
[14:23:10]  DATA		{"using":"xpath","value":"//button[@data-test='tile-details-button-play']"}
[14:23:10]  RESULT		{"ELEMENT":"0.4090879630271609-4"}
[14:23:10]  COMMAND	POST 	 "/wd/hub/session/5a2d64065dfdb2ee2bf1507389be62bd/execute"
[14:23:10]  DATA		{"script":"return (function scroll(x, y) {\n    return window.scrollTo(x, y);\n}).apply(null, arguments)","args":[0,300]}
[14:23:10]  COMMAND	POST 	 "/wd/hub/session/5a2d64065dfdb2ee2bf1507389be62bd/element"
[14:23:10]  DATA		{"using":"xpath","value":"//button[@data-test='tile-details-button-play']"}
[14:23:10]  RESULT		{"ELEMENT":"0.4090879630271609-4"}
[14:23:10]  COMMAND	POST 	 "/wd/hub/session/5a2d64065dfdb2ee2bf1507389be62bd/element/0.4090879630271609-4/click"
[14:23:10]  DATA		{}
[14:23:10]  COMMAND	POST 	 "/wd/hub/session/5a2d64065dfdb2ee2bf1507389be62bd/element"
[14:23:10]  DATA		{"using":"xpath","value":"//input[@id='login-form-username']"}
[14:23:10]  COMMAND	POST 	 "/wd/hub/session/5a2d64065dfdb2ee2bf1507389be62bd/elements"
[14:23:10]  DATA		{"using":"xpath","value":"//input[@id='login-form-username']"}
[14:23:10]  RESULT		[]
[14:23:10]  COMMAND	POST 	 "/wd/hub/session/5a2d64065dfdb2ee2bf1507389be62bd/elements"
[14:23:10]  DATA		{"using":"xpath","value":"//input[@id='login-form-username']"}
[14:23:10]  RESULT		[{"ELEMENT":"0.4090879630271609-5"}]
[14:23:10]  COMMAND	GET 	 "/wd/hub/session/5a2d64065dfdb2ee2bf1507389be62bd/element/0.4090879630271609-5/displayed"
[14:23:10]  DATA		{}
[14:23:10]  RESULT		true
[14:23:10]  COMMAND	POST 	 "/wd/hub/session/5a2d64065dfdb2ee2bf1507389be62bd/element"
[14:23:10]  DATA		{"using":"xpath","value":"//input[@id='login-form-username']"}
[14:23:10]  RESULT		{"ELEMENT":"0.4090879630271609-5"}
[14:23:10]  COMMAND	GET 	 "/wd/hub/session/5a2d64065dfdb2ee2bf1507389be62bd/element/0.4090879630271609-5/displayed"
[14:23:10]  DATA		{}
[14:23:11]  RESULT		true
[14:23:11]  COMMAND	DELETE 	 "/wd/hub/session/5a2d64065dfdb2ee2bf1507389be62bd"
[14:23:11]  DATA		{}
