[00:30:13]  COMMAND	POST 	 "/wd/hub/session"
[00:30:13]  DATA		{"desiredCapabilities":{"javascriptEnabled":true,"locationContextEnabled":true,"handlesAlerts":true,"rotatable":true,"browserName":"chrome","loggingPrefs":{"browser":"ALL","driver":"ALL"},"requestOrigins":{"url":"http://webdriver.io","version":"4.14.1","name":"webdriverio"}}}
[00:30:13]  INFO	SET SESSION ID 2196f68d55a759c443083b2f37587485
[00:30:13]  RESULT		{"acceptInsecureCerts":false,"acceptSslCerts":false,"applicationCacheEnabled":false,"browserConnectionEnabled":false,"browserName":"chrome","chrome":{"chromedriverVersion":"2.43.600233 (523efee95e3d68b8719b3a1c83051aa63aa6b10d)","userDataDir":"/tmp/.org.chromium.Chromium.ob2n28"},"cssSelectorsEnabled":true,"databaseEnabled":false,"goog:chromeOptions":{"debuggerAddress":"localhost:41475"},"handlesAlerts":true,"hasTouchScreen":false,"javascriptEnabled":true,"locationContextEnabled":true,"mobileEmulationEnabled":false,"nativeEvents":true,"networkConnectionEnabled":false,"pageLoadStrategy":"normal","platform":"Linux","rotatable":false,"setWindowRect":true,"takesHeapSnapshot":true,"takesScreenshot":true,"unexpectedAlertBehaviour":"","version":"70.0.3538.110","webStorageEnabled":true,"webdriver.remote.sessionid":"2196f68d55a759c443083b2f37587485"}
[00:30:13]  COMMAND	POST 	 "/wd/hub/session/2196f68d55a759c443083b2f37587485/window/fullscreen"
[00:30:13]  DATA		{}
[00:30:14]  RESULT		{"height":1080,"width":1920,"x":1366,"y":0}
[00:30:14]  COMMAND	POST 	 "/wd/hub/session/2196f68d55a759c443083b2f37587485/url"
[00:30:14]  DATA		{"url":"https://vegas.williamhill.com/"}
[00:30:17]  COMMAND	POST 	 "/wd/hub/session/2196f68d55a759c443083b2f37587485/element"
[00:30:17]  DATA		{"using":"xpath","value":"//button[contains(@data-test,'game-search-button')]"}
[00:30:17]  RESULT		{"ELEMENT":"0.046475382470771986-1"}
[00:30:17]  COMMAND	POST 	 "/wd/hub/session/2196f68d55a759c443083b2f37587485/element/0.046475382470771986-1/click"
[00:30:17]  DATA		{}
[00:30:17]  COMMAND	POST 	 "/wd/hub/session/2196f68d55a759c443083b2f37587485/element"
[00:30:17]  DATA		{"using":"xpath","value":"//input[@data-test='game-search-field']"}
[00:30:17]  RESULT		{"ELEMENT":"0.046475382470771986-2"}
[00:30:17]  COMMAND	POST 	 "/wd/hub/session/2196f68d55a759c443083b2f37587485/element/0.046475382470771986-2/value"
[00:30:17]  DATA		{"value":["M","a","y","f","a","i","r"," ","R","o","(6 more items)"],"text":"Mayfair Roulette"}
[00:30:18]  COMMAND	POST 	 "/wd/hub/session/2196f68d55a759c443083b2f37587485/element"
[00:30:18]  DATA		{"using":"xpath","value":"//img[@alt='Mayfair Roulette']"}
[00:30:18]  RESULT		{"ELEMENT":"0.046475382470771986-3"}
[00:30:18]  COMMAND	POST 	 "/wd/hub/session/2196f68d55a759c443083b2f37587485/moveto"
[00:30:18]  DATA		{"element":"0.046475382470771986-3"}
[00:30:26]  COMMAND	DELETE 	 "/wd/hub/session/2196f68d55a759c443083b2f37587485"
[00:30:26]  DATA		{}
