[14:17:47]  COMMAND	POST 	 "/wd/hub/session"
[14:17:47]  DATA		{"desiredCapabilities":{"javascriptEnabled":true,"locationContextEnabled":true,"handlesAlerts":true,"rotatable":true,"browserName":"chrome","loggingPrefs":{"browser":"ALL","driver":"ALL"},"requestOrigins":{"url":"http://webdriver.io","version":"4.14.1","name":"webdriverio"}}}
[14:17:48]  INFO	SET SESSION ID ffd076a947e4e644b36eba376079b331
[14:17:48]  RESULT		{"acceptInsecureCerts":false,"acceptSslCerts":false,"applicationCacheEnabled":false,"browserConnectionEnabled":false,"browserName":"chrome","chrome":{"chromedriverVersion":"2.43.600233 (523efee95e3d68b8719b3a1c83051aa63aa6b10d)","userDataDir":"/tmp/.org.chromium.Chromium.ptxT5t"},"cssSelectorsEnabled":true,"databaseEnabled":false,"goog:chromeOptions":{"debuggerAddress":"localhost:40591"},"handlesAlerts":true,"hasTouchScreen":false,"javascriptEnabled":true,"locationContextEnabled":true,"mobileEmulationEnabled":false,"nativeEvents":true,"networkConnectionEnabled":false,"pageLoadStrategy":"normal","platform":"Linux","rotatable":false,"setWindowRect":true,"takesHeapSnapshot":true,"takesScreenshot":true,"unexpectedAlertBehaviour":"","version":"71.0.3578.80","webStorageEnabled":true,"webdriver.remote.sessionid":"ffd076a947e4e644b36eba376079b331"}
[14:17:48]  COMMAND	GET 	 "/wd/hub/session/ffd076a947e4e644b36eba376079b331/window/current/size"
[14:17:48]  DATA		{}
[14:17:48]  RESULT		{"height":1033,"width":945}
[14:17:48]  COMMAND	POST 	 "/wd/hub/session/ffd076a947e4e644b36eba376079b331/execute"
[14:17:48]  DATA		{"script":"return (function getViewportSize() {\n    return {\n        screenWidth: Math.max(document.documentElement.clientWidth, window.innerWidth || 0),\n        screenHeight: Math.max(document.documentElement.clientHeight, window.innerHeight || 0)\n    };\n}).apply(null, arguments)","args":[]}
[14:17:48]  RESULT		{"screenHeight":902,"screenWidth":937}
[14:17:48]  COMMAND	POST 	 "/wd/hub/session/ffd076a947e4e644b36eba376079b331/window/current/size"
[14:17:48]  DATA		{"width":1374,"height":899}
[14:17:48]  COMMAND	POST 	 "/wd/hub/session/ffd076a947e4e644b36eba376079b331/execute"
[14:17:48]  DATA		{"script":"return (function getViewportSize() {\n    return {\n        screenWidth: Math.max(document.documentElement.clientWidth, window.innerWidth || 0),\n        screenHeight: Math.max(document.documentElement.clientHeight, window.innerHeight || 0)\n    };\n}).apply(null, arguments)","args":[]}
[14:17:48]  RESULT		{"screenHeight":768,"screenWidth":1366}
[14:17:48]  COMMAND	POST 	 "/wd/hub/session/ffd076a947e4e644b36eba376079b331/url"
[14:17:48]  DATA		{"url":"https://vegas.williamhill.com/"}
[14:17:52]  COMMAND	POST 	 "/wd/hub/session/ffd076a947e4e644b36eba376079b331/element"
[14:17:52]  DATA		{"using":"xpath","value":"//button[contains(@data-test,'game-search-button')]"}
[14:17:52]  RESULT		{"ELEMENT":"0.6142112000436633-1"}
[14:17:52]  COMMAND	POST 	 "/wd/hub/session/ffd076a947e4e644b36eba376079b331/elements"
[14:17:52]  DATA		{"using":"xpath","value":"//button[contains(@data-test,'game-search-button')]"}
[14:17:52]  RESULT		[{"ELEMENT":"0.6142112000436633-1"}]
[14:17:52]  COMMAND	GET 	 "/wd/hub/session/ffd076a947e4e644b36eba376079b331/element/0.6142112000436633-1/displayed"
[14:17:52]  DATA		{}
[14:17:52]  RESULT		true
[14:17:52]  COMMAND	POST 	 "/wd/hub/session/ffd076a947e4e644b36eba376079b331/element"
[14:17:52]  DATA		{"using":"xpath","value":"//button[contains(@data-test,'game-search-button')]"}
[14:17:52]  RESULT		{"ELEMENT":"0.6142112000436633-1"}
[14:17:52]  COMMAND	POST 	 "/wd/hub/session/ffd076a947e4e644b36eba376079b331/element/0.6142112000436633-1/click"
[14:17:52]  DATA		{}
[14:17:52]  COMMAND	POST 	 "/wd/hub/session/ffd076a947e4e644b36eba376079b331/element"
[14:17:52]  DATA		{"using":"xpath","value":"//input[@data-test='game-search-field']"}
[14:17:52]  RESULT		{"ELEMENT":"0.6142112000436633-2"}
[14:17:52]  COMMAND	POST 	 "/wd/hub/session/ffd076a947e4e644b36eba376079b331/element/0.6142112000436633-2/value"
[14:17:52]  DATA		{"value":["M","a","y","f","a","i","r"," ","R","o","(6 more items)"],"text":"Mayfair Roulette"}
[14:17:53]  COMMAND	POST 	 "/wd/hub/session/ffd076a947e4e644b36eba376079b331/element"
[14:17:53]  DATA		{"using":"xpath","value":"//img[@alt='Mayfair Roulette']"}
[14:17:53]  RESULT		{"ELEMENT":"0.6142112000436633-3"}
[14:17:53]  COMMAND	POST 	 "/wd/hub/session/ffd076a947e4e644b36eba376079b331/elements"
[14:17:53]  DATA		{"using":"xpath","value":"//img[@alt='Mayfair Roulette']"}
[14:17:53]  RESULT		[{"ELEMENT":"0.6142112000436633-3"}]
[14:17:53]  COMMAND	GET 	 "/wd/hub/session/ffd076a947e4e644b36eba376079b331/element/0.6142112000436633-3/displayed"
[14:17:53]  DATA		{}
[14:17:53]  COMMAND	POST 	 "/wd/hub/session/ffd076a947e4e644b36eba376079b331/elements"
[14:17:53]  DATA		{"using":"xpath","value":"//img[@alt='Mayfair Roulette']"}
[14:17:53]  RESULT		[{"ELEMENT":"0.6142112000436633-4"}]
[14:17:53]  COMMAND	GET 	 "/wd/hub/session/ffd076a947e4e644b36eba376079b331/element/0.6142112000436633-4/displayed"
[14:17:53]  DATA		{}
[14:17:53]  RESULT		true
[14:17:53]  COMMAND	POST 	 "/wd/hub/session/ffd076a947e4e644b36eba376079b331/element"
[14:17:53]  DATA		{"using":"xpath","value":"//img[@alt='Mayfair Roulette']"}
[14:17:53]  RESULT		{"ELEMENT":"0.6142112000436633-4"}
[14:17:53]  COMMAND	POST 	 "/wd/hub/session/ffd076a947e4e644b36eba376079b331/moveto"
[14:17:53]  DATA		{"element":"0.6142112000436633-4"}
[14:17:53]  COMMAND	POST 	 "/wd/hub/session/ffd076a947e4e644b36eba376079b331/element"
[14:17:53]  DATA		{"using":"xpath","value":"//button[@data-test='tile-menu-button-more']"}
[14:17:53]  COMMAND	POST 	 "/wd/hub/session/ffd076a947e4e644b36eba376079b331/elements"
[14:17:53]  DATA		{"using":"xpath","value":"//button[@data-test='tile-menu-button-more']"}
[14:17:53]  RESULT		[]
[14:17:54]  COMMAND	POST 	 "/wd/hub/session/ffd076a947e4e644b36eba376079b331/elements"
[14:17:54]  DATA		{"using":"xpath","value":"//button[@data-test='tile-menu-button-more']"}
[14:17:54]  RESULT		[{"ELEMENT":"0.6142112000436633-5"}]
[14:17:54]  COMMAND	GET 	 "/wd/hub/session/ffd076a947e4e644b36eba376079b331/element/0.6142112000436633-5/displayed"
[14:17:54]  DATA		{}
[14:17:54]  COMMAND	POST 	 "/wd/hub/session/ffd076a947e4e644b36eba376079b331/elements"
[14:17:54]  DATA		{"using":"xpath","value":"//button[@data-test='tile-menu-button-more']"}
[14:17:54]  RESULT		[{"ELEMENT":"0.6142112000436633-5"}]
[14:17:54]  COMMAND	GET 	 "/wd/hub/session/ffd076a947e4e644b36eba376079b331/element/0.6142112000436633-5/displayed"
[14:17:54]  DATA		{}
[14:17:54]  RESULT		true
[14:17:54]  COMMAND	POST 	 "/wd/hub/session/ffd076a947e4e644b36eba376079b331/element"
[14:17:54]  DATA		{"using":"xpath","value":"//button[@data-test='tile-menu-button-more']"}
[14:17:54]  RESULT		{"ELEMENT":"0.6142112000436633-5"}
[14:17:54]  COMMAND	POST 	 "/wd/hub/session/ffd076a947e4e644b36eba376079b331/element/0.6142112000436633-5/click"
[14:17:54]  DATA		{}
[14:17:55]  COMMAND	POST 	 "/wd/hub/session/ffd076a947e4e644b36eba376079b331/element"
[14:17:55]  DATA		{"using":"xpath","value":"//button[@data-test='tile-details-button-play']"}
[14:17:55]  RESULT		{"ELEMENT":"0.6142112000436633-6"}
[14:17:55]  COMMAND	POST 	 "/wd/hub/session/ffd076a947e4e644b36eba376079b331/elements"
[14:17:55]  DATA		{"using":"xpath","value":"//button[@data-test='tile-details-button-play']"}
[14:17:55]  RESULT		[{"ELEMENT":"0.6142112000436633-6"}]
[14:17:55]  COMMAND	GET 	 "/wd/hub/session/ffd076a947e4e644b36eba376079b331/element/0.6142112000436633-6/displayed"
[14:17:55]  DATA		{}
[14:17:55]  RESULT		true
[14:17:55]  COMMAND	POST 	 "/wd/hub/session/ffd076a947e4e644b36eba376079b331/element"
[14:17:55]  DATA		{"using":"xpath","value":"//button[@data-test='tile-details-button-play']"}
[14:17:55]  RESULT		{"ELEMENT":"0.6142112000436633-6"}
[14:17:55]  COMMAND	POST 	 "/wd/hub/session/ffd076a947e4e644b36eba376079b331/execute"
[14:17:55]  DATA		{"script":"return (function scroll(x, y) {\n    return window.scrollTo(x, y);\n}).apply(null, arguments)","args":[0,300]}
[14:17:55]  COMMAND	POST 	 "/wd/hub/session/ffd076a947e4e644b36eba376079b331/element"
[14:17:55]  DATA		{"using":"xpath","value":"//button[@data-test='tile-details-button-play']"}
[14:17:55]  RESULT		{"ELEMENT":"0.6142112000436633-6"}
[14:17:55]  COMMAND	POST 	 "/wd/hub/session/ffd076a947e4e644b36eba376079b331/element/0.6142112000436633-6/click"
[14:17:55]  DATA		{}
[14:17:55]  COMMAND	POST 	 "/wd/hub/session/ffd076a947e4e644b36eba376079b331/element"
[14:17:55]  DATA		{"using":"xpath","value":"//input[@id='login-form-username']"}
[14:17:55]  COMMAND	POST 	 "/wd/hub/session/ffd076a947e4e644b36eba376079b331/elements"
[14:17:55]  DATA		{"using":"xpath","value":"//input[@id='login-form-username']"}
[14:17:55]  RESULT		[]
[14:17:55]  COMMAND	POST 	 "/wd/hub/session/ffd076a947e4e644b36eba376079b331/elements"
[14:17:55]  DATA		{"using":"xpath","value":"//input[@id='login-form-username']"}
[14:17:55]  RESULT		[]
[14:17:56]  COMMAND	POST 	 "/wd/hub/session/ffd076a947e4e644b36eba376079b331/elements"
[14:17:56]  DATA		{"using":"xpath","value":"//input[@id='login-form-username']"}
[14:17:56]  RESULT		[]
[14:17:56]  COMMAND	POST 	 "/wd/hub/session/ffd076a947e4e644b36eba376079b331/elements"
[14:17:56]  DATA		{"using":"xpath","value":"//input[@id='login-form-username']"}
[14:17:56]  RESULT		[]
[14:17:57]  COMMAND	POST 	 "/wd/hub/session/ffd076a947e4e644b36eba376079b331/elements"
[14:17:57]  DATA		{"using":"xpath","value":"//input[@id='login-form-username']"}
[14:17:57]  RESULT		[]
[14:17:57]  COMMAND	POST 	 "/wd/hub/session/ffd076a947e4e644b36eba376079b331/elements"
[14:17:57]  DATA		{"using":"xpath","value":"//input[@id='login-form-username']"}
[14:17:57]  RESULT		[]
[14:17:58]  COMMAND	POST 	 "/wd/hub/session/ffd076a947e4e644b36eba376079b331/elements"
[14:17:58]  DATA		{"using":"xpath","value":"//input[@id='login-form-username']"}
[14:17:58]  RESULT		[]
[14:17:58]  COMMAND	POST 	 "/wd/hub/session/ffd076a947e4e644b36eba376079b331/elements"
[14:17:58]  DATA		{"using":"xpath","value":"//input[@id='login-form-username']"}
[14:17:58]  RESULT		[]
[14:17:59]  COMMAND	POST 	 "/wd/hub/session/ffd076a947e4e644b36eba376079b331/elements"
[14:17:59]  DATA		{"using":"xpath","value":"//input[@id='login-form-username']"}
[14:17:59]  RESULT		[]
[14:17:59]  COMMAND	POST 	 "/wd/hub/session/ffd076a947e4e644b36eba376079b331/elements"
[14:17:59]  DATA		{"using":"xpath","value":"//input[@id='login-form-username']"}
[14:17:59]  RESULT		[]
[14:18:00]  COMMAND	POST 	 "/wd/hub/session/ffd076a947e4e644b36eba376079b331/elements"
[14:18:00]  DATA		{"using":"xpath","value":"//input[@id='login-form-username']"}
[14:18:00]  RESULT		[]
[14:18:00]  COMMAND	POST 	 "/wd/hub/session/ffd076a947e4e644b36eba376079b331/elements"
[14:18:00]  DATA		{"using":"xpath","value":"//input[@id='login-form-username']"}
[14:18:00]  RESULT		[]
[14:18:01]  COMMAND	POST 	 "/wd/hub/session/ffd076a947e4e644b36eba376079b331/elements"
[14:18:01]  DATA		{"using":"xpath","value":"//input[@id='login-form-username']"}
[14:18:01]  RESULT		[]
[14:18:01]  COMMAND	POST 	 "/wd/hub/session/ffd076a947e4e644b36eba376079b331/elements"
[14:18:01]  DATA		{"using":"xpath","value":"//input[@id='login-form-username']"}
[14:18:01]  RESULT		[]
[14:18:02]  COMMAND	POST 	 "/wd/hub/session/ffd076a947e4e644b36eba376079b331/elements"
[14:18:02]  DATA		{"using":"xpath","value":"//input[@id='login-form-username']"}
[14:18:02]  RESULT		[]
[14:18:02]  COMMAND	POST 	 "/wd/hub/session/ffd076a947e4e644b36eba376079b331/elements"
[14:18:02]  DATA		{"using":"xpath","value":"//input[@id='login-form-username']"}
[14:18:02]  RESULT		[]
[14:18:03]  COMMAND	POST 	 "/wd/hub/session/ffd076a947e4e644b36eba376079b331/elements"
[14:18:03]  DATA		{"using":"xpath","value":"//input[@id='login-form-username']"}
[14:18:03]  RESULT		[]
[14:18:03]  COMMAND	POST 	 "/wd/hub/session/ffd076a947e4e644b36eba376079b331/elements"
[14:18:03]  DATA		{"using":"xpath","value":"//input[@id='login-form-username']"}
[14:18:03]  RESULT		[]
[14:18:04]  COMMAND	POST 	 "/wd/hub/session/ffd076a947e4e644b36eba376079b331/elements"
[14:18:04]  DATA		{"using":"xpath","value":"//input[@id='login-form-username']"}
[14:18:04]  RESULT		[]
[14:18:04]  COMMAND	POST 	 "/wd/hub/session/ffd076a947e4e644b36eba376079b331/elements"
[14:18:04]  DATA		{"using":"xpath","value":"//input[@id='login-form-username']"}
[14:18:04]  RESULT		[]
[14:18:05]  COMMAND	POST 	 "/wd/hub/session/ffd076a947e4e644b36eba376079b331/elements"
[14:18:05]  DATA		{"using":"xpath","value":"//input[@id='login-form-username']"}
[14:18:05]  RESULT		[]
[14:18:05]  COMMAND	POST 	 "/wd/hub/session/ffd076a947e4e644b36eba376079b331/elements"
[14:18:05]  DATA		{"using":"xpath","value":"//input[@id='login-form-username']"}
[14:18:05]  RESULT		[]
[14:18:06]  COMMAND	POST 	 "/wd/hub/session/ffd076a947e4e644b36eba376079b331/elements"
[14:18:06]  DATA		{"using":"xpath","value":"//input[@id='login-form-username']"}
[14:18:06]  RESULT		[]
[14:18:06]  COMMAND	POST 	 "/wd/hub/session/ffd076a947e4e644b36eba376079b331/elements"
[14:18:06]  DATA		{"using":"xpath","value":"//input[@id='login-form-username']"}
[14:18:06]  RESULT		[]
[14:18:07]  COMMAND	POST 	 "/wd/hub/session/ffd076a947e4e644b36eba376079b331/elements"
[14:18:07]  DATA		{"using":"xpath","value":"//input[@id='login-form-username']"}
[14:18:07]  RESULT		[]
[14:18:07]  COMMAND	POST 	 "/wd/hub/session/ffd076a947e4e644b36eba376079b331/elements"
[14:18:07]  DATA		{"using":"xpath","value":"//input[@id='login-form-username']"}
[14:18:07]  RESULT		[]
[14:18:08]  COMMAND	POST 	 "/wd/hub/session/ffd076a947e4e644b36eba376079b331/elements"
[14:18:08]  DATA		{"using":"xpath","value":"//input[@id='login-form-username']"}
[14:18:08]  RESULT		[]
[14:18:08]  COMMAND	POST 	 "/wd/hub/session/ffd076a947e4e644b36eba376079b331/elements"
[14:18:08]  DATA		{"using":"xpath","value":"//input[@id='login-form-username']"}
[14:18:08]  RESULT		[]
[14:18:09]  COMMAND	POST 	 "/wd/hub/session/ffd076a947e4e644b36eba376079b331/elements"
[14:18:09]  DATA		{"using":"xpath","value":"//input[@id='login-form-username']"}
[14:18:09]  RESULT		[]
[14:18:09]  COMMAND	POST 	 "/wd/hub/session/ffd076a947e4e644b36eba376079b331/elements"
[14:18:09]  DATA		{"using":"xpath","value":"//input[@id='login-form-username']"}
[14:18:09]  RESULT		[]
[14:18:10]  COMMAND	POST 	 "/wd/hub/session/ffd076a947e4e644b36eba376079b331/elements"
[14:18:10]  DATA		{"using":"xpath","value":"//input[@id='login-form-username']"}
[14:18:10]  RESULT		[]
[14:18:10]  COMMAND	POST 	 "/wd/hub/session/ffd076a947e4e644b36eba376079b331/elements"
[14:18:10]  DATA		{"using":"xpath","value":"//input[@id='login-form-username']"}
[14:18:10]  RESULT		[]
[14:18:11]  COMMAND	POST 	 "/wd/hub/session/ffd076a947e4e644b36eba376079b331/elements"
[14:18:11]  DATA		{"using":"xpath","value":"//input[@id='login-form-username']"}
[14:18:11]  RESULT		[]
[14:18:11]  COMMAND	POST 	 "/wd/hub/session/ffd076a947e4e644b36eba376079b331/elements"
[14:18:11]  DATA		{"using":"xpath","value":"//input[@id='login-form-username']"}
[14:18:11]  RESULT		[]
[14:18:12]  COMMAND	POST 	 "/wd/hub/session/ffd076a947e4e644b36eba376079b331/elements"
[14:18:12]  DATA		{"using":"xpath","value":"//input[@id='login-form-username']"}
[14:18:12]  RESULT		[]
[14:18:12]  COMMAND	POST 	 "/wd/hub/session/ffd076a947e4e644b36eba376079b331/elements"
[14:18:12]  DATA		{"using":"xpath","value":"//input[@id='login-form-username']"}
[14:18:12]  RESULT		[]
[14:18:13]  COMMAND	POST 	 "/wd/hub/session/ffd076a947e4e644b36eba376079b331/elements"
[14:18:13]  DATA		{"using":"xpath","value":"//input[@id='login-form-username']"}
[14:18:13]  RESULT		[]
[14:18:13]  COMMAND	POST 	 "/wd/hub/session/ffd076a947e4e644b36eba376079b331/elements"
[14:18:13]  DATA		{"using":"xpath","value":"//input[@id='login-form-username']"}
[14:18:13]  RESULT		[]
[14:18:14]  COMMAND	POST 	 "/wd/hub/session/ffd076a947e4e644b36eba376079b331/elements"
[14:18:14]  DATA		{"using":"xpath","value":"//input[@id='login-form-username']"}
[14:18:14]  RESULT		[]
[14:18:14]  COMMAND	POST 	 "/wd/hub/session/ffd076a947e4e644b36eba376079b331/elements"
[14:18:14]  DATA		{"using":"xpath","value":"//input[@id='login-form-username']"}
[14:18:14]  RESULT		[]
[14:18:15]  COMMAND	POST 	 "/wd/hub/session/ffd076a947e4e644b36eba376079b331/elements"
[14:18:15]  DATA		{"using":"xpath","value":"//input[@id='login-form-username']"}
[14:18:15]  RESULT		[]
[14:18:15]  COMMAND	POST 	 "/wd/hub/session/ffd076a947e4e644b36eba376079b331/elements"
[14:18:15]  DATA		{"using":"xpath","value":"//input[@id='login-form-username']"}
[14:18:15]  RESULT		[]
[14:18:16]  COMMAND	POST 	 "/wd/hub/session/ffd076a947e4e644b36eba376079b331/elements"
[14:18:16]  DATA		{"using":"xpath","value":"//input[@id='login-form-username']"}
[14:18:16]  RESULT		[]
[14:18:16]  COMMAND	POST 	 "/wd/hub/session/ffd076a947e4e644b36eba376079b331/elements"
[14:18:16]  DATA		{"using":"xpath","value":"//input[@id='login-form-username']"}
[14:18:16]  RESULT		[]
[14:18:17]  COMMAND	POST 	 "/wd/hub/session/ffd076a947e4e644b36eba376079b331/elements"
[14:18:17]  DATA		{"using":"xpath","value":"//input[@id='login-form-username']"}
[14:18:17]  RESULT		[]
[14:18:17]  COMMAND	POST 	 "/wd/hub/session/ffd076a947e4e644b36eba376079b331/elements"
[14:18:17]  DATA		{"using":"xpath","value":"//input[@id='login-form-username']"}
[14:18:17]  RESULT		[]
[14:18:18]  COMMAND	POST 	 "/wd/hub/session/ffd076a947e4e644b36eba376079b331/elements"
[14:18:18]  DATA		{"using":"xpath","value":"//input[@id='login-form-username']"}
[14:18:18]  RESULT		[]
[14:18:18]  COMMAND	POST 	 "/wd/hub/session/ffd076a947e4e644b36eba376079b331/elements"
[14:18:18]  DATA		{"using":"xpath","value":"//input[@id='login-form-username']"}
[14:18:18]  RESULT		[]
[14:18:19]  COMMAND	POST 	 "/wd/hub/session/ffd076a947e4e644b36eba376079b331/elements"
[14:18:19]  DATA		{"using":"xpath","value":"//input[@id='login-form-username']"}
[14:18:19]  RESULT		[]
[14:18:19]  COMMAND	POST 	 "/wd/hub/session/ffd076a947e4e644b36eba376079b331/elements"
[14:18:19]  DATA		{"using":"xpath","value":"//input[@id='login-form-username']"}
[14:18:19]  RESULT		[]
[14:18:20]  COMMAND	POST 	 "/wd/hub/session/ffd076a947e4e644b36eba376079b331/elements"
[14:18:20]  DATA		{"using":"xpath","value":"//input[@id='login-form-username']"}
[14:18:20]  RESULT		[]
[14:18:20]  COMMAND	POST 	 "/wd/hub/session/ffd076a947e4e644b36eba376079b331/elements"
[14:18:20]  DATA		{"using":"xpath","value":"//input[@id='login-form-username']"}
[14:18:20]  RESULT		[]
[14:18:21]  COMMAND	POST 	 "/wd/hub/session/ffd076a947e4e644b36eba376079b331/elements"
[14:18:21]  DATA		{"using":"xpath","value":"//input[@id='login-form-username']"}
[14:18:21]  RESULT		[]
[14:18:21]  COMMAND	POST 	 "/wd/hub/session/ffd076a947e4e644b36eba376079b331/elements"
[14:18:21]  DATA		{"using":"xpath","value":"//input[@id='login-form-username']"}
[14:18:21]  RESULT		[]
[14:18:22]  COMMAND	POST 	 "/wd/hub/session/ffd076a947e4e644b36eba376079b331/elements"
[14:18:22]  DATA		{"using":"xpath","value":"//input[@id='login-form-username']"}
[14:18:22]  RESULT		[]
[14:18:22]  COMMAND	POST 	 "/wd/hub/session/ffd076a947e4e644b36eba376079b331/elements"
[14:18:22]  DATA		{"using":"xpath","value":"//input[@id='login-form-username']"}
[14:18:22]  RESULT		[]
[14:18:23]  COMMAND	POST 	 "/wd/hub/session/ffd076a947e4e644b36eba376079b331/elements"
[14:18:23]  DATA		{"using":"xpath","value":"//input[@id='login-form-username']"}
[14:18:23]  RESULT		[]
[14:18:23]  COMMAND	POST 	 "/wd/hub/session/ffd076a947e4e644b36eba376079b331/elements"
[14:18:23]  DATA		{"using":"xpath","value":"//input[@id='login-form-username']"}
[14:18:23]  RESULT		[]
[14:18:24]  COMMAND	POST 	 "/wd/hub/session/ffd076a947e4e644b36eba376079b331/elements"
[14:18:24]  DATA		{"using":"xpath","value":"//input[@id='login-form-username']"}
[14:18:24]  RESULT		[]
[14:18:24]  COMMAND	POST 	 "/wd/hub/session/ffd076a947e4e644b36eba376079b331/elements"
[14:18:24]  DATA		{"using":"xpath","value":"//input[@id='login-form-username']"}
[14:18:24]  RESULT		[]
[14:18:25]  COMMAND	POST 	 "/wd/hub/session/ffd076a947e4e644b36eba376079b331/elements"
[14:18:25]  DATA		{"using":"xpath","value":"//input[@id='login-form-username']"}
[14:18:25]  RESULT		[]
[14:18:25]  COMMAND	POST 	 "/wd/hub/session/ffd076a947e4e644b36eba376079b331/elements"
[14:18:25]  DATA		{"using":"xpath","value":"//input[@id='login-form-username']"}
[14:18:25]  RESULT		[]
[14:18:26]  COMMAND	POST 	 "/wd/hub/session/ffd076a947e4e644b36eba376079b331/elements"
[14:18:26]  DATA		{"using":"xpath","value":"//input[@id='login-form-username']"}
[14:18:26]  RESULT		[]
[14:18:26]  COMMAND	POST 	 "/wd/hub/session/ffd076a947e4e644b36eba376079b331/elements"
[14:18:26]  DATA		{"using":"xpath","value":"//input[@id='login-form-username']"}
[14:18:26]  RESULT		[]
[14:18:27]  COMMAND	POST 	 "/wd/hub/session/ffd076a947e4e644b36eba376079b331/elements"
[14:18:27]  DATA		{"using":"xpath","value":"//input[@id='login-form-username']"}
[14:18:27]  RESULT		[]
[14:18:27]  COMMAND	POST 	 "/wd/hub/session/ffd076a947e4e644b36eba376079b331/elements"
[14:18:27]  DATA		{"using":"xpath","value":"//input[@id='login-form-username']"}
[14:18:27]  RESULT		[]
[14:18:28]  COMMAND	POST 	 "/wd/hub/session/ffd076a947e4e644b36eba376079b331/elements"
[14:18:28]  DATA		{"using":"xpath","value":"//input[@id='login-form-username']"}
[14:18:28]  RESULT		[]
[14:18:28]  COMMAND	POST 	 "/wd/hub/session/ffd076a947e4e644b36eba376079b331/elements"
[14:18:28]  DATA		{"using":"xpath","value":"//input[@id='login-form-username']"}
[14:18:28]  RESULT		[]
[14:18:29]  COMMAND	POST 	 "/wd/hub/session/ffd076a947e4e644b36eba376079b331/elements"
[14:18:29]  DATA		{"using":"xpath","value":"//input[@id='login-form-username']"}
[14:18:29]  RESULT		[]
[14:18:29]  COMMAND	POST 	 "/wd/hub/session/ffd076a947e4e644b36eba376079b331/elements"
[14:18:29]  DATA		{"using":"xpath","value":"//input[@id='login-form-username']"}
[14:18:29]  RESULT		[]
[14:18:30]  COMMAND	POST 	 "/wd/hub/session/ffd076a947e4e644b36eba376079b331/elements"
[14:18:30]  DATA		{"using":"xpath","value":"//input[@id='login-form-username']"}
[14:18:30]  RESULT		[]
[14:18:30]  COMMAND	POST 	 "/wd/hub/session/ffd076a947e4e644b36eba376079b331/elements"
[14:18:30]  DATA		{"using":"xpath","value":"//input[@id='login-form-username']"}
[14:18:30]  RESULT		[]
[14:18:31]  COMMAND	POST 	 "/wd/hub/session/ffd076a947e4e644b36eba376079b331/elements"
[14:18:31]  DATA		{"using":"xpath","value":"//input[@id='login-form-username']"}
[14:18:31]  RESULT		[]
[14:18:31]  COMMAND	POST 	 "/wd/hub/session/ffd076a947e4e644b36eba376079b331/elements"
[14:18:31]  DATA		{"using":"xpath","value":"//input[@id='login-form-username']"}
[14:18:31]  RESULT		[]
[14:18:32]  COMMAND	POST 	 "/wd/hub/session/ffd076a947e4e644b36eba376079b331/elements"
[14:18:32]  DATA		{"using":"xpath","value":"//input[@id='login-form-username']"}
[14:18:32]  RESULT		[]
[14:18:32]  COMMAND	POST 	 "/wd/hub/session/ffd076a947e4e644b36eba376079b331/elements"
[14:18:32]  DATA		{"using":"xpath","value":"//input[@id='login-form-username']"}
[14:18:32]  RESULT		[]
[14:18:33]  COMMAND	POST 	 "/wd/hub/session/ffd076a947e4e644b36eba376079b331/elements"
[14:18:33]  DATA		{"using":"xpath","value":"//input[@id='login-form-username']"}
[14:18:33]  RESULT		[]
[14:18:33]  COMMAND	POST 	 "/wd/hub/session/ffd076a947e4e644b36eba376079b331/elements"
[14:18:33]  DATA		{"using":"xpath","value":"//input[@id='login-form-username']"}
[14:18:33]  RESULT		[]
[14:18:34]  COMMAND	POST 	 "/wd/hub/session/ffd076a947e4e644b36eba376079b331/elements"
[14:18:34]  DATA		{"using":"xpath","value":"//input[@id='login-form-username']"}
[14:18:34]  RESULT		[]
[14:18:34]  COMMAND	POST 	 "/wd/hub/session/ffd076a947e4e644b36eba376079b331/elements"
[14:18:34]  DATA		{"using":"xpath","value":"//input[@id='login-form-username']"}
[14:18:34]  RESULT		[]
[14:18:35]  COMMAND	POST 	 "/wd/hub/session/ffd076a947e4e644b36eba376079b331/elements"
[14:18:35]  DATA		{"using":"xpath","value":"//input[@id='login-form-username']"}
[14:18:35]  RESULT		[]
[14:18:35]  COMMAND	POST 	 "/wd/hub/session/ffd076a947e4e644b36eba376079b331/elements"
[14:18:35]  DATA		{"using":"xpath","value":"//input[@id='login-form-username']"}
[14:18:35]  RESULT		[]
[14:18:36]  COMMAND	POST 	 "/wd/hub/session/ffd076a947e4e644b36eba376079b331/elements"
[14:18:36]  DATA		{"using":"xpath","value":"//input[@id='login-form-username']"}
[14:18:36]  RESULT		[]
[14:18:36]  COMMAND	POST 	 "/wd/hub/session/ffd076a947e4e644b36eba376079b331/elements"
[14:18:36]  DATA		{"using":"xpath","value":"//input[@id='login-form-username']"}
[14:18:36]  RESULT		[]
[14:18:37]  COMMAND	POST 	 "/wd/hub/session/ffd076a947e4e644b36eba376079b331/elements"
[14:18:37]  DATA		{"using":"xpath","value":"//input[@id='login-form-username']"}
[14:18:37]  RESULT		[]
[14:18:37]  COMMAND	POST 	 "/wd/hub/session/ffd076a947e4e644b36eba376079b331/elements"
[14:18:37]  DATA		{"using":"xpath","value":"//input[@id='login-form-username']"}
[14:18:37]  RESULT		[]
[14:18:38]  COMMAND	POST 	 "/wd/hub/session/ffd076a947e4e644b36eba376079b331/elements"
[14:18:38]  DATA		{"using":"xpath","value":"//input[@id='login-form-username']"}
[14:18:38]  RESULT		[]
[14:18:38]  COMMAND	POST 	 "/wd/hub/session/ffd076a947e4e644b36eba376079b331/elements"
[14:18:38]  DATA		{"using":"xpath","value":"//input[@id='login-form-username']"}
[14:18:38]  RESULT		[]
[14:18:39]  COMMAND	POST 	 "/wd/hub/session/ffd076a947e4e644b36eba376079b331/elements"
[14:18:39]  DATA		{"using":"xpath","value":"//input[@id='login-form-username']"}
[14:18:39]  RESULT		[]
[14:18:39]  COMMAND	POST 	 "/wd/hub/session/ffd076a947e4e644b36eba376079b331/elements"
[14:18:39]  DATA		{"using":"xpath","value":"//input[@id='login-form-username']"}
[14:18:39]  RESULT		[]
[14:18:40]  COMMAND	POST 	 "/wd/hub/session/ffd076a947e4e644b36eba376079b331/elements"
[14:18:40]  DATA		{"using":"xpath","value":"//input[@id='login-form-username']"}
[14:18:40]  RESULT		[]
[14:18:40]  COMMAND	POST 	 "/wd/hub/session/ffd076a947e4e644b36eba376079b331/elements"
[14:18:40]  DATA		{"using":"xpath","value":"//input[@id='login-form-username']"}
[14:18:40]  RESULT		[]
[14:18:41]  COMMAND	POST 	 "/wd/hub/session/ffd076a947e4e644b36eba376079b331/elements"
[14:18:41]  DATA		{"using":"xpath","value":"//input[@id='login-form-username']"}
[14:18:41]  RESULT		[]
[14:18:41]  COMMAND	POST 	 "/wd/hub/session/ffd076a947e4e644b36eba376079b331/elements"
[14:18:41]  DATA		{"using":"xpath","value":"//input[@id='login-form-username']"}
[14:18:41]  RESULT		[]
[14:18:42]  COMMAND	POST 	 "/wd/hub/session/ffd076a947e4e644b36eba376079b331/elements"
[14:18:42]  DATA		{"using":"xpath","value":"//input[@id='login-form-username']"}
[14:18:42]  RESULT		[]
[14:18:42]  COMMAND	POST 	 "/wd/hub/session/ffd076a947e4e644b36eba376079b331/elements"
[14:18:42]  DATA		{"using":"xpath","value":"//input[@id='login-form-username']"}
[14:18:42]  RESULT		[]
[14:18:43]  COMMAND	POST 	 "/wd/hub/session/ffd076a947e4e644b36eba376079b331/elements"
[14:18:43]  DATA		{"using":"xpath","value":"//input[@id='login-form-username']"}
[14:18:43]  RESULT		[]
[14:18:43]  COMMAND	POST 	 "/wd/hub/session/ffd076a947e4e644b36eba376079b331/elements"
[14:18:43]  DATA		{"using":"xpath","value":"//input[@id='login-form-username']"}
[14:18:43]  RESULT		[]
[14:18:44]  COMMAND	POST 	 "/wd/hub/session/ffd076a947e4e644b36eba376079b331/elements"
[14:18:44]  DATA		{"using":"xpath","value":"//input[@id='login-form-username']"}
[14:18:44]  RESULT		[]
[14:18:44]  COMMAND	POST 	 "/wd/hub/session/ffd076a947e4e644b36eba376079b331/elements"
[14:18:44]  DATA		{"using":"xpath","value":"//input[@id='login-form-username']"}
[14:18:44]  RESULT		[]
[14:18:45]  COMMAND	POST 	 "/wd/hub/session/ffd076a947e4e644b36eba376079b331/elements"
[14:18:45]  DATA		{"using":"xpath","value":"//input[@id='login-form-username']"}
[14:18:45]  RESULT		[]
[14:18:45]  COMMAND	POST 	 "/wd/hub/session/ffd076a947e4e644b36eba376079b331/elements"
[14:18:45]  DATA		{"using":"xpath","value":"//input[@id='login-form-username']"}
[14:18:45]  RESULT		[]
[14:18:46]  COMMAND	POST 	 "/wd/hub/session/ffd076a947e4e644b36eba376079b331/elements"
[14:18:46]  DATA		{"using":"xpath","value":"//input[@id='login-form-username']"}
[14:18:46]  RESULT		[]
[14:18:46]  COMMAND	POST 	 "/wd/hub/session/ffd076a947e4e644b36eba376079b331/elements"
[14:18:46]  DATA		{"using":"xpath","value":"//input[@id='login-form-username']"}
[14:18:46]  RESULT		[]
[14:18:47]  COMMAND	POST 	 "/wd/hub/session/ffd076a947e4e644b36eba376079b331/elements"
[14:18:47]  DATA		{"using":"xpath","value":"//input[@id='login-form-username']"}
[14:18:47]  RESULT		[]
[14:18:47]  COMMAND	POST 	 "/wd/hub/session/ffd076a947e4e644b36eba376079b331/elements"
[14:18:47]  DATA		{"using":"xpath","value":"//input[@id='login-form-username']"}
[14:18:47]  RESULT		[]
[14:18:48]  COMMAND	POST 	 "/wd/hub/session/ffd076a947e4e644b36eba376079b331/elements"
[14:18:48]  DATA		{"using":"xpath","value":"//input[@id='login-form-username']"}
[14:18:48]  RESULT		[]
[14:18:48]  COMMAND	GET 	 "/wd/hub/session/ffd076a947e4e644b36eba376079b331/window/current/size"
[14:18:48]  DATA		{}
[14:18:48]  RESULT		{"height":899,"width":1374}
[14:18:48]  COMMAND	POST 	 "/wd/hub/session/ffd076a947e4e644b36eba376079b331/execute"
[14:18:48]  DATA		{"script":"return (function getViewportSize() {\n    return {\n        screenWidth: Math.max(document.documentElement.clientWidth, window.innerWidth || 0),\n        screenHeight: Math.max(document.documentElement.clientHeight, window.innerHeight || 0)\n    };\n}).apply(null, arguments)","args":[]}
[14:18:48]  RESULT		{"screenHeight":768,"screenWidth":1366}
[14:18:48]  COMMAND	POST 	 "/wd/hub/session/ffd076a947e4e644b36eba376079b331/window/current/size"
[14:18:48]  DATA		{"width":328,"height":851}
[14:18:48]  COMMAND	POST 	 "/wd/hub/session/ffd076a947e4e644b36eba376079b331/execute"
[14:18:48]  DATA		{"script":"return (function getViewportSize() {\n    return {\n        screenWidth: Math.max(document.documentElement.clientWidth, window.innerWidth || 0),\n        screenHeight: Math.max(document.documentElement.clientHeight, window.innerHeight || 0)\n    };\n}).apply(null, arguments)","args":[]}
[14:18:48]  RESULT		{"screenHeight":720,"screenWidth":517}
[14:18:48]  COMMAND	GET 	 "/wd/hub/session/ffd076a947e4e644b36eba376079b331/window/current/size"
[14:18:48]  DATA		{}
[14:18:48]  RESULT		{"height":851,"width":525}
[14:18:48]  COMMAND	POST 	 "/wd/hub/session/ffd076a947e4e644b36eba376079b331/execute"
[14:18:48]  DATA		{"script":"return (function getViewportSize() {\n    return {\n        screenWidth: Math.max(document.documentElement.clientWidth, window.innerWidth || 0),\n        screenHeight: Math.max(document.documentElement.clientHeight, window.innerHeight || 0)\n    };\n}).apply(null, arguments)","args":[]}
[14:18:48]  RESULT		{"screenHeight":720,"screenWidth":517}
[14:18:48]  COMMAND	POST 	 "/wd/hub/session/ffd076a947e4e644b36eba376079b331/window/current/size"
[14:18:48]  DATA		{"width":328,"height":851}
[14:18:48]  COMMAND	POST 	 "/wd/hub/session/ffd076a947e4e644b36eba376079b331/elements"
[14:18:48]  DATA		{"using":"xpath","value":"//input[@id='login-form-username']"}
[14:18:48]  COMMAND	POST 	 "/wd/hub/session/ffd076a947e4e644b36eba376079b331/execute"
[14:18:48]  DATA		{"script":"return (function getViewportSize() {\n    return {\n        screenWidth: Math.max(document.documentElement.clientWidth, window.innerWidth || 0),\n        screenHeight: Math.max(document.documentElement.clientHeight, window.innerHeight || 0)\n    };\n}).apply(null, arguments)","args":[]}
[14:18:48]  RESULT		[]
[14:18:48]  RESULT		{"screenHeight":720,"screenWidth":517}
[14:18:48]  COMMAND	GET 	 "/wd/hub/session/ffd076a947e4e644b36eba376079b331/window/current/size"
[14:18:48]  DATA		{}
[14:18:48]  RESULT		{"height":851,"width":525}
[14:18:48]  COMMAND	POST 	 "/wd/hub/session/ffd076a947e4e644b36eba376079b331/execute"
[14:18:48]  DATA		{"script":"return (function getViewportSize() {\n    return {\n        screenWidth: Math.max(document.documentElement.clientWidth, window.innerWidth || 0),\n        screenHeight: Math.max(document.documentElement.clientHeight, window.innerHeight || 0)\n    };\n}).apply(null, arguments)","args":[]}
[14:18:48]  RESULT		{"screenHeight":720,"screenWidth":517}
[14:18:48]  COMMAND	POST 	 "/wd/hub/session/ffd076a947e4e644b36eba376079b331/window/current/size"
[14:18:48]  DATA		{"width":328,"height":851}
[14:18:49]  COMMAND	POST 	 "/wd/hub/session/ffd076a947e4e644b36eba376079b331/execute"
[14:18:49]  DATA		{"script":"return (function getViewportSize() {\n    return {\n        screenWidth: Math.max(document.documentElement.clientWidth, window.innerWidth || 0),\n        screenHeight: Math.max(document.documentElement.clientHeight, window.innerHeight || 0)\n    };\n}).apply(null, arguments)","args":[]}
[14:18:49]  RESULT		{"screenHeight":720,"screenWidth":517}
[14:18:49]  COMMAND	GET 	 "/wd/hub/session/ffd076a947e4e644b36eba376079b331/window/current/size"
[14:18:49]  DATA		{}
[14:18:49]  RESULT		{"height":851,"width":525}
[14:18:49]  COMMAND	POST 	 "/wd/hub/session/ffd076a947e4e644b36eba376079b331/execute"
[14:18:49]  DATA		{"script":"return (function getViewportSize() {\n    return {\n        screenWidth: Math.max(document.documentElement.clientWidth, window.innerWidth || 0),\n        screenHeight: Math.max(document.documentElement.clientHeight, window.innerHeight || 0)\n    };\n}).apply(null, arguments)","args":[]}
[14:18:49]  RESULT		{"screenHeight":720,"screenWidth":517}
[14:18:49]  COMMAND	POST 	 "/wd/hub/session/ffd076a947e4e644b36eba376079b331/window/current/size"
[14:18:49]  DATA		{"width":328,"height":851}
[14:18:49]  COMMAND	POST 	 "/wd/hub/session/ffd076a947e4e644b36eba376079b331/execute"
[14:18:49]  DATA		{"script":"return (function getViewportSize() {\n    return {\n        screenWidth: Math.max(document.documentElement.clientWidth, window.innerWidth || 0),\n        screenHeight: Math.max(document.documentElement.clientHeight, window.innerHeight || 0)\n    };\n}).apply(null, arguments)","args":[]}
[14:18:49]  RESULT		{"screenHeight":720,"screenWidth":517}
[14:18:49]  COMMAND	GET 	 "/wd/hub/session/ffd076a947e4e644b36eba376079b331/window/current/size"
[14:18:49]  DATA		{}
[14:18:49]  RESULT		{"height":851,"width":525}
[14:18:49]  COMMAND	POST 	 "/wd/hub/session/ffd076a947e4e644b36eba376079b331/execute"
[14:18:49]  DATA		{"script":"return (function getViewportSize() {\n    return {\n        screenWidth: Math.max(document.documentElement.clientWidth, window.innerWidth || 0),\n        screenHeight: Math.max(document.documentElement.clientHeight, window.innerHeight || 0)\n    };\n}).apply(null, arguments)","args":[]}
[14:18:49]  RESULT		{"screenHeight":720,"screenWidth":517}
[14:18:49]  COMMAND	POST 	 "/wd/hub/session/ffd076a947e4e644b36eba376079b331/window/current/size"
[14:18:49]  DATA		{"width":328,"height":851}
[14:18:49]  COMMAND	POST 	 "/wd/hub/session/ffd076a947e4e644b36eba376079b331/execute"
[14:18:49]  DATA		{"script":"return (function getViewportSize() {\n    return {\n        screenWidth: Math.max(document.documentElement.clientWidth, window.innerWidth || 0),\n        screenHeight: Math.max(document.documentElement.clientHeight, window.innerHeight || 0)\n    };\n}).apply(null, arguments)","args":[]}
[14:18:49]  COMMAND	POST 	 "/wd/hub/session/ffd076a947e4e644b36eba376079b331/elements"
[14:18:49]  DATA		{"using":"xpath","value":"//input[@id='login-form-username']"}
[14:18:49]  RESULT		{"screenHeight":720,"screenWidth":517}
[14:18:49]  COMMAND	GET 	 "/wd/hub/session/ffd076a947e4e644b36eba376079b331/window/current/size"
[14:18:49]  DATA		{}
[14:18:49]  RESULT		[]
[14:18:49]  RESULT		{"height":851,"width":525}
[14:18:49]  COMMAND	POST 	 "/wd/hub/session/ffd076a947e4e644b36eba376079b331/execute"
[14:18:49]  DATA		{"script":"return (function getViewportSize() {\n    return {\n        screenWidth: Math.max(document.documentElement.clientWidth, window.innerWidth || 0),\n        screenHeight: Math.max(document.documentElement.clientHeight, window.innerHeight || 0)\n    };\n}).apply(null, arguments)","args":[]}
[14:18:49]  RESULT		{"screenHeight":720,"screenWidth":517}
[14:18:49]  COMMAND	POST 	 "/wd/hub/session/ffd076a947e4e644b36eba376079b331/window/current/size"
[14:18:49]  DATA		{"width":328,"height":851}
[14:18:49]  COMMAND	POST 	 "/wd/hub/session/ffd076a947e4e644b36eba376079b331/execute"
[14:18:49]  DATA		{"script":"return (function getViewportSize() {\n    return {\n        screenWidth: Math.max(document.documentElement.clientWidth, window.innerWidth || 0),\n        screenHeight: Math.max(document.documentElement.clientHeight, window.innerHeight || 0)\n    };\n}).apply(null, arguments)","args":[]}
[14:18:49]  RESULT		{"screenHeight":720,"screenWidth":517}
[14:18:49]  COMMAND	POST 	 "/wd/hub/session/ffd076a947e4e644b36eba376079b331/url"
[14:18:49]  DATA		{"url":"https://vegas.williamhill.com/"}
[14:18:49]  COMMAND	POST 	 "/wd/hub/session/ffd076a947e4e644b36eba376079b331/elements"
[14:18:49]  DATA		{"using":"xpath","value":"//input[@id='login-form-username']"}
[14:19:48]  COMMAND	DELETE 	 "/wd/hub/session/ffd076a947e4e644b36eba376079b331"
[14:19:48]  DATA		{}
