[13:58:36]  COMMAND	POST 	 "/wd/hub/session"
[13:58:36]  DATA		{"desiredCapabilities":{"javascriptEnabled":true,"locationContextEnabled":true,"handlesAlerts":true,"rotatable":true,"browserName":"chrome","width":"2000","height":"2000","loggingPrefs":{"browser":"ALL","driver":"ALL"},"requestOrigins":{"url":"http://webdriver.io","version":"4.14.1","name":"webdriverio"}}}
[13:58:36]  INFO	SET SESSION ID aabe0dc2973b728320a354a032576c99
[13:58:36]  RESULT		{"acceptInsecureCerts":false,"acceptSslCerts":false,"applicationCacheEnabled":false,"browserConnectionEnabled":false,"browserName":"chrome","chrome":{"chromedriverVersion":"2.43.600233 (523efee95e3d68b8719b3a1c83051aa63aa6b10d)","userDataDir":"/tmp/.org.chromium.Chromium.HZjMch"},"cssSelectorsEnabled":true,"databaseEnabled":false,"goog:chromeOptions":{"debuggerAddress":"localhost:46309"},"handlesAlerts":true,"hasTouchScreen":false,"javascriptEnabled":true,"locationContextEnabled":true,"mobileEmulationEnabled":false,"nativeEvents":true,"networkConnectionEnabled":false,"pageLoadStrategy":"normal","platform":"Linux","rotatable":false,"setWindowRect":true,"takesHeapSnapshot":true,"takesScreenshot":true,"unexpectedAlertBehaviour":"","version":"71.0.3578.80","webStorageEnabled":true,"webdriver.remote.sessionid":"aabe0dc2973b728320a354a032576c99"}
[13:58:36]  COMMAND	GET 	 "/wd/hub/session/aabe0dc2973b728320a354a032576c99/window/current/size"
[13:58:36]  DATA		{}
[13:58:36]  RESULT		{"height":1033,"width":945}
[13:58:36]  COMMAND	POST 	 "/wd/hub/session/aabe0dc2973b728320a354a032576c99/execute"
[13:58:36]  DATA		{"script":"return (function getViewportSize() {\n    return {\n        screenWidth: Math.max(document.documentElement.clientWidth, window.innerWidth || 0),\n        screenHeight: Math.max(document.documentElement.clientHeight, window.innerHeight || 0)\n    };\n}).apply(null, arguments)","args":[]}
[13:58:36]  RESULT		{"screenHeight":902,"screenWidth":937}
[13:58:36]  COMMAND	POST 	 "/wd/hub/session/aabe0dc2973b728320a354a032576c99/window/current/size"
[13:58:36]  DATA		{"width":1448,"height":1031}
[13:58:37]  COMMAND	POST 	 "/wd/hub/session/aabe0dc2973b728320a354a032576c99/execute"
[13:58:37]  DATA		{"script":"return (function getViewportSize() {\n    return {\n        screenWidth: Math.max(document.documentElement.clientWidth, window.innerWidth || 0),\n        screenHeight: Math.max(document.documentElement.clientHeight, window.innerHeight || 0)\n    };\n}).apply(null, arguments)","args":[]}
[13:58:37]  RESULT		{"screenHeight":900,"screenWidth":1440}
[13:58:37]  COMMAND	POST 	 "/wd/hub/session/aabe0dc2973b728320a354a032576c99/url"
[13:58:37]  DATA		{"url":"https://vegas.williamhill.com/"}
[13:58:40]  COMMAND	POST 	 "/wd/hub/session/aabe0dc2973b728320a354a032576c99/element"
[13:58:40]  DATA		{"using":"xpath","value":"//button[contains(@data-test,'game-search-button')]"}
[13:58:40]  RESULT		{"ELEMENT":"0.47823288423859833-1"}
[13:58:40]  COMMAND	POST 	 "/wd/hub/session/aabe0dc2973b728320a354a032576c99/elements"
[13:58:40]  DATA		{"using":"xpath","value":"//button[contains(@data-test,'game-search-button')]"}
[13:58:40]  RESULT		[{"ELEMENT":"0.47823288423859833-1"}]
[13:58:40]  COMMAND	GET 	 "/wd/hub/session/aabe0dc2973b728320a354a032576c99/element/0.47823288423859833-1/displayed"
[13:58:40]  DATA		{}
[13:58:40]  RESULT		true
[13:58:40]  COMMAND	POST 	 "/wd/hub/session/aabe0dc2973b728320a354a032576c99/element"
[13:58:40]  DATA		{"using":"xpath","value":"//button[normalize-space() = \"Accept & Close\"]"}
[13:58:40]  COMMAND	POST 	 "/wd/hub/session/aabe0dc2973b728320a354a032576c99/elements"
[13:58:40]  DATA		{"using":"xpath","value":"//button[normalize-space() = \"Accept & Close\"]"}
[13:58:40]  RESULT		[]
[13:58:41]  COMMAND	POST 	 "/wd/hub/session/aabe0dc2973b728320a354a032576c99/elements"
[13:58:41]  DATA		{"using":"xpath","value":"//button[normalize-space() = \"Accept & Close\"]"}
[13:58:41]  RESULT		[{"ELEMENT":"0.47823288423859833-2"}]
[13:58:41]  COMMAND	GET 	 "/wd/hub/session/aabe0dc2973b728320a354a032576c99/element/0.47823288423859833-2/displayed"
[13:58:41]  DATA		{}
[13:58:41]  RESULT		true
[13:58:41]  COMMAND	POST 	 "/wd/hub/session/aabe0dc2973b728320a354a032576c99/element"
[13:58:41]  DATA		{"using":"xpath","value":"//button[normalize-space() = \"Accept & Close\"]"}
[13:58:41]  RESULT		{"ELEMENT":"0.47823288423859833-2"}
[13:58:41]  COMMAND	POST 	 "/wd/hub/session/aabe0dc2973b728320a354a032576c99/element/0.47823288423859833-2/click"
[13:58:41]  DATA		{}
[13:58:41]  COMMAND	POST 	 "/wd/hub/session/aabe0dc2973b728320a354a032576c99/element"
[13:58:41]  DATA		{"using":"xpath","value":"//button[contains(@data-test,'game-search-button')]"}
[13:58:41]  RESULT		{"ELEMENT":"0.47823288423859833-1"}
[13:58:41]  COMMAND	POST 	 "/wd/hub/session/aabe0dc2973b728320a354a032576c99/element/0.47823288423859833-1/click"
[13:58:41]  DATA		{}
[13:58:41]  COMMAND	POST 	 "/wd/hub/session/aabe0dc2973b728320a354a032576c99/element"
[13:58:41]  DATA		{"using":"xpath","value":"//input[@data-test='game-search-field']"}
[13:58:41]  RESULT		{"ELEMENT":"0.47823288423859833-3"}
[13:58:41]  COMMAND	POST 	 "/wd/hub/session/aabe0dc2973b728320a354a032576c99/element/0.47823288423859833-3/value"
[13:58:41]  DATA		{"value":["M","a","y","f","a","i","r"," ","R","o","(6 more items)"],"text":"Mayfair Roulette"}
[13:58:41]  COMMAND	POST 	 "/wd/hub/session/aabe0dc2973b728320a354a032576c99/element"
[13:58:41]  DATA		{"using":"xpath","value":"//img[@alt='Mayfair Roulette']"}
[13:58:41]  RESULT		{"ELEMENT":"0.47823288423859833-4"}
[13:58:41]  COMMAND	POST 	 "/wd/hub/session/aabe0dc2973b728320a354a032576c99/elements"
[13:58:41]  DATA		{"using":"xpath","value":"//img[@alt='Mayfair Roulette']"}
[13:58:41]  RESULT		[{"ELEMENT":"0.47823288423859833-4"}]
[13:58:41]  COMMAND	GET 	 "/wd/hub/session/aabe0dc2973b728320a354a032576c99/element/0.47823288423859833-4/displayed"
[13:58:41]  DATA		{}
[13:58:42]  COMMAND	POST 	 "/wd/hub/session/aabe0dc2973b728320a354a032576c99/elements"
[13:58:42]  DATA		{"using":"xpath","value":"//img[@alt='Mayfair Roulette']"}
[13:58:42]  RESULT		[{"ELEMENT":"0.47823288423859833-5"}]
[13:58:42]  COMMAND	GET 	 "/wd/hub/session/aabe0dc2973b728320a354a032576c99/element/0.47823288423859833-5/displayed"
[13:58:42]  DATA		{}
[13:58:42]  RESULT		true
[13:58:42]  COMMAND	POST 	 "/wd/hub/session/aabe0dc2973b728320a354a032576c99/element"
[13:58:42]  DATA		{"using":"xpath","value":"//img[@alt='Mayfair Roulette']"}
[13:58:42]  RESULT		{"ELEMENT":"0.47823288423859833-5"}
[13:58:42]  COMMAND	POST 	 "/wd/hub/session/aabe0dc2973b728320a354a032576c99/moveto"
[13:58:42]  DATA		{"element":"0.47823288423859833-5"}
[13:58:42]  COMMAND	POST 	 "/wd/hub/session/aabe0dc2973b728320a354a032576c99/element"
[13:58:42]  DATA		{"using":"xpath","value":"//button[@data-test='tile-menu-button-more']"}
[13:58:42]  COMMAND	POST 	 "/wd/hub/session/aabe0dc2973b728320a354a032576c99/elements"
[13:58:42]  DATA		{"using":"xpath","value":"//button[@data-test='tile-menu-button-more']"}
[13:58:42]  RESULT		[]
[13:58:43]  COMMAND	POST 	 "/wd/hub/session/aabe0dc2973b728320a354a032576c99/elements"
[13:58:43]  DATA		{"using":"xpath","value":"//button[@data-test='tile-menu-button-more']"}
[13:58:43]  RESULT		[{"ELEMENT":"0.47823288423859833-6"}]
[13:58:43]  COMMAND	GET 	 "/wd/hub/session/aabe0dc2973b728320a354a032576c99/element/0.47823288423859833-6/displayed"
[13:58:43]  DATA		{}
[13:58:43]  COMMAND	POST 	 "/wd/hub/session/aabe0dc2973b728320a354a032576c99/elements"
[13:58:43]  DATA		{"using":"xpath","value":"//button[@data-test='tile-menu-button-more']"}
[13:58:43]  RESULT		[{"ELEMENT":"0.47823288423859833-6"}]
[13:58:43]  COMMAND	GET 	 "/wd/hub/session/aabe0dc2973b728320a354a032576c99/element/0.47823288423859833-6/displayed"
[13:58:43]  DATA		{}
[13:58:43]  RESULT		true
[13:58:43]  COMMAND	POST 	 "/wd/hub/session/aabe0dc2973b728320a354a032576c99/element"
[13:58:43]  DATA		{"using":"xpath","value":"//button[@data-test='tile-menu-button-more']"}
[13:58:43]  RESULT		{"ELEMENT":"0.47823288423859833-6"}
[13:58:43]  COMMAND	POST 	 "/wd/hub/session/aabe0dc2973b728320a354a032576c99/element/0.47823288423859833-6/click"
[13:58:43]  DATA		{}
[13:58:43]  COMMAND	POST 	 "/wd/hub/session/aabe0dc2973b728320a354a032576c99/element"
[13:58:43]  DATA		{"using":"xpath","value":"//button[@data-test='tile-details-button-play']"}
[13:58:43]  RESULT		{"ELEMENT":"0.47823288423859833-7"}
[13:58:43]  COMMAND	POST 	 "/wd/hub/session/aabe0dc2973b728320a354a032576c99/elements"
[13:58:43]  DATA		{"using":"xpath","value":"//button[@data-test='tile-details-button-play']"}
[13:58:43]  RESULT		[{"ELEMENT":"0.47823288423859833-7"}]
[13:58:43]  COMMAND	GET 	 "/wd/hub/session/aabe0dc2973b728320a354a032576c99/element/0.47823288423859833-7/displayed"
[13:58:43]  DATA		{}
[13:58:43]  RESULT		true
[13:58:43]  COMMAND	POST 	 "/wd/hub/session/aabe0dc2973b728320a354a032576c99/element"
[13:58:43]  DATA		{"using":"xpath","value":"//button[@data-test='tile-details-button-play']"}
[13:58:43]  RESULT		{"ELEMENT":"0.47823288423859833-7"}
[13:58:43]  COMMAND	POST 	 "/wd/hub/session/aabe0dc2973b728320a354a032576c99/element/0.47823288423859833-7/click"
[13:58:43]  DATA		{}
[13:58:47]  COMMAND	DELETE 	 "/wd/hub/session/aabe0dc2973b728320a354a032576c99"
[13:58:47]  DATA		{}
