[12:20:53]  COMMAND	POST 	 "/wd/hub/session"
[12:20:53]  DATA		{"desiredCapabilities":{"javascriptEnabled":true,"locationContextEnabled":true,"handlesAlerts":true,"rotatable":true,"browserName":"chrome","loggingPrefs":{"browser":"ALL","driver":"ALL"},"requestOrigins":{"url":"http://webdriver.io","version":"4.14.1","name":"webdriverio"}}}
[12:20:53]  INFO	SET SESSION ID b05b904f53c06e104e12b9f3cadbf65f
[12:20:53]  RESULT		{"acceptInsecureCerts":false,"acceptSslCerts":false,"applicationCacheEnabled":false,"browserConnectionEnabled":false,"browserName":"chrome","chrome":{"chromedriverVersion":"2.43.600233 (523efee95e3d68b8719b3a1c83051aa63aa6b10d)","userDataDir":"/tmp/.org.chromium.Chromium.bv9Hwp"},"cssSelectorsEnabled":true,"databaseEnabled":false,"goog:chromeOptions":{"debuggerAddress":"localhost:38747"},"handlesAlerts":true,"hasTouchScreen":false,"javascriptEnabled":true,"locationContextEnabled":true,"mobileEmulationEnabled":false,"nativeEvents":true,"networkConnectionEnabled":false,"pageLoadStrategy":"normal","platform":"Linux","rotatable":false,"setWindowRect":true,"takesHeapSnapshot":true,"takesScreenshot":true,"unexpectedAlertBehaviour":"","version":"71.0.3578.80","webStorageEnabled":true,"webdriver.remote.sessionid":"b05b904f53c06e104e12b9f3cadbf65f"}
[12:20:53]  COMMAND	POST 	 "/wd/hub/session/b05b904f53c06e104e12b9f3cadbf65f/window/fullscreen"
[12:20:53]  DATA		{}
[12:20:53]  RESULT		{"height":1080,"width":1920,"x":1366,"y":0}
[12:20:53]  COMMAND	POST 	 "/wd/hub/session/b05b904f53c06e104e12b9f3cadbf65f/url"
[12:20:53]  DATA		{"url":"https://vegas.williamhill.com/"}
[12:21:02]  COMMAND	POST 	 "/wd/hub/session/b05b904f53c06e104e12b9f3cadbf65f/element"
[12:21:02]  DATA		{"using":"xpath","value":"//button[contains(@data-test,'game-search-button')]"}
[12:21:02]  RESULT		{"ELEMENT":"0.8300044315047972-1"}
[12:21:02]  COMMAND	POST 	 "/wd/hub/session/b05b904f53c06e104e12b9f3cadbf65f/element/0.8300044315047972-1/click"
[12:21:02]  DATA		{}
[12:21:02]  COMMAND	POST 	 "/wd/hub/session/b05b904f53c06e104e12b9f3cadbf65f/element"
[12:21:02]  DATA		{"using":"xpath","value":"//input[@data-test='game-search-field']"}
[12:21:02]  RESULT		{"ELEMENT":"0.8300044315047972-2"}
[12:21:02]  COMMAND	POST 	 "/wd/hub/session/b05b904f53c06e104e12b9f3cadbf65f/element/0.8300044315047972-2/value"
[12:21:02]  DATA		{"value":["M","a","y","f","a","i","r"," ","R","o","(6 more items)"],"text":"Mayfair Roulette"}
[12:21:02]  COMMAND	POST 	 "/wd/hub/session/b05b904f53c06e104e12b9f3cadbf65f/elements"
[12:21:02]  DATA		{"using":"xpath","value":"//img[contains(@src,'214x214-MayfairRoulette-SquareTiles.jpg')]"}
[12:21:02]  RESULT		[{"ELEMENT":"0.8300044315047972-3"}]
[12:21:02]  COMMAND	GET 	 "/wd/hub/session/b05b904f53c06e104e12b9f3cadbf65f/element/0.8300044315047972-3/displayed"
[12:21:02]  DATA		{}
[12:21:03]  COMMAND	POST 	 "/wd/hub/session/b05b904f53c06e104e12b9f3cadbf65f/elements"
[12:21:03]  DATA		{"using":"xpath","value":"//img[contains(@src,'214x214-MayfairRoulette-SquareTiles.jpg')]"}
[12:21:03]  RESULT		[{"ELEMENT":"0.8300044315047972-4"}]
[12:21:03]  COMMAND	GET 	 "/wd/hub/session/b05b904f53c06e104e12b9f3cadbf65f/element/0.8300044315047972-4/displayed"
[12:21:03]  DATA		{}
[12:21:03]  RESULT		true
[12:21:03]  COMMAND	POST 	 "/wd/hub/session/b05b904f53c06e104e12b9f3cadbf65f/element"
[12:21:03]  DATA		{"using":"xpath","value":"//img[contains(@src,'214x214-MayfairRoulette-SquareTiles.jpg')]"}
[12:21:03]  RESULT		{"ELEMENT":"0.8300044315047972-4"}
[12:21:03]  COMMAND	POST 	 "/wd/hub/session/b05b904f53c06e104e12b9f3cadbf65f/moveto"
[12:21:03]  DATA		{"element":"0.8300044315047972-4","xoffset":500}
[12:21:03]  COMMAND	POST 	 "/wd/hub/session/b05b904f53c06e104e12b9f3cadbf65f/elements"
[12:21:03]  DATA		{"using":"xpath","value":"//i[@class='fa fa-angle-down']"}
[12:21:03]  RESULT		[]
[12:21:03]  COMMAND	POST 	 "/wd/hub/session/b05b904f53c06e104e12b9f3cadbf65f/elements"
[12:21:03]  DATA		{"using":"xpath","value":"//i[@class='fa fa-angle-down']"}
[12:21:03]  RESULT		[{"ELEMENT":"0.8300044315047972-5"}]
[12:21:03]  COMMAND	GET 	 "/wd/hub/session/b05b904f53c06e104e12b9f3cadbf65f/element/0.8300044315047972-5/displayed"
[12:21:03]  DATA		{}
[12:21:04]  COMMAND	POST 	 "/wd/hub/session/b05b904f53c06e104e12b9f3cadbf65f/elements"
[12:21:04]  DATA		{"using":"xpath","value":"//i[@class='fa fa-angle-down']"}
[12:21:04]  RESULT		[{"ELEMENT":"0.8300044315047972-5"}]
[12:21:04]  COMMAND	GET 	 "/wd/hub/session/b05b904f53c06e104e12b9f3cadbf65f/element/0.8300044315047972-5/displayed"
[12:21:04]  DATA		{}
[12:21:04]  RESULT		true
[12:21:04]  COMMAND	POST 	 "/wd/hub/session/b05b904f53c06e104e12b9f3cadbf65f/element"
[12:21:04]  DATA		{"using":"xpath","value":"//i[@class='fa fa-angle-down']"}
[12:21:04]  RESULT		{"ELEMENT":"0.8300044315047972-5"}
[12:21:04]  COMMAND	POST 	 "/wd/hub/session/b05b904f53c06e104e12b9f3cadbf65f/element/0.8300044315047972-5/click"
[12:21:04]  DATA		{}
[12:21:04]  COMMAND	POST 	 "/wd/hub/session/b05b904f53c06e104e12b9f3cadbf65f/element"
[12:21:04]  DATA		{"using":"xpath","value":"//div[normalize-space() = \"Play Now\"]"}
[12:21:04]  RESULT		{"ELEMENT":"0.8300044315047972-6"}
[12:21:04]  COMMAND	DELETE 	 "/wd/hub/session/b05b904f53c06e104e12b9f3cadbf65f"
[12:21:04]  DATA		{}
