[14:00:31]  COMMAND	POST 	 "/wd/hub/session"
[14:00:31]  DATA		{"desiredCapabilities":{"javascriptEnabled":true,"locationContextEnabled":true,"handlesAlerts":true,"rotatable":true,"browserName":"chrome","width":"2000","height":"2000","loggingPrefs":{"browser":"ALL","driver":"ALL"},"requestOrigins":{"url":"http://webdriver.io","version":"4.14.1","name":"webdriverio"}}}
[14:00:31]  INFO	SET SESSION ID f96befa84b462f49db23ba4d76069141
[14:00:31]  RESULT		{"acceptInsecureCerts":false,"acceptSslCerts":false,"applicationCacheEnabled":false,"browserConnectionEnabled":false,"browserName":"chrome","chrome":{"chromedriverVersion":"2.43.600233 (523efee95e3d68b8719b3a1c83051aa63aa6b10d)","userDataDir":"/tmp/.org.chromium.Chromium.7DUEOZ"},"cssSelectorsEnabled":true,"databaseEnabled":false,"goog:chromeOptions":{"debuggerAddress":"localhost:32961"},"handlesAlerts":true,"hasTouchScreen":false,"javascriptEnabled":true,"locationContextEnabled":true,"mobileEmulationEnabled":false,"nativeEvents":true,"networkConnectionEnabled":false,"pageLoadStrategy":"normal","platform":"Linux","rotatable":false,"setWindowRect":true,"takesHeapSnapshot":true,"takesScreenshot":true,"unexpectedAlertBehaviour":"","version":"71.0.3578.80","webStorageEnabled":true,"webdriver.remote.sessionid":"f96befa84b462f49db23ba4d76069141"}
[14:00:31]  COMMAND	GET 	 "/wd/hub/session/f96befa84b462f49db23ba4d76069141/window/current/size"
[14:00:31]  DATA		{}
[14:00:31]  RESULT		{"height":1033,"width":945}
[14:00:31]  COMMAND	POST 	 "/wd/hub/session/f96befa84b462f49db23ba4d76069141/execute"
[14:00:31]  DATA		{"script":"return (function getViewportSize() {\n    return {\n        screenWidth: Math.max(document.documentElement.clientWidth, window.innerWidth || 0),\n        screenHeight: Math.max(document.documentElement.clientHeight, window.innerHeight || 0)\n    };\n}).apply(null, arguments)","args":[]}
[14:00:31]  RESULT		{"screenHeight":902,"screenWidth":937}
[14:00:31]  COMMAND	POST 	 "/wd/hub/session/f96befa84b462f49db23ba4d76069141/window/current/size"
[14:00:31]  DATA		{"width":1448,"height":1031}
[14:00:31]  COMMAND	POST 	 "/wd/hub/session/f96befa84b462f49db23ba4d76069141/execute"
[14:00:31]  DATA		{"script":"return (function getViewportSize() {\n    return {\n        screenWidth: Math.max(document.documentElement.clientWidth, window.innerWidth || 0),\n        screenHeight: Math.max(document.documentElement.clientHeight, window.innerHeight || 0)\n    };\n}).apply(null, arguments)","args":[]}
[14:00:31]  RESULT		{"screenHeight":900,"screenWidth":1440}
[14:00:31]  COMMAND	POST 	 "/wd/hub/session/f96befa84b462f49db23ba4d76069141/url"
[14:00:31]  DATA		{"url":"https://vegas.williamhill.com/"}
[14:00:35]  COMMAND	POST 	 "/wd/hub/session/f96befa84b462f49db23ba4d76069141/element"
[14:00:35]  DATA		{"using":"xpath","value":"//button[contains(@data-test,'game-search-button')]"}
[14:00:35]  RESULT		{"ELEMENT":"0.0002154545830630461-1"}
[14:00:35]  COMMAND	POST 	 "/wd/hub/session/f96befa84b462f49db23ba4d76069141/elements"
[14:00:35]  DATA		{"using":"xpath","value":"//button[contains(@data-test,'game-search-button')]"}
[14:00:35]  RESULT		[{"ELEMENT":"0.0002154545830630461-1"}]
[14:00:35]  COMMAND	GET 	 "/wd/hub/session/f96befa84b462f49db23ba4d76069141/element/0.0002154545830630461-1/displayed"
[14:00:35]  DATA		{}
[14:00:35]  RESULT		true
[14:00:35]  COMMAND	POST 	 "/wd/hub/session/f96befa84b462f49db23ba4d76069141/element"
[14:00:35]  DATA		{"using":"xpath","value":"//button[normalize-space() = \"Accept & Close\"]"}
[14:00:35]  COMMAND	POST 	 "/wd/hub/session/f96befa84b462f49db23ba4d76069141/elements"
[14:00:35]  DATA		{"using":"xpath","value":"//button[normalize-space() = \"Accept & Close\"]"}
[14:00:35]  RESULT		[]
[14:00:36]  COMMAND	POST 	 "/wd/hub/session/f96befa84b462f49db23ba4d76069141/elements"
[14:00:36]  DATA		{"using":"xpath","value":"//button[normalize-space() = \"Accept & Close\"]"}
[14:00:36]  RESULT		[{"ELEMENT":"0.0002154545830630461-2"}]
[14:00:36]  COMMAND	GET 	 "/wd/hub/session/f96befa84b462f49db23ba4d76069141/element/0.0002154545830630461-2/displayed"
[14:00:36]  DATA		{}
[14:00:36]  RESULT		true
[14:00:36]  COMMAND	POST 	 "/wd/hub/session/f96befa84b462f49db23ba4d76069141/element"
[14:00:36]  DATA		{"using":"xpath","value":"//button[normalize-space() = \"Accept & Close\"]"}
[14:00:36]  RESULT		{"ELEMENT":"0.0002154545830630461-2"}
[14:00:36]  COMMAND	POST 	 "/wd/hub/session/f96befa84b462f49db23ba4d76069141/element/0.0002154545830630461-2/click"
[14:00:36]  DATA		{}
[14:00:36]  COMMAND	POST 	 "/wd/hub/session/f96befa84b462f49db23ba4d76069141/element"
[14:00:36]  DATA		{"using":"xpath","value":"//button[contains(@data-test,'game-search-button')]"}
[14:00:36]  RESULT		{"ELEMENT":"0.0002154545830630461-1"}
[14:00:36]  COMMAND	POST 	 "/wd/hub/session/f96befa84b462f49db23ba4d76069141/element/0.0002154545830630461-1/click"
[14:00:36]  DATA		{}
[14:00:36]  COMMAND	POST 	 "/wd/hub/session/f96befa84b462f49db23ba4d76069141/element"
[14:00:36]  DATA		{"using":"xpath","value":"//input[@data-test='game-search-field']"}
[14:00:36]  RESULT		{"ELEMENT":"0.0002154545830630461-3"}
[14:00:36]  COMMAND	POST 	 "/wd/hub/session/f96befa84b462f49db23ba4d76069141/element/0.0002154545830630461-3/value"
[14:00:36]  DATA		{"value":["M","a","y","f","a","i","r"," ","R","o","(6 more items)"],"text":"Mayfair Roulette"}
[14:00:36]  COMMAND	POST 	 "/wd/hub/session/f96befa84b462f49db23ba4d76069141/element"
[14:00:36]  DATA		{"using":"xpath","value":"//img[@alt='Mayfair Roulette']"}
[14:00:36]  RESULT		{"ELEMENT":"0.0002154545830630461-4"}
[14:00:36]  COMMAND	POST 	 "/wd/hub/session/f96befa84b462f49db23ba4d76069141/elements"
[14:00:36]  DATA		{"using":"xpath","value":"//img[@alt='Mayfair Roulette']"}
[14:00:36]  RESULT		[{"ELEMENT":"0.0002154545830630461-4"}]
[14:00:36]  COMMAND	GET 	 "/wd/hub/session/f96befa84b462f49db23ba4d76069141/element/0.0002154545830630461-4/displayed"
[14:00:36]  DATA		{}
[14:00:37]  COMMAND	POST 	 "/wd/hub/session/f96befa84b462f49db23ba4d76069141/elements"
[14:00:37]  DATA		{"using":"xpath","value":"//img[@alt='Mayfair Roulette']"}
[14:00:37]  RESULT		[{"ELEMENT":"0.0002154545830630461-5"}]
[14:00:37]  COMMAND	GET 	 "/wd/hub/session/f96befa84b462f49db23ba4d76069141/element/0.0002154545830630461-5/displayed"
[14:00:37]  DATA		{}
[14:00:37]  RESULT		true
[14:00:37]  COMMAND	POST 	 "/wd/hub/session/f96befa84b462f49db23ba4d76069141/element"
[14:00:37]  DATA		{"using":"xpath","value":"//img[@alt='Mayfair Roulette']"}
[14:00:37]  RESULT		{"ELEMENT":"0.0002154545830630461-5"}
[14:00:37]  COMMAND	POST 	 "/wd/hub/session/f96befa84b462f49db23ba4d76069141/moveto"
[14:00:37]  DATA		{"element":"0.0002154545830630461-5"}
[14:00:37]  COMMAND	POST 	 "/wd/hub/session/f96befa84b462f49db23ba4d76069141/element"
[14:00:37]  DATA		{"using":"xpath","value":"//button[@data-test='tile-menu-button-more']"}
[14:00:37]  COMMAND	POST 	 "/wd/hub/session/f96befa84b462f49db23ba4d76069141/elements"
[14:00:37]  DATA		{"using":"xpath","value":"//button[@data-test='tile-menu-button-more']"}
[14:00:37]  RESULT		[]
[14:00:38]  COMMAND	POST 	 "/wd/hub/session/f96befa84b462f49db23ba4d76069141/elements"
[14:00:38]  DATA		{"using":"xpath","value":"//button[@data-test='tile-menu-button-more']"}
[14:00:38]  RESULT		[{"ELEMENT":"0.0002154545830630461-6"}]
[14:00:38]  COMMAND	GET 	 "/wd/hub/session/f96befa84b462f49db23ba4d76069141/element/0.0002154545830630461-6/displayed"
[14:00:38]  DATA		{}
[14:00:38]  COMMAND	POST 	 "/wd/hub/session/f96befa84b462f49db23ba4d76069141/elements"
[14:00:38]  DATA		{"using":"xpath","value":"//button[@data-test='tile-menu-button-more']"}
[14:00:38]  RESULT		[{"ELEMENT":"0.0002154545830630461-6"}]
[14:00:38]  COMMAND	GET 	 "/wd/hub/session/f96befa84b462f49db23ba4d76069141/element/0.0002154545830630461-6/displayed"
[14:00:38]  DATA		{}
[14:00:38]  RESULT		true
[14:00:38]  COMMAND	POST 	 "/wd/hub/session/f96befa84b462f49db23ba4d76069141/element"
[14:00:38]  DATA		{"using":"xpath","value":"//button[@data-test='tile-menu-button-more']"}
[14:00:38]  RESULT		{"ELEMENT":"0.0002154545830630461-6"}
[14:00:38]  COMMAND	POST 	 "/wd/hub/session/f96befa84b462f49db23ba4d76069141/element/0.0002154545830630461-6/click"
[14:00:38]  DATA		{}
[14:00:38]  COMMAND	POST 	 "/wd/hub/session/f96befa84b462f49db23ba4d76069141/element"
[14:00:38]  DATA		{"using":"xpath","value":"//*[@id='root']/div/div[2]/div/div[2]/div/section[1]/button[1]"}
[14:00:38]  COMMAND	POST 	 "/wd/hub/session/f96befa84b462f49db23ba4d76069141/elements"
[14:00:38]  DATA		{"using":"xpath","value":"//*[@id='root']/div/div[2]/div/div[2]/div/section[1]/button[1]"}
[14:00:38]  RESULT		[]
[14:00:39]  COMMAND	POST 	 "/wd/hub/session/f96befa84b462f49db23ba4d76069141/elements"
[14:00:39]  DATA		{"using":"xpath","value":"//*[@id='root']/div/div[2]/div/div[2]/div/section[1]/button[1]"}
[14:00:39]  RESULT		[]
[14:00:39]  COMMAND	POST 	 "/wd/hub/session/f96befa84b462f49db23ba4d76069141/elements"
[14:00:39]  DATA		{"using":"xpath","value":"//*[@id='root']/div/div[2]/div/div[2]/div/section[1]/button[1]"}
[14:00:39]  RESULT		[]
[14:00:40]  COMMAND	POST 	 "/wd/hub/session/f96befa84b462f49db23ba4d76069141/elements"
[14:00:40]  DATA		{"using":"xpath","value":"//*[@id='root']/div/div[2]/div/div[2]/div/section[1]/button[1]"}
[14:00:40]  RESULT		[]
[14:00:40]  COMMAND	POST 	 "/wd/hub/session/f96befa84b462f49db23ba4d76069141/elements"
[14:00:40]  DATA		{"using":"xpath","value":"//*[@id='root']/div/div[2]/div/div[2]/div/section[1]/button[1]"}
[14:00:40]  RESULT		[]
[14:00:41]  COMMAND	POST 	 "/wd/hub/session/f96befa84b462f49db23ba4d76069141/elements"
[14:00:41]  DATA		{"using":"xpath","value":"//*[@id='root']/div/div[2]/div/div[2]/div/section[1]/button[1]"}
[14:00:41]  RESULT		[]
[14:00:41]  COMMAND	POST 	 "/wd/hub/session/f96befa84b462f49db23ba4d76069141/elements"
[14:00:41]  DATA		{"using":"xpath","value":"//*[@id='root']/div/div[2]/div/div[2]/div/section[1]/button[1]"}
[14:00:41]  RESULT		[]
[14:00:42]  COMMAND	POST 	 "/wd/hub/session/f96befa84b462f49db23ba4d76069141/elements"
[14:00:42]  DATA		{"using":"xpath","value":"//*[@id='root']/div/div[2]/div/div[2]/div/section[1]/button[1]"}
[14:00:42]  RESULT		[]
[14:00:42]  COMMAND	POST 	 "/wd/hub/session/f96befa84b462f49db23ba4d76069141/elements"
[14:00:42]  DATA		{"using":"xpath","value":"//*[@id='root']/div/div[2]/div/div[2]/div/section[1]/button[1]"}
[14:00:42]  RESULT		[]
[14:00:43]  COMMAND	POST 	 "/wd/hub/session/f96befa84b462f49db23ba4d76069141/elements"
[14:00:43]  DATA		{"using":"xpath","value":"//*[@id='root']/div/div[2]/div/div[2]/div/section[1]/button[1]"}
[14:00:43]  RESULT		[]
[14:00:43]  COMMAND	POST 	 "/wd/hub/session/f96befa84b462f49db23ba4d76069141/elements"
[14:00:43]  DATA		{"using":"xpath","value":"//*[@id='root']/div/div[2]/div/div[2]/div/section[1]/button[1]"}
[14:00:44]  COMMAND	POST 	 "/wd/hub/session/f96befa84b462f49db23ba4d76069141/elements"
[14:00:44]  DATA		{"using":"xpath","value":"//*[@id='root']/div/div[2]/div/div[2]/div/section[1]/button[1]"}
[14:00:44]  COMMAND	POST 	 "/wd/hub/session/f96befa84b462f49db23ba4d76069141/elements"
[14:00:44]  DATA		{"using":"xpath","value":"//*[@id='root']/div/div[2]/div/div[2]/div/section[1]/button[1]"}
[14:00:45]  COMMAND	POST 	 "/wd/hub/session/f96befa84b462f49db23ba4d76069141/elements"
[14:00:45]  DATA		{"using":"xpath","value":"//*[@id='root']/div/div[2]/div/div[2]/div/section[1]/button[1]"}
[14:00:45]  COMMAND	POST 	 "/wd/hub/session/f96befa84b462f49db23ba4d76069141/elements"
[14:00:45]  DATA		{"using":"xpath","value":"//*[@id='root']/div/div[2]/div/div[2]/div/section[1]/button[1]"}
[14:00:46]  COMMAND	POST 	 "/wd/hub/session/f96befa84b462f49db23ba4d76069141/elements"
[14:00:46]  DATA		{"using":"xpath","value":"//*[@id='root']/div/div[2]/div/div[2]/div/section[1]/button[1]"}
[14:00:46]  COMMAND	POST 	 "/wd/hub/session/f96befa84b462f49db23ba4d76069141/elements"
[14:00:46]  DATA		{"using":"xpath","value":"//*[@id='root']/div/div[2]/div/div[2]/div/section[1]/button[1]"}
[14:00:47]  COMMAND	POST 	 "/wd/hub/session/f96befa84b462f49db23ba4d76069141/elements"
[14:00:47]  DATA		{"using":"xpath","value":"//*[@id='root']/div/div[2]/div/div[2]/div/section[1]/button[1]"}
[14:00:47]  COMMAND	POST 	 "/wd/hub/session/f96befa84b462f49db23ba4d76069141/elements"
[14:00:47]  DATA		{"using":"xpath","value":"//*[@id='root']/div/div[2]/div/div[2]/div/section[1]/button[1]"}
[14:00:48]  COMMAND	POST 	 "/wd/hub/session/f96befa84b462f49db23ba4d76069141/elements"
[14:00:48]  DATA		{"using":"xpath","value":"//*[@id='root']/div/div[2]/div/div[2]/div/section[1]/button[1]"}
[14:00:48]  COMMAND	POST 	 "/wd/hub/session/f96befa84b462f49db23ba4d76069141/elements"
[14:00:48]  DATA		{"using":"xpath","value":"//*[@id='root']/div/div[2]/div/div[2]/div/section[1]/button[1]"}
[14:00:49]  COMMAND	POST 	 "/wd/hub/session/f96befa84b462f49db23ba4d76069141/elements"
[14:00:49]  DATA		{"using":"xpath","value":"//*[@id='root']/div/div[2]/div/div[2]/div/section[1]/button[1]"}
[14:00:49]  COMMAND	POST 	 "/wd/hub/session/f96befa84b462f49db23ba4d76069141/elements"
[14:00:49]  DATA		{"using":"xpath","value":"//*[@id='root']/div/div[2]/div/div[2]/div/section[1]/button[1]"}
[14:00:50]  COMMAND	POST 	 "/wd/hub/session/f96befa84b462f49db23ba4d76069141/elements"
[14:00:50]  DATA		{"using":"xpath","value":"//*[@id='root']/div/div[2]/div/div[2]/div/section[1]/button[1]"}
[14:00:50]  COMMAND	POST 	 "/wd/hub/session/f96befa84b462f49db23ba4d76069141/elements"
[14:00:50]  DATA		{"using":"xpath","value":"//*[@id='root']/div/div[2]/div/div[2]/div/section[1]/button[1]"}
[14:00:51]  COMMAND	POST 	 "/wd/hub/session/f96befa84b462f49db23ba4d76069141/elements"
[14:00:51]  DATA		{"using":"xpath","value":"//*[@id='root']/div/div[2]/div/div[2]/div/section[1]/button[1]"}
[14:00:51]  COMMAND	POST 	 "/wd/hub/session/f96befa84b462f49db23ba4d76069141/elements"
[14:00:51]  DATA		{"using":"xpath","value":"//*[@id='root']/div/div[2]/div/div[2]/div/section[1]/button[1]"}
[14:00:52]  COMMAND	POST 	 "/wd/hub/session/f96befa84b462f49db23ba4d76069141/elements"
[14:00:52]  DATA		{"using":"xpath","value":"//*[@id='root']/div/div[2]/div/div[2]/div/section[1]/button[1]"}
[14:00:52]  COMMAND	POST 	 "/wd/hub/session/f96befa84b462f49db23ba4d76069141/elements"
[14:00:52]  DATA		{"using":"xpath","value":"//*[@id='root']/div/div[2]/div/div[2]/div/section[1]/button[1]"}
[14:00:53]  COMMAND	POST 	 "/wd/hub/session/f96befa84b462f49db23ba4d76069141/elements"
[14:00:53]  DATA		{"using":"xpath","value":"//*[@id='root']/div/div[2]/div/div[2]/div/section[1]/button[1]"}
[14:00:53]  COMMAND	POST 	 "/wd/hub/session/f96befa84b462f49db23ba4d76069141/elements"
[14:00:53]  DATA		{"using":"xpath","value":"//*[@id='root']/div/div[2]/div/div[2]/div/section[1]/button[1]"}
[14:00:54]  COMMAND	POST 	 "/wd/hub/session/f96befa84b462f49db23ba4d76069141/elements"
[14:00:54]  DATA		{"using":"xpath","value":"//*[@id='root']/div/div[2]/div/div[2]/div/section[1]/button[1]"}
[14:00:54]  COMMAND	POST 	 "/wd/hub/session/f96befa84b462f49db23ba4d76069141/elements"
[14:00:54]  DATA		{"using":"xpath","value":"//*[@id='root']/div/div[2]/div/div[2]/div/section[1]/button[1]"}
[14:00:55]  COMMAND	POST 	 "/wd/hub/session/f96befa84b462f49db23ba4d76069141/elements"
[14:00:55]  DATA		{"using":"xpath","value":"//*[@id='root']/div/div[2]/div/div[2]/div/section[1]/button[1]"}
[14:00:55]  COMMAND	POST 	 "/wd/hub/session/f96befa84b462f49db23ba4d76069141/elements"
[14:00:55]  DATA		{"using":"xpath","value":"//*[@id='root']/div/div[2]/div/div[2]/div/section[1]/button[1]"}
[14:00:56]  COMMAND	POST 	 "/wd/hub/session/f96befa84b462f49db23ba4d76069141/elements"
[14:00:56]  DATA		{"using":"xpath","value":"//*[@id='root']/div/div[2]/div/div[2]/div/section[1]/button[1]"}
[14:00:56]  COMMAND	POST 	 "/wd/hub/session/f96befa84b462f49db23ba4d76069141/elements"
[14:00:56]  DATA		{"using":"xpath","value":"//*[@id='root']/div/div[2]/div/div[2]/div/section[1]/button[1]"}
[14:00:57]  COMMAND	POST 	 "/wd/hub/session/f96befa84b462f49db23ba4d76069141/elements"
[14:00:57]  DATA		{"using":"xpath","value":"//*[@id='root']/div/div[2]/div/div[2]/div/section[1]/button[1]"}
[14:00:57]  COMMAND	POST 	 "/wd/hub/session/f96befa84b462f49db23ba4d76069141/elements"
[14:00:57]  DATA		{"using":"xpath","value":"//*[@id='root']/div/div[2]/div/div[2]/div/section[1]/button[1]"}
[14:00:58]  COMMAND	POST 	 "/wd/hub/session/f96befa84b462f49db23ba4d76069141/elements"
[14:00:58]  DATA		{"using":"xpath","value":"//*[@id='root']/div/div[2]/div/div[2]/div/section[1]/button[1]"}
[14:00:58]  COMMAND	POST 	 "/wd/hub/session/f96befa84b462f49db23ba4d76069141/elements"
[14:00:58]  DATA		{"using":"xpath","value":"//*[@id='root']/div/div[2]/div/div[2]/div/section[1]/button[1]"}
[14:00:59]  COMMAND	POST 	 "/wd/hub/session/f96befa84b462f49db23ba4d76069141/elements"
[14:00:59]  DATA		{"using":"xpath","value":"//*[@id='root']/div/div[2]/div/div[2]/div/section[1]/button[1]"}
[14:00:59]  COMMAND	POST 	 "/wd/hub/session/f96befa84b462f49db23ba4d76069141/elements"
[14:00:59]  DATA		{"using":"xpath","value":"//*[@id='root']/div/div[2]/div/div[2]/div/section[1]/button[1]"}
[14:01:00]  COMMAND	POST 	 "/wd/hub/session/f96befa84b462f49db23ba4d76069141/elements"
[14:01:00]  DATA		{"using":"xpath","value":"//*[@id='root']/div/div[2]/div/div[2]/div/section[1]/button[1]"}
[14:01:00]  COMMAND	POST 	 "/wd/hub/session/f96befa84b462f49db23ba4d76069141/elements"
[14:01:00]  DATA		{"using":"xpath","value":"//*[@id='root']/div/div[2]/div/div[2]/div/section[1]/button[1]"}
[14:01:01]  COMMAND	POST 	 "/wd/hub/session/f96befa84b462f49db23ba4d76069141/elements"
[14:01:01]  DATA		{"using":"xpath","value":"//*[@id='root']/div/div[2]/div/div[2]/div/section[1]/button[1]"}
[14:01:01]  COMMAND	POST 	 "/wd/hub/session/f96befa84b462f49db23ba4d76069141/elements"
[14:01:01]  DATA		{"using":"xpath","value":"//*[@id='root']/div/div[2]/div/div[2]/div/section[1]/button[1]"}
[14:01:01]  COMMAND	DELETE 	 "/wd/hub/session/f96befa84b462f49db23ba4d76069141"
[14:01:01]  DATA		{}
