[12:34:55]  COMMAND	POST 	 "/wd/hub/session"
[12:34:55]  DATA		{"desiredCapabilities":{"javascriptEnabled":true,"locationContextEnabled":true,"handlesAlerts":true,"rotatable":true,"browserName":"chrome","loggingPrefs":{"browser":"ALL","driver":"ALL"},"requestOrigins":{"url":"http://webdriver.io","version":"4.14.1","name":"webdriverio"}}}
[12:34:55]  INFO	SET SESSION ID aa549f0246a5534edece2a072814759c
[12:34:55]  RESULT		{"acceptInsecureCerts":false,"acceptSslCerts":false,"applicationCacheEnabled":false,"browserConnectionEnabled":false,"browserName":"chrome","chrome":{"chromedriverVersion":"2.43.600233 (523efee95e3d68b8719b3a1c83051aa63aa6b10d)","userDataDir":"/tmp/.org.chromium.Chromium.H8IySF"},"cssSelectorsEnabled":true,"databaseEnabled":false,"goog:chromeOptions":{"debuggerAddress":"localhost:34831"},"handlesAlerts":true,"hasTouchScreen":false,"javascriptEnabled":true,"locationContextEnabled":true,"mobileEmulationEnabled":false,"nativeEvents":true,"networkConnectionEnabled":false,"pageLoadStrategy":"normal","platform":"Linux","rotatable":false,"setWindowRect":true,"takesHeapSnapshot":true,"takesScreenshot":true,"unexpectedAlertBehaviour":"","version":"71.0.3578.80","webStorageEnabled":true,"webdriver.remote.sessionid":"aa549f0246a5534edece2a072814759c"}
[12:34:55]  COMMAND	POST 	 "/wd/hub/session/aa549f0246a5534edece2a072814759c/window/fullscreen"
[12:34:55]  DATA		{}
[12:34:56]  RESULT		{"height":1080,"width":1920,"x":1366,"y":0}
[12:34:56]  COMMAND	POST 	 "/wd/hub/session/aa549f0246a5534edece2a072814759c/url"
[12:34:56]  DATA		{"url":"https://vegas.williamhill.com/"}
[12:35:04]  COMMAND	POST 	 "/wd/hub/session/aa549f0246a5534edece2a072814759c/element"
[12:35:04]  DATA		{"using":"xpath","value":"//button[contains(@data-test,'game-search-button')]"}
[12:35:04]  RESULT		{"ELEMENT":"0.1939688460890796-1"}
[12:35:04]  COMMAND	POST 	 "/wd/hub/session/aa549f0246a5534edece2a072814759c/element/0.1939688460890796-1/click"
[12:35:04]  DATA		{}
[12:35:04]  COMMAND	POST 	 "/wd/hub/session/aa549f0246a5534edece2a072814759c/element"
[12:35:04]  DATA		{"using":"xpath","value":"//input[@data-test='game-search-field']"}
[12:35:04]  RESULT		{"ELEMENT":"0.1939688460890796-2"}
[12:35:04]  COMMAND	POST 	 "/wd/hub/session/aa549f0246a5534edece2a072814759c/element/0.1939688460890796-2/value"
[12:35:04]  DATA		{"value":["M","a","y","f","a","i","r"," ","R","o","(6 more items)"],"text":"Mayfair Roulette"}
[12:35:04]  COMMAND	POST 	 "/wd/hub/session/aa549f0246a5534edece2a072814759c/elements"
[12:35:04]  DATA		{"using":"xpath","value":"//img[contains(@src,'214x214-MayfairRoulette-SquareTiles.jpg')]"}
[12:35:04]  RESULT		[{"ELEMENT":"0.1939688460890796-3"}]
[12:35:04]  COMMAND	GET 	 "/wd/hub/session/aa549f0246a5534edece2a072814759c/element/0.1939688460890796-3/displayed"
[12:35:04]  DATA		{}
[12:35:05]  COMMAND	POST 	 "/wd/hub/session/aa549f0246a5534edece2a072814759c/elements"
[12:35:05]  DATA		{"using":"xpath","value":"//img[contains(@src,'214x214-MayfairRoulette-SquareTiles.jpg')]"}
[12:35:05]  RESULT		[{"ELEMENT":"0.1939688460890796-4"}]
[12:35:05]  COMMAND	GET 	 "/wd/hub/session/aa549f0246a5534edece2a072814759c/element/0.1939688460890796-4/displayed"
[12:35:05]  DATA		{}
[12:35:05]  RESULT		true
[12:35:05]  COMMAND	POST 	 "/wd/hub/session/aa549f0246a5534edece2a072814759c/element"
[12:35:05]  DATA		{"using":"xpath","value":"//img[contains(@src,'214x214-MayfairRoulette-SquareTiles.jpg')]"}
[12:35:05]  RESULT		{"ELEMENT":"0.1939688460890796-4"}
[12:35:05]  COMMAND	POST 	 "/wd/hub/session/aa549f0246a5534edece2a072814759c/moveto"
[12:35:05]  DATA		{"element":"0.1939688460890796-4","xoffset":500}
[12:35:05]  COMMAND	POST 	 "/wd/hub/session/aa549f0246a5534edece2a072814759c/elements"
[12:35:05]  DATA		{"using":"xpath","value":"//i[@class='fa fa-angle-down']"}
[12:35:05]  RESULT		[]
[12:35:06]  COMMAND	POST 	 "/wd/hub/session/aa549f0246a5534edece2a072814759c/elements"
[12:35:06]  DATA		{"using":"xpath","value":"//i[@class='fa fa-angle-down']"}
[12:35:06]  RESULT		[{"ELEMENT":"0.1939688460890796-5"}]
[12:35:06]  COMMAND	GET 	 "/wd/hub/session/aa549f0246a5534edece2a072814759c/element/0.1939688460890796-5/displayed"
[12:35:06]  DATA		{}
[12:35:06]  COMMAND	POST 	 "/wd/hub/session/aa549f0246a5534edece2a072814759c/elements"
[12:35:06]  DATA		{"using":"xpath","value":"//i[@class='fa fa-angle-down']"}
[12:35:06]  RESULT		[{"ELEMENT":"0.1939688460890796-5"}]
[12:35:06]  COMMAND	GET 	 "/wd/hub/session/aa549f0246a5534edece2a072814759c/element/0.1939688460890796-5/displayed"
[12:35:06]  DATA		{}
[12:35:06]  RESULT		true
[12:35:06]  COMMAND	POST 	 "/wd/hub/session/aa549f0246a5534edece2a072814759c/element"
[12:35:06]  DATA		{"using":"xpath","value":"//i[@class='fa fa-angle-down']"}
[12:35:06]  RESULT		{"ELEMENT":"0.1939688460890796-5"}
[12:35:06]  COMMAND	POST 	 "/wd/hub/session/aa549f0246a5534edece2a072814759c/element/0.1939688460890796-5/click"
[12:35:06]  DATA		{}
[12:35:06]  COMMAND	POST 	 "/wd/hub/session/aa549f0246a5534edece2a072814759c/element"
[12:35:06]  DATA		{"using":"xpath","value":"(//button[@data-test='tile-details-button-play'"}
[12:35:06]  COMMAND	DELETE 	 "/wd/hub/session/aa549f0246a5534edece2a072814759c"
[12:35:06]  DATA		{}
