[00:16:43]  COMMAND	POST 	 "/wd/hub/session"
[00:16:43]  DATA		{"desiredCapabilities":{"javascriptEnabled":true,"locationContextEnabled":true,"handlesAlerts":true,"rotatable":true,"browserName":"chrome","loggingPrefs":{"browser":"ALL","driver":"ALL"},"requestOrigins":{"url":"http://webdriver.io","version":"4.14.1","name":"webdriverio"}}}
[00:16:43]  INFO	SET SESSION ID 1cd26dd90696916f40a6a23d8e7f754d
[00:16:43]  RESULT		{"acceptInsecureCerts":false,"acceptSslCerts":false,"applicationCacheEnabled":false,"browserConnectionEnabled":false,"browserName":"chrome","chrome":{"chromedriverVersion":"2.43.600233 (523efee95e3d68b8719b3a1c83051aa63aa6b10d)","userDataDir":"/tmp/.org.chromium.Chromium.rDGv7C"},"cssSelectorsEnabled":true,"databaseEnabled":false,"goog:chromeOptions":{"debuggerAddress":"localhost:43353"},"handlesAlerts":true,"hasTouchScreen":false,"javascriptEnabled":true,"locationContextEnabled":true,"mobileEmulationEnabled":false,"nativeEvents":true,"networkConnectionEnabled":false,"pageLoadStrategy":"normal","platform":"Linux","rotatable":false,"setWindowRect":true,"takesHeapSnapshot":true,"takesScreenshot":true,"unexpectedAlertBehaviour":"","version":"70.0.3538.110","webStorageEnabled":true,"webdriver.remote.sessionid":"1cd26dd90696916f40a6a23d8e7f754d"}
[00:16:43]  COMMAND	POST 	 "/wd/hub/session/1cd26dd90696916f40a6a23d8e7f754d/window/fullscreen"
[00:16:43]  DATA		{}
[00:16:43]  RESULT		{"height":1080,"width":1920,"x":1366,"y":0}
[00:16:44]  COMMAND	POST 	 "/wd/hub/session/1cd26dd90696916f40a6a23d8e7f754d/url"
[00:16:44]  DATA		{"url":"https://vegas.williamhill.com/"}
[00:16:47]  COMMAND	POST 	 "/wd/hub/session/1cd26dd90696916f40a6a23d8e7f754d/element"
[00:16:47]  DATA		{"using":"xpath","value":"//button[contains(@data-test,'game-search-button')]"}
[00:16:47]  RESULT		{"ELEMENT":"0.19194532222945337-1"}
[00:16:47]  COMMAND	POST 	 "/wd/hub/session/1cd26dd90696916f40a6a23d8e7f754d/element/0.19194532222945337-1/click"
[00:16:47]  DATA		{}
[00:16:48]  COMMAND	POST 	 "/wd/hub/session/1cd26dd90696916f40a6a23d8e7f754d/element"
[00:16:48]  DATA		{"using":"xpath","value":"//input[@data-test='game-search-field']"}
[00:16:48]  RESULT		{"ELEMENT":"0.19194532222945337-2"}
[00:16:48]  COMMAND	POST 	 "/wd/hub/session/1cd26dd90696916f40a6a23d8e7f754d/element/0.19194532222945337-2/value"
[00:16:48]  DATA		{"value":["M","a","y","f","a","i","r"," ","R","o","(6 more items)"],"text":"Mayfair Roulette"}
[00:16:48]  COMMAND	POST 	 "/wd/hub/session/1cd26dd90696916f40a6a23d8e7f754d/execute"
[00:16:48]  DATA		{"script":"return (function () {\n            $(\"(//img[@data-test='tile-cover-image'])[1]\").mouseover();\n        }).apply(null, arguments)","args":[]}
[00:16:48]  COMMAND	POST 	 "/wd/hub/session/1cd26dd90696916f40a6a23d8e7f754d/execute/sync"
[00:16:48]  DATA		{"script":"return (function () {\n            $(\"(//img[@data-test='tile-cover-image'])[1]\").mouseover();\n        }).apply(null, arguments)","args":[]}
[00:16:48]  COMMAND	DELETE 	 "/wd/hub/session/1cd26dd90696916f40a6a23d8e7f754d"
[00:16:48]  DATA		{}
