[13:54:16]  COMMAND	POST 	 "/wd/hub/session"
[13:54:16]  DATA		{"desiredCapabilities":{"javascriptEnabled":true,"locationContextEnabled":true,"handlesAlerts":true,"rotatable":true,"browserName":"chrome","loggingPrefs":{"browser":"ALL","driver":"ALL"},"requestOrigins":{"url":"http://webdriver.io","version":"4.14.1","name":"webdriverio"}}}
[13:54:16]  INFO	SET SESSION ID 36a3e52686a044d8fedb7c0aab422867
[13:54:16]  RESULT		{"acceptInsecureCerts":false,"acceptSslCerts":false,"applicationCacheEnabled":false,"browserConnectionEnabled":false,"browserName":"chrome","chrome":{"chromedriverVersion":"2.43.600233 (523efee95e3d68b8719b3a1c83051aa63aa6b10d)","userDataDir":"/tmp/.org.chromium.Chromium.zhBThi"},"cssSelectorsEnabled":true,"databaseEnabled":false,"goog:chromeOptions":{"debuggerAddress":"localhost:43379"},"handlesAlerts":true,"hasTouchScreen":false,"javascriptEnabled":true,"locationContextEnabled":true,"mobileEmulationEnabled":false,"nativeEvents":true,"networkConnectionEnabled":false,"pageLoadStrategy":"normal","platform":"Linux","rotatable":false,"setWindowRect":true,"takesHeapSnapshot":true,"takesScreenshot":true,"unexpectedAlertBehaviour":"","version":"71.0.3578.80","webStorageEnabled":true,"webdriver.remote.sessionid":"36a3e52686a044d8fedb7c0aab422867"}
[13:54:16]  COMMAND	GET 	 "/wd/hub/session/36a3e52686a044d8fedb7c0aab422867/window/current/size"
[13:54:16]  DATA		{}
[13:54:16]  RESULT		{"height":1033,"width":945}
[13:54:16]  COMMAND	POST 	 "/wd/hub/session/36a3e52686a044d8fedb7c0aab422867/execute"
[13:54:16]  DATA		{"script":"return (function getViewportSize() {\n    return {\n        screenWidth: Math.max(document.documentElement.clientWidth, window.innerWidth || 0),\n        screenHeight: Math.max(document.documentElement.clientHeight, window.innerHeight || 0)\n    };\n}).apply(null, arguments)","args":[]}
[13:54:16]  RESULT		{"screenHeight":902,"screenWidth":937}
[13:54:16]  COMMAND	POST 	 "/wd/hub/session/36a3e52686a044d8fedb7c0aab422867/window/current/size"
[13:54:16]  DATA		{"width":1374,"height":899}
[13:54:16]  COMMAND	POST 	 "/wd/hub/session/36a3e52686a044d8fedb7c0aab422867/execute"
[13:54:16]  DATA		{"script":"return (function getViewportSize() {\n    return {\n        screenWidth: Math.max(document.documentElement.clientWidth, window.innerWidth || 0),\n        screenHeight: Math.max(document.documentElement.clientHeight, window.innerHeight || 0)\n    };\n}).apply(null, arguments)","args":[]}
[13:54:16]  RESULT		{"screenHeight":768,"screenWidth":1366}
[13:54:16]  COMMAND	POST 	 "/wd/hub/session/36a3e52686a044d8fedb7c0aab422867/url"
[13:54:16]  DATA		{"url":"https://vegas.williamhill.com/"}
[13:54:20]  COMMAND	POST 	 "/wd/hub/session/36a3e52686a044d8fedb7c0aab422867/element"
[13:54:20]  DATA		{"using":"xpath","value":"//button[contains(@data-test,'game-search-button')]"}
[13:54:20]  COMMAND	POST 	 "/wd/hub/session/36a3e52686a044d8fedb7c0aab422867/elements"
[13:54:20]  DATA		{"using":"xpath","value":"//button[contains(@data-test,'game-search-button')]"}
[13:54:20]  RESULT		[]
[13:54:20]  COMMAND	POST 	 "/wd/hub/session/36a3e52686a044d8fedb7c0aab422867/elements"
[13:54:20]  DATA		{"using":"xpath","value":"//button[contains(@data-test,'game-search-button')]"}
[13:54:20]  RESULT		[{"ELEMENT":"0.8685536656759472-1"}]
[13:54:20]  COMMAND	GET 	 "/wd/hub/session/36a3e52686a044d8fedb7c0aab422867/element/0.8685536656759472-1/displayed"
[13:54:20]  DATA		{}
[13:54:20]  RESULT		true
[13:54:20]  COMMAND	POST 	 "/wd/hub/session/36a3e52686a044d8fedb7c0aab422867/element"
[13:54:20]  DATA		{"using":"xpath","value":"//button[contains(@data-test,'game-search-button')]"}
[13:54:20]  RESULT		{"ELEMENT":"0.8685536656759472-1"}
[13:54:20]  COMMAND	POST 	 "/wd/hub/session/36a3e52686a044d8fedb7c0aab422867/element/0.8685536656759472-1/click"
[13:54:20]  DATA		{}
[13:54:20]  COMMAND	POST 	 "/wd/hub/session/36a3e52686a044d8fedb7c0aab422867/element"
[13:54:20]  DATA		{"using":"xpath","value":"//input[@data-test='game-search-field']"}
[13:54:20]  RESULT		{"ELEMENT":"0.8685536656759472-2"}
[13:54:20]  COMMAND	POST 	 "/wd/hub/session/36a3e52686a044d8fedb7c0aab422867/element/0.8685536656759472-2/value"
[13:54:20]  DATA		{"value":["M","a","y","f","a","i","r"," ","R","o","(6 more items)"],"text":"Mayfair Roulette"}
[13:54:21]  COMMAND	POST 	 "/wd/hub/session/36a3e52686a044d8fedb7c0aab422867/element"
[13:54:21]  DATA		{"using":"xpath","value":"//img[@alt='Mayfair Roulette']"}
[13:54:21]  RESULT		{"ELEMENT":"0.8685536656759472-3"}
[13:54:21]  COMMAND	POST 	 "/wd/hub/session/36a3e52686a044d8fedb7c0aab422867/elements"
[13:54:21]  DATA		{"using":"xpath","value":"//img[@alt='Mayfair Roulette']"}
[13:54:21]  RESULT		[{"ELEMENT":"0.8685536656759472-3"}]
[13:54:21]  COMMAND	GET 	 "/wd/hub/session/36a3e52686a044d8fedb7c0aab422867/element/0.8685536656759472-3/displayed"
[13:54:21]  DATA		{}
[13:54:21]  COMMAND	POST 	 "/wd/hub/session/36a3e52686a044d8fedb7c0aab422867/elements"
[13:54:21]  DATA		{"using":"xpath","value":"//img[@alt='Mayfair Roulette']"}
[13:54:22]  RESULT		[{"ELEMENT":"0.8685536656759472-4"}]
[13:54:22]  COMMAND	GET 	 "/wd/hub/session/36a3e52686a044d8fedb7c0aab422867/element/0.8685536656759472-4/displayed"
[13:54:22]  DATA		{}
[13:54:22]  RESULT		true
[13:54:22]  COMMAND	POST 	 "/wd/hub/session/36a3e52686a044d8fedb7c0aab422867/element"
[13:54:22]  DATA		{"using":"xpath","value":"//img[@alt='Mayfair Roulette']"}
[13:54:22]  RESULT		{"ELEMENT":"0.8685536656759472-4"}
[13:54:22]  COMMAND	POST 	 "/wd/hub/session/36a3e52686a044d8fedb7c0aab422867/moveto"
[13:54:22]  DATA		{"element":"0.8685536656759472-4"}
[13:54:22]  COMMAND	POST 	 "/wd/hub/session/36a3e52686a044d8fedb7c0aab422867/element"
[13:54:22]  DATA		{"using":"xpath","value":"//button[@data-test='tile-menu-button-more']"}
[13:54:22]  COMMAND	POST 	 "/wd/hub/session/36a3e52686a044d8fedb7c0aab422867/elements"
[13:54:22]  DATA		{"using":"xpath","value":"//button[@data-test='tile-menu-button-more']"}
[13:54:22]  RESULT		[]
[13:54:22]  COMMAND	POST 	 "/wd/hub/session/36a3e52686a044d8fedb7c0aab422867/elements"
[13:54:22]  DATA		{"using":"xpath","value":"//button[@data-test='tile-menu-button-more']"}
[13:54:22]  RESULT		[{"ELEMENT":"0.8685536656759472-5"}]
[13:54:22]  COMMAND	GET 	 "/wd/hub/session/36a3e52686a044d8fedb7c0aab422867/element/0.8685536656759472-5/displayed"
[13:54:22]  DATA		{}
[13:54:23]  COMMAND	POST 	 "/wd/hub/session/36a3e52686a044d8fedb7c0aab422867/elements"
[13:54:23]  DATA		{"using":"xpath","value":"//button[@data-test='tile-menu-button-more']"}
[13:54:23]  RESULT		[{"ELEMENT":"0.8685536656759472-5"}]
[13:54:23]  COMMAND	GET 	 "/wd/hub/session/36a3e52686a044d8fedb7c0aab422867/element/0.8685536656759472-5/displayed"
[13:54:23]  DATA		{}
[13:54:23]  RESULT		true
[13:54:23]  COMMAND	POST 	 "/wd/hub/session/36a3e52686a044d8fedb7c0aab422867/element"
[13:54:23]  DATA		{"using":"xpath","value":"//button[@data-test='tile-menu-button-more']"}
[13:54:23]  RESULT		{"ELEMENT":"0.8685536656759472-5"}
[13:54:23]  COMMAND	POST 	 "/wd/hub/session/36a3e52686a044d8fedb7c0aab422867/element/0.8685536656759472-5/click"
[13:54:23]  DATA		{}
[13:54:23]  COMMAND	POST 	 "/wd/hub/session/36a3e52686a044d8fedb7c0aab422867/element"
[13:54:23]  DATA		{"using":"xpath","value":"//button[@data-test='tile-details-button-play']"}
[13:54:23]  RESULT		{"ELEMENT":"0.8685536656759472-6"}
[13:54:23]  COMMAND	POST 	 "/wd/hub/session/36a3e52686a044d8fedb7c0aab422867/elements"
[13:54:23]  DATA		{"using":"xpath","value":"//button[@data-test='tile-details-button-play']"}
[13:54:23]  RESULT		[{"ELEMENT":"0.8685536656759472-6"}]
[13:54:23]  COMMAND	GET 	 "/wd/hub/session/36a3e52686a044d8fedb7c0aab422867/element/0.8685536656759472-6/displayed"
[13:54:23]  DATA		{}
[13:54:23]  RESULT		true
[13:54:23]  COMMAND	POST 	 "/wd/hub/session/36a3e52686a044d8fedb7c0aab422867/element"
[13:54:23]  DATA		{"using":"xpath","value":"//button[@data-test='tile-details-button-play']"}
[13:54:23]  RESULT		{"ELEMENT":"0.8685536656759472-6"}
[13:54:23]  COMMAND	POST 	 "/wd/hub/session/36a3e52686a044d8fedb7c0aab422867/execute"
[13:54:23]  DATA		{"script":"return (function scroll(x, y) {\n    return window.scrollTo(x, y);\n}).apply(null, arguments)","args":[0,300]}
[13:54:23]  COMMAND	POST 	 "/wd/hub/session/36a3e52686a044d8fedb7c0aab422867/element"
[13:54:23]  DATA		{"using":"xpath","value":"//button[@data-test='tile-details-button-play']"}
[13:54:23]  RESULT		{"ELEMENT":"0.8685536656759472-6"}
[13:54:23]  COMMAND	POST 	 "/wd/hub/session/36a3e52686a044d8fedb7c0aab422867/element/0.8685536656759472-6/click"
[13:54:23]  DATA		{}
[13:54:24]  COMMAND	POST 	 "/wd/hub/session/36a3e52686a044d8fedb7c0aab422867/element"
[13:54:24]  DATA		{"using":"xpath","value":"//input[@id='login-form-username']"}
[13:54:24]  RESULT		{"ELEMENT":"0.8685536656759472-7"}
[13:54:24]  COMMAND	GET 	 "/wd/hub/session/36a3e52686a044d8fedb7c0aab422867/element/0.8685536656759472-7/displayed"
[13:54:24]  DATA		{}
[13:54:24]  RESULT		true
[13:54:24]  COMMAND	GET 	 "/wd/hub/session/36a3e52686a044d8fedb7c0aab422867/window/current/size"
[13:54:24]  DATA		{}
[13:54:24]  RESULT		{"height":899,"width":1374}
[13:54:24]  COMMAND	POST 	 "/wd/hub/session/36a3e52686a044d8fedb7c0aab422867/execute"
[13:54:24]  DATA		{"script":"return (function getViewportSize() {\n    return {\n        screenWidth: Math.max(document.documentElement.clientWidth, window.innerWidth || 0),\n        screenHeight: Math.max(document.documentElement.clientHeight, window.innerHeight || 0)\n    };\n}).apply(null, arguments)","args":[]}
[13:54:24]  RESULT		{"screenHeight":768,"screenWidth":1366}
[13:54:24]  COMMAND	POST 	 "/wd/hub/session/36a3e52686a044d8fedb7c0aab422867/window/current/size"
[13:54:24]  DATA		{"width":328,"height":851}
[13:54:24]  COMMAND	POST 	 "/wd/hub/session/36a3e52686a044d8fedb7c0aab422867/execute"
[13:54:24]  DATA		{"script":"return (function getViewportSize() {\n    return {\n        screenWidth: Math.max(document.documentElement.clientWidth, window.innerWidth || 0),\n        screenHeight: Math.max(document.documentElement.clientHeight, window.innerHeight || 0)\n    };\n}).apply(null, arguments)","args":[]}
[13:54:24]  RESULT		{"screenHeight":720,"screenWidth":517}
[13:54:24]  COMMAND	GET 	 "/wd/hub/session/36a3e52686a044d8fedb7c0aab422867/window/current/size"
[13:54:24]  DATA		{}
[13:54:24]  RESULT		{"height":851,"width":525}
[13:54:24]  COMMAND	POST 	 "/wd/hub/session/36a3e52686a044d8fedb7c0aab422867/execute"
[13:54:24]  DATA		{"script":"return (function getViewportSize() {\n    return {\n        screenWidth: Math.max(document.documentElement.clientWidth, window.innerWidth || 0),\n        screenHeight: Math.max(document.documentElement.clientHeight, window.innerHeight || 0)\n    };\n}).apply(null, arguments)","args":[]}
[13:54:24]  RESULT		{"screenHeight":720,"screenWidth":517}
[13:54:24]  COMMAND	POST 	 "/wd/hub/session/36a3e52686a044d8fedb7c0aab422867/window/current/size"
[13:54:24]  DATA		{"width":328,"height":851}
[13:54:25]  COMMAND	POST 	 "/wd/hub/session/36a3e52686a044d8fedb7c0aab422867/execute"
[13:54:25]  DATA		{"script":"return (function getViewportSize() {\n    return {\n        screenWidth: Math.max(document.documentElement.clientWidth, window.innerWidth || 0),\n        screenHeight: Math.max(document.documentElement.clientHeight, window.innerHeight || 0)\n    };\n}).apply(null, arguments)","args":[]}
[13:54:25]  RESULT		{"screenHeight":720,"screenWidth":517}
[13:54:25]  COMMAND	GET 	 "/wd/hub/session/36a3e52686a044d8fedb7c0aab422867/window/current/size"
[13:54:25]  DATA		{}
[13:54:25]  RESULT		{"height":851,"width":525}
[13:54:25]  COMMAND	POST 	 "/wd/hub/session/36a3e52686a044d8fedb7c0aab422867/execute"
[13:54:25]  DATA		{"script":"return (function getViewportSize() {\n    return {\n        screenWidth: Math.max(document.documentElement.clientWidth, window.innerWidth || 0),\n        screenHeight: Math.max(document.documentElement.clientHeight, window.innerHeight || 0)\n    };\n}).apply(null, arguments)","args":[]}
[13:54:25]  RESULT		{"screenHeight":720,"screenWidth":517}
[13:54:25]  COMMAND	POST 	 "/wd/hub/session/36a3e52686a044d8fedb7c0aab422867/window/current/size"
[13:54:25]  DATA		{"width":328,"height":851}
[13:54:25]  COMMAND	POST 	 "/wd/hub/session/36a3e52686a044d8fedb7c0aab422867/execute"
[13:54:25]  DATA		{"script":"return (function getViewportSize() {\n    return {\n        screenWidth: Math.max(document.documentElement.clientWidth, window.innerWidth || 0),\n        screenHeight: Math.max(document.documentElement.clientHeight, window.innerHeight || 0)\n    };\n}).apply(null, arguments)","args":[]}
[13:54:25]  RESULT		{"screenHeight":720,"screenWidth":517}
[13:54:25]  COMMAND	GET 	 "/wd/hub/session/36a3e52686a044d8fedb7c0aab422867/window/current/size"
[13:54:25]  DATA		{}
[13:54:25]  RESULT		{"height":851,"width":525}
[13:54:25]  COMMAND	POST 	 "/wd/hub/session/36a3e52686a044d8fedb7c0aab422867/execute"
[13:54:25]  DATA		{"script":"return (function getViewportSize() {\n    return {\n        screenWidth: Math.max(document.documentElement.clientWidth, window.innerWidth || 0),\n        screenHeight: Math.max(document.documentElement.clientHeight, window.innerHeight || 0)\n    };\n}).apply(null, arguments)","args":[]}
[13:54:25]  RESULT		{"screenHeight":720,"screenWidth":517}
[13:54:25]  COMMAND	POST 	 "/wd/hub/session/36a3e52686a044d8fedb7c0aab422867/window/current/size"
[13:54:25]  DATA		{"width":328,"height":851}
[13:54:25]  COMMAND	POST 	 "/wd/hub/session/36a3e52686a044d8fedb7c0aab422867/execute"
[13:54:25]  DATA		{"script":"return (function getViewportSize() {\n    return {\n        screenWidth: Math.max(document.documentElement.clientWidth, window.innerWidth || 0),\n        screenHeight: Math.max(document.documentElement.clientHeight, window.innerHeight || 0)\n    };\n}).apply(null, arguments)","args":[]}
[13:54:25]  RESULT		{"screenHeight":720,"screenWidth":517}
[13:54:25]  COMMAND	GET 	 "/wd/hub/session/36a3e52686a044d8fedb7c0aab422867/window/current/size"
[13:54:25]  DATA		{}
[13:54:25]  RESULT		{"height":851,"width":525}
[13:54:25]  COMMAND	POST 	 "/wd/hub/session/36a3e52686a044d8fedb7c0aab422867/execute"
[13:54:25]  DATA		{"script":"return (function getViewportSize() {\n    return {\n        screenWidth: Math.max(document.documentElement.clientWidth, window.innerWidth || 0),\n        screenHeight: Math.max(document.documentElement.clientHeight, window.innerHeight || 0)\n    };\n}).apply(null, arguments)","args":[]}
[13:54:25]  RESULT		{"screenHeight":720,"screenWidth":517}
[13:54:25]  COMMAND	POST 	 "/wd/hub/session/36a3e52686a044d8fedb7c0aab422867/window/current/size"
[13:54:25]  DATA		{"width":328,"height":851}
[13:54:25]  COMMAND	POST 	 "/wd/hub/session/36a3e52686a044d8fedb7c0aab422867/execute"
[13:54:25]  DATA		{"script":"return (function getViewportSize() {\n    return {\n        screenWidth: Math.max(document.documentElement.clientWidth, window.innerWidth || 0),\n        screenHeight: Math.max(document.documentElement.clientHeight, window.innerHeight || 0)\n    };\n}).apply(null, arguments)","args":[]}
[13:54:25]  RESULT		{"screenHeight":720,"screenWidth":517}
[13:54:25]  COMMAND	GET 	 "/wd/hub/session/36a3e52686a044d8fedb7c0aab422867/window/current/size"
[13:54:25]  DATA		{}
[13:54:25]  RESULT		{"height":851,"width":525}
[13:54:25]  COMMAND	POST 	 "/wd/hub/session/36a3e52686a044d8fedb7c0aab422867/execute"
[13:54:25]  DATA		{"script":"return (function getViewportSize() {\n    return {\n        screenWidth: Math.max(document.documentElement.clientWidth, window.innerWidth || 0),\n        screenHeight: Math.max(document.documentElement.clientHeight, window.innerHeight || 0)\n    };\n}).apply(null, arguments)","args":[]}
[13:54:25]  RESULT		{"screenHeight":720,"screenWidth":517}
[13:54:25]  COMMAND	POST 	 "/wd/hub/session/36a3e52686a044d8fedb7c0aab422867/window/current/size"
[13:54:25]  DATA		{"width":328,"height":851}
[13:54:25]  COMMAND	POST 	 "/wd/hub/session/36a3e52686a044d8fedb7c0aab422867/execute"
[13:54:25]  DATA		{"script":"return (function getViewportSize() {\n    return {\n        screenWidth: Math.max(document.documentElement.clientWidth, window.innerWidth || 0),\n        screenHeight: Math.max(document.documentElement.clientHeight, window.innerHeight || 0)\n    };\n}).apply(null, arguments)","args":[]}
[13:54:25]  RESULT		{"screenHeight":720,"screenWidth":517}
[13:54:25]  COMMAND	POST 	 "/wd/hub/session/36a3e52686a044d8fedb7c0aab422867/url"
[13:54:25]  DATA		{"url":"https://vegas.williamhill.com/"}
[13:54:27]  COMMAND	POST 	 "/wd/hub/session/36a3e52686a044d8fedb7c0aab422867/element"
[13:54:27]  DATA		{"using":"xpath","value":"//button[contains(@data-test,'game-search-button')]"}
[13:54:27]  RESULT		{"ELEMENT":"0.2840668544897538-1"}
[13:54:27]  COMMAND	POST 	 "/wd/hub/session/36a3e52686a044d8fedb7c0aab422867/elements"
[13:54:27]  DATA		{"using":"xpath","value":"//button[contains(@data-test,'game-search-button')]"}
[13:54:27]  RESULT		[{"ELEMENT":"0.2840668544897538-1"}]
[13:54:27]  COMMAND	GET 	 "/wd/hub/session/36a3e52686a044d8fedb7c0aab422867/element/0.2840668544897538-1/displayed"
[13:54:27]  DATA		{}
[13:54:27]  RESULT		true
[13:54:27]  COMMAND	POST 	 "/wd/hub/session/36a3e52686a044d8fedb7c0aab422867/element"
[13:54:27]  DATA		{"using":"xpath","value":"//button[contains(@data-test,'game-search-button')]"}
[13:54:27]  RESULT		{"ELEMENT":"0.2840668544897538-1"}
[13:54:27]  COMMAND	POST 	 "/wd/hub/session/36a3e52686a044d8fedb7c0aab422867/element/0.2840668544897538-1/click"
[13:54:27]  DATA		{}
[13:54:27]  COMMAND	POST 	 "/wd/hub/session/36a3e52686a044d8fedb7c0aab422867/element"
[13:54:27]  DATA		{"using":"xpath","value":"//input[@data-test='game-search-field']"}
[13:54:27]  RESULT		{"ELEMENT":"0.2840668544897538-2"}
[13:54:27]  COMMAND	POST 	 "/wd/hub/session/36a3e52686a044d8fedb7c0aab422867/element/0.2840668544897538-2/value"
[13:54:27]  DATA		{"value":["M","a","y","f","a","i","r"," ","R","o","(6 more items)"],"text":"Mayfair Roulette"}
[13:54:27]  COMMAND	POST 	 "/wd/hub/session/36a3e52686a044d8fedb7c0aab422867/element"
[13:54:27]  DATA		{"using":"xpath","value":"//img[@alt='Mayfair Roulette']"}
[13:54:27]  COMMAND	POST 	 "/wd/hub/session/36a3e52686a044d8fedb7c0aab422867/elements"
[13:54:27]  DATA		{"using":"xpath","value":"//img[@alt='Mayfair Roulette']"}
[13:54:27]  RESULT		[]
[13:54:28]  COMMAND	POST 	 "/wd/hub/session/36a3e52686a044d8fedb7c0aab422867/elements"
[13:54:28]  DATA		{"using":"xpath","value":"//img[@alt='Mayfair Roulette']"}
[13:54:28]  RESULT		[{"ELEMENT":"0.2840668544897538-3"}]
[13:54:28]  COMMAND	GET 	 "/wd/hub/session/36a3e52686a044d8fedb7c0aab422867/element/0.2840668544897538-3/displayed"
[13:54:28]  DATA		{}
[13:54:28]  RESULT		true
[13:54:28]  COMMAND	POST 	 "/wd/hub/session/36a3e52686a044d8fedb7c0aab422867/element"
[13:54:28]  DATA		{"using":"xpath","value":"//img[@alt='Mayfair Roulette']"}
[13:54:28]  RESULT		{"ELEMENT":"0.2840668544897538-3"}
[13:54:28]  COMMAND	POST 	 "/wd/hub/session/36a3e52686a044d8fedb7c0aab422867/element/0.2840668544897538-3/click"
[13:54:28]  DATA		{}
[13:54:28]  COMMAND	POST 	 "/wd/hub/session/36a3e52686a044d8fedb7c0aab422867/element"
[13:54:28]  DATA		{"using":"xpath","value":"//button[@data-test='tile-details-button-play']"}
[13:54:28]  RESULT		{"ELEMENT":"0.2840668544897538-4"}
[13:54:28]  COMMAND	POST 	 "/wd/hub/session/36a3e52686a044d8fedb7c0aab422867/elements"
[13:54:28]  DATA		{"using":"xpath","value":"//button[@data-test='tile-details-button-play']"}
[13:54:28]  RESULT		[{"ELEMENT":"0.2840668544897538-4"}]
[13:54:28]  COMMAND	GET 	 "/wd/hub/session/36a3e52686a044d8fedb7c0aab422867/element/0.2840668544897538-4/displayed"
[13:54:28]  DATA		{}
[13:54:28]  RESULT		true
[13:54:28]  COMMAND	POST 	 "/wd/hub/session/36a3e52686a044d8fedb7c0aab422867/element"
[13:54:28]  DATA		{"using":"xpath","value":"//button[@data-test='tile-details-button-play']"}
[13:54:28]  RESULT		{"ELEMENT":"0.2840668544897538-4"}
[13:54:28]  COMMAND	POST 	 "/wd/hub/session/36a3e52686a044d8fedb7c0aab422867/execute"
[13:54:28]  DATA		{"script":"return (function scroll(x, y) {\n    return window.scrollTo(x, y);\n}).apply(null, arguments)","args":[0,300]}
[13:54:28]  COMMAND	POST 	 "/wd/hub/session/36a3e52686a044d8fedb7c0aab422867/element"
[13:54:28]  DATA		{"using":"xpath","value":"//button[@data-test='tile-details-button-play']"}
[13:54:28]  RESULT		{"ELEMENT":"0.2840668544897538-4"}
[13:54:28]  COMMAND	POST 	 "/wd/hub/session/36a3e52686a044d8fedb7c0aab422867/element/0.2840668544897538-4/click"
[13:54:28]  DATA		{}
[13:54:28]  COMMAND	DELETE 	 "/wd/hub/session/36a3e52686a044d8fedb7c0aab422867"
[13:54:28]  DATA		{}
