[12:20:22]  COMMAND	POST 	 "/wd/hub/session"
[12:20:22]  DATA		{"desiredCapabilities":{"javascriptEnabled":true,"locationContextEnabled":true,"handlesAlerts":true,"rotatable":true,"browserName":"chrome","loggingPrefs":{"browser":"ALL","driver":"ALL"},"requestOrigins":{"url":"http://webdriver.io","version":"4.14.1","name":"webdriverio"}}}
[12:20:22]  INFO	SET SESSION ID ee811390bc92e3fc9dd14cd1a4ade469
[12:20:22]  RESULT		{"acceptInsecureCerts":false,"acceptSslCerts":false,"applicationCacheEnabled":false,"browserConnectionEnabled":false,"browserName":"chrome","chrome":{"chromedriverVersion":"2.43.600233 (523efee95e3d68b8719b3a1c83051aa63aa6b10d)","userDataDir":"/tmp/.org.chromium.Chromium.nU56t3"},"cssSelectorsEnabled":true,"databaseEnabled":false,"goog:chromeOptions":{"debuggerAddress":"localhost:41127"},"handlesAlerts":true,"hasTouchScreen":false,"javascriptEnabled":true,"locationContextEnabled":true,"mobileEmulationEnabled":false,"nativeEvents":true,"networkConnectionEnabled":false,"pageLoadStrategy":"normal","platform":"Linux","rotatable":false,"setWindowRect":true,"takesHeapSnapshot":true,"takesScreenshot":true,"unexpectedAlertBehaviour":"","version":"71.0.3578.80","webStorageEnabled":true,"webdriver.remote.sessionid":"ee811390bc92e3fc9dd14cd1a4ade469"}
[12:20:22]  COMMAND	POST 	 "/wd/hub/session/ee811390bc92e3fc9dd14cd1a4ade469/window/fullscreen"
[12:20:22]  DATA		{}
[12:20:23]  RESULT		{"height":1080,"width":1920,"x":1366,"y":0}
[12:20:23]  COMMAND	POST 	 "/wd/hub/session/ee811390bc92e3fc9dd14cd1a4ade469/url"
[12:20:23]  DATA		{"url":"https://vegas.williamhill.com/"}
[12:20:31]  COMMAND	POST 	 "/wd/hub/session/ee811390bc92e3fc9dd14cd1a4ade469/element"
[12:20:31]  DATA		{"using":"xpath","value":"//button[contains(@data-test,'game-search-button')]"}
[12:20:31]  RESULT		{"ELEMENT":"0.16914282527156832-1"}
[12:20:31]  COMMAND	POST 	 "/wd/hub/session/ee811390bc92e3fc9dd14cd1a4ade469/element/0.16914282527156832-1/click"
[12:20:31]  DATA		{}
[12:20:31]  COMMAND	POST 	 "/wd/hub/session/ee811390bc92e3fc9dd14cd1a4ade469/element"
[12:20:31]  DATA		{"using":"xpath","value":"//input[@data-test='game-search-field']"}
[12:20:31]  RESULT		{"ELEMENT":"0.16914282527156832-2"}
[12:20:31]  COMMAND	POST 	 "/wd/hub/session/ee811390bc92e3fc9dd14cd1a4ade469/element/0.16914282527156832-2/value"
[12:20:31]  DATA		{"value":["M","a","y","f","a","i","r"," ","R","o","(6 more items)"],"text":"Mayfair Roulette"}
[12:20:31]  COMMAND	POST 	 "/wd/hub/session/ee811390bc92e3fc9dd14cd1a4ade469/elements"
[12:20:31]  DATA		{"using":"xpath","value":"//img[contains(@src,'214x214-MayfairRoulette-SquareTiles.jpg')]"}
[12:20:31]  RESULT		[{"ELEMENT":"0.16914282527156832-3"}]
[12:20:31]  COMMAND	GET 	 "/wd/hub/session/ee811390bc92e3fc9dd14cd1a4ade469/element/0.16914282527156832-3/displayed"
[12:20:31]  DATA		{}
[12:20:31]  COMMAND	POST 	 "/wd/hub/session/ee811390bc92e3fc9dd14cd1a4ade469/elements"
[12:20:31]  DATA		{"using":"xpath","value":"//img[contains(@src,'214x214-MayfairRoulette-SquareTiles.jpg')]"}
[12:20:32]  RESULT		[{"ELEMENT":"0.16914282527156832-4"}]
[12:20:32]  COMMAND	GET 	 "/wd/hub/session/ee811390bc92e3fc9dd14cd1a4ade469/element/0.16914282527156832-4/displayed"
[12:20:32]  DATA		{}
[12:20:32]  RESULT		true
[12:20:32]  COMMAND	POST 	 "/wd/hub/session/ee811390bc92e3fc9dd14cd1a4ade469/element"
[12:20:32]  DATA		{"using":"xpath","value":"//img[contains(@src,'214x214-MayfairRoulette-SquareTiles.jpg')]"}
[12:20:32]  RESULT		{"ELEMENT":"0.16914282527156832-4"}
[12:20:32]  COMMAND	POST 	 "/wd/hub/session/ee811390bc92e3fc9dd14cd1a4ade469/moveto"
[12:20:32]  DATA		{"element":"0.16914282527156832-4","xoffset":500}
[12:20:32]  COMMAND	POST 	 "/wd/hub/session/ee811390bc92e3fc9dd14cd1a4ade469/elements"
[12:20:32]  DATA		{"using":"xpath","value":"//i[@class='fa fa-angle-down']"}
[12:20:32]  RESULT		[]
[12:20:32]  COMMAND	POST 	 "/wd/hub/session/ee811390bc92e3fc9dd14cd1a4ade469/elements"
[12:20:32]  DATA		{"using":"xpath","value":"//i[@class='fa fa-angle-down']"}
[12:20:32]  RESULT		[{"ELEMENT":"0.16914282527156832-5"}]
[12:20:32]  COMMAND	GET 	 "/wd/hub/session/ee811390bc92e3fc9dd14cd1a4ade469/element/0.16914282527156832-5/displayed"
[12:20:32]  DATA		{}
[12:20:33]  COMMAND	POST 	 "/wd/hub/session/ee811390bc92e3fc9dd14cd1a4ade469/elements"
[12:20:33]  DATA		{"using":"xpath","value":"//i[@class='fa fa-angle-down']"}
[12:20:33]  RESULT		[{"ELEMENT":"0.16914282527156832-5"}]
[12:20:33]  COMMAND	GET 	 "/wd/hub/session/ee811390bc92e3fc9dd14cd1a4ade469/element/0.16914282527156832-5/displayed"
[12:20:33]  DATA		{}
[12:20:33]  RESULT		true
[12:20:33]  COMMAND	POST 	 "/wd/hub/session/ee811390bc92e3fc9dd14cd1a4ade469/element"
[12:20:33]  DATA		{"using":"xpath","value":"//i[@class='fa fa-angle-down']"}
[12:20:33]  RESULT		{"ELEMENT":"0.16914282527156832-5"}
[12:20:33]  COMMAND	POST 	 "/wd/hub/session/ee811390bc92e3fc9dd14cd1a4ade469/element/0.16914282527156832-5/click"
[12:20:33]  DATA		{}
[12:20:33]  COMMAND	DELETE 	 "/wd/hub/session/ee811390bc92e3fc9dd14cd1a4ade469"
[12:20:33]  DATA		{}
