[00:22:14]  COMMAND	POST 	 "/wd/hub/session"
[00:22:14]  DATA		{"desiredCapabilities":{"javascriptEnabled":true,"locationContextEnabled":true,"handlesAlerts":true,"rotatable":true,"browserName":"chrome","loggingPrefs":{"browser":"ALL","driver":"ALL"},"requestOrigins":{"url":"http://webdriver.io","version":"4.14.1","name":"webdriverio"}}}
[00:22:14]  INFO	SET SESSION ID 1d777ec651e68ee6f2e91ad80ad5b02c
[00:22:14]  RESULT		{"acceptInsecureCerts":false,"acceptSslCerts":false,"applicationCacheEnabled":false,"browserConnectionEnabled":false,"browserName":"chrome","chrome":{"chromedriverVersion":"2.43.600233 (523efee95e3d68b8719b3a1c83051aa63aa6b10d)","userDataDir":"/tmp/.org.chromium.Chromium.3MKhJC"},"cssSelectorsEnabled":true,"databaseEnabled":false,"goog:chromeOptions":{"debuggerAddress":"localhost:33093"},"handlesAlerts":true,"hasTouchScreen":false,"javascriptEnabled":true,"locationContextEnabled":true,"mobileEmulationEnabled":false,"nativeEvents":true,"networkConnectionEnabled":false,"pageLoadStrategy":"normal","platform":"Linux","rotatable":false,"setWindowRect":true,"takesHeapSnapshot":true,"takesScreenshot":true,"unexpectedAlertBehaviour":"","version":"70.0.3538.110","webStorageEnabled":true,"webdriver.remote.sessionid":"1d777ec651e68ee6f2e91ad80ad5b02c"}
[00:22:14]  COMMAND	POST 	 "/wd/hub/session/1d777ec651e68ee6f2e91ad80ad5b02c/window/fullscreen"
[00:22:14]  DATA		{}
[00:22:15]  RESULT		{"height":1080,"width":1920,"x":1366,"y":0}
[00:22:15]  COMMAND	POST 	 "/wd/hub/session/1d777ec651e68ee6f2e91ad80ad5b02c/url"
[00:22:15]  DATA		{"url":"https://vegas.williamhill.com/"}
[00:22:18]  COMMAND	POST 	 "/wd/hub/session/1d777ec651e68ee6f2e91ad80ad5b02c/element"
[00:22:18]  DATA		{"using":"xpath","value":"//button[contains(@data-test,'game-search-button')]"}
[00:22:18]  RESULT		{"ELEMENT":"0.05152060755044241-1"}
[00:22:18]  COMMAND	POST 	 "/wd/hub/session/1d777ec651e68ee6f2e91ad80ad5b02c/element/0.05152060755044241-1/click"
[00:22:18]  DATA		{}
[00:22:19]  COMMAND	POST 	 "/wd/hub/session/1d777ec651e68ee6f2e91ad80ad5b02c/element"
[00:22:19]  DATA		{"using":"xpath","value":"//input[@data-test='game-search-field']"}
[00:22:19]  RESULT		{"ELEMENT":"0.05152060755044241-2"}
[00:22:19]  COMMAND	POST 	 "/wd/hub/session/1d777ec651e68ee6f2e91ad80ad5b02c/element/0.05152060755044241-2/value"
[00:22:19]  DATA		{"value":["M","a","y","f","a","i","r"," ","R","o","(6 more items)"],"text":"Mayfair Roulette"}
[00:22:19]  COMMAND	POST 	 "/wd/hub/session/1d777ec651e68ee6f2e91ad80ad5b02c/actions"
[00:22:19]  DATA		{"actions":[{"type":"pointer","xpath":"(//img[@data-test='tile-cover-image'])[1]","parameters":{"pointerType":"touch"},"actions":[{"type":"pointerDown","button":0},{"type":"pause","duration":1000}]}]}
[00:22:19]  COMMAND	DELETE 	 "/wd/hub/session/1d777ec651e68ee6f2e91ad80ad5b02c"
[00:22:19]  DATA		{}
