[13:40:53]  COMMAND	POST 	 "/wd/hub/session"
[13:40:53]  DATA		{"desiredCapabilities":{"javascriptEnabled":true,"locationContextEnabled":true,"handlesAlerts":true,"rotatable":true,"browserName":"chrome","width":"2000","height":"2000","loggingPrefs":{"browser":"ALL","driver":"ALL"},"requestOrigins":{"url":"http://webdriver.io","version":"4.14.1","name":"webdriverio"}}}
[13:40:53]  INFO	SET SESSION ID 1d15c876498804d5abd60c41986fd623
[13:40:53]  RESULT		{"acceptInsecureCerts":false,"acceptSslCerts":false,"applicationCacheEnabled":false,"browserConnectionEnabled":false,"browserName":"chrome","chrome":{"chromedriverVersion":"2.43.600233 (523efee95e3d68b8719b3a1c83051aa63aa6b10d)","userDataDir":"/tmp/.org.chromium.Chromium.4ymQ8M"},"cssSelectorsEnabled":true,"databaseEnabled":false,"goog:chromeOptions":{"debuggerAddress":"localhost:44715"},"handlesAlerts":true,"hasTouchScreen":false,"javascriptEnabled":true,"locationContextEnabled":true,"mobileEmulationEnabled":false,"nativeEvents":true,"networkConnectionEnabled":false,"pageLoadStrategy":"normal","platform":"Linux","rotatable":false,"setWindowRect":true,"takesHeapSnapshot":true,"takesScreenshot":true,"unexpectedAlertBehaviour":"","version":"71.0.3578.80","webStorageEnabled":true,"webdriver.remote.sessionid":"1d15c876498804d5abd60c41986fd623"}
[13:40:53]  COMMAND	GET 	 "/wd/hub/session/1d15c876498804d5abd60c41986fd623/window/current/size"
[13:40:53]  DATA		{}
[13:40:53]  RESULT		{"height":1033,"width":945}
[13:40:53]  COMMAND	POST 	 "/wd/hub/session/1d15c876498804d5abd60c41986fd623/execute"
[13:40:53]  DATA		{"script":"return (function getViewportSize() {\n    return {\n        screenWidth: Math.max(document.documentElement.clientWidth, window.innerWidth || 0),\n        screenHeight: Math.max(document.documentElement.clientHeight, window.innerHeight || 0)\n    };\n}).apply(null, arguments)","args":[]}
[13:40:53]  RESULT		{"screenHeight":902,"screenWidth":937}
[13:40:53]  COMMAND	POST 	 "/wd/hub/session/1d15c876498804d5abd60c41986fd623/window/current/size"
[13:40:53]  DATA		{"width":1448,"height":1031}
[13:40:53]  COMMAND	POST 	 "/wd/hub/session/1d15c876498804d5abd60c41986fd623/execute"
[13:40:53]  DATA		{"script":"return (function getViewportSize() {\n    return {\n        screenWidth: Math.max(document.documentElement.clientWidth, window.innerWidth || 0),\n        screenHeight: Math.max(document.documentElement.clientHeight, window.innerHeight || 0)\n    };\n}).apply(null, arguments)","args":[]}
[13:40:53]  RESULT		{"screenHeight":900,"screenWidth":1440}
[13:40:53]  COMMAND	POST 	 "/wd/hub/session/1d15c876498804d5abd60c41986fd623/url"
[13:40:53]  DATA		{"url":"https://vegas.williamhill.com/"}
[13:40:57]  COMMAND	POST 	 "/wd/hub/session/1d15c876498804d5abd60c41986fd623/element"
[13:40:57]  DATA		{"using":"xpath","value":"//button[contains(@data-test,'game-search-button')]"}
[13:40:57]  RESULT		{"ELEMENT":"0.038775491445402155-1"}
[13:40:57]  COMMAND	POST 	 "/wd/hub/session/1d15c876498804d5abd60c41986fd623/elements"
[13:40:57]  DATA		{"using":"xpath","value":"//button[contains(@data-test,'game-search-button')]"}
[13:40:57]  RESULT		[{"ELEMENT":"0.038775491445402155-1"}]
[13:40:57]  COMMAND	GET 	 "/wd/hub/session/1d15c876498804d5abd60c41986fd623/element/0.038775491445402155-1/displayed"
[13:40:57]  DATA		{}
[13:40:57]  RESULT		true
[13:40:57]  COMMAND	POST 	 "/wd/hub/session/1d15c876498804d5abd60c41986fd623/element"
[13:40:57]  DATA		{"using":"xpath","value":"//button[contains(@data-test,'game-search-button')]"}
[13:40:57]  RESULT		{"ELEMENT":"0.038775491445402155-1"}
[13:40:57]  COMMAND	POST 	 "/wd/hub/session/1d15c876498804d5abd60c41986fd623/element/0.038775491445402155-1/click"
[13:40:57]  DATA		{}
[13:40:57]  COMMAND	POST 	 "/wd/hub/session/1d15c876498804d5abd60c41986fd623/element"
[13:40:57]  DATA		{"using":"xpath","value":"//input[@data-test='game-search-field']"}
[13:40:57]  RESULT		{"ELEMENT":"0.038775491445402155-2"}
[13:40:57]  COMMAND	POST 	 "/wd/hub/session/1d15c876498804d5abd60c41986fd623/element/0.038775491445402155-2/value"
[13:40:57]  DATA		{"value":["M","a","y","f","a","i","r"," ","R","o","(6 more items)"],"text":"Mayfair Roulette"}
[13:40:57]  COMMAND	POST 	 "/wd/hub/session/1d15c876498804d5abd60c41986fd623/element"
[13:40:57]  DATA		{"using":"xpath","value":"//img[@alt='Mayfair Roulette']"}
[13:40:57]  RESULT		{"ELEMENT":"0.038775491445402155-3"}
[13:40:57]  COMMAND	POST 	 "/wd/hub/session/1d15c876498804d5abd60c41986fd623/elements"
[13:40:57]  DATA		{"using":"xpath","value":"//img[@alt='Mayfair Roulette']"}
[13:40:57]  RESULT		[{"ELEMENT":"0.038775491445402155-3"}]
[13:40:57]  COMMAND	GET 	 "/wd/hub/session/1d15c876498804d5abd60c41986fd623/element/0.038775491445402155-3/displayed"
[13:40:57]  DATA		{}
[13:40:58]  COMMAND	POST 	 "/wd/hub/session/1d15c876498804d5abd60c41986fd623/elements"
[13:40:58]  DATA		{"using":"xpath","value":"//img[@alt='Mayfair Roulette']"}
[13:40:58]  RESULT		[{"ELEMENT":"0.038775491445402155-4"}]
[13:40:58]  COMMAND	GET 	 "/wd/hub/session/1d15c876498804d5abd60c41986fd623/element/0.038775491445402155-4/displayed"
[13:40:58]  DATA		{}
[13:40:58]  RESULT		true
[13:40:58]  COMMAND	POST 	 "/wd/hub/session/1d15c876498804d5abd60c41986fd623/element"
[13:40:58]  DATA		{"using":"xpath","value":"//img[@alt='Mayfair Roulette']"}
[13:40:58]  RESULT		{"ELEMENT":"0.038775491445402155-4"}
[13:40:58]  COMMAND	POST 	 "/wd/hub/session/1d15c876498804d5abd60c41986fd623/moveto"
[13:40:58]  DATA		{"element":"0.038775491445402155-4"}
[13:40:58]  COMMAND	POST 	 "/wd/hub/session/1d15c876498804d5abd60c41986fd623/element"
[13:40:58]  DATA		{"using":"xpath","value":"//button[@data-test='tile-menu-button-more']"}
[13:40:58]  COMMAND	POST 	 "/wd/hub/session/1d15c876498804d5abd60c41986fd623/elements"
[13:40:58]  DATA		{"using":"xpath","value":"//button[@data-test='tile-menu-button-more']"}
[13:40:58]  RESULT		[]
[13:40:59]  COMMAND	POST 	 "/wd/hub/session/1d15c876498804d5abd60c41986fd623/elements"
[13:40:59]  DATA		{"using":"xpath","value":"//button[@data-test='tile-menu-button-more']"}
[13:40:59]  RESULT		[{"ELEMENT":"0.038775491445402155-5"}]
[13:40:59]  COMMAND	GET 	 "/wd/hub/session/1d15c876498804d5abd60c41986fd623/element/0.038775491445402155-5/displayed"
[13:40:59]  DATA		{}
[13:40:59]  COMMAND	POST 	 "/wd/hub/session/1d15c876498804d5abd60c41986fd623/elements"
[13:40:59]  DATA		{"using":"xpath","value":"//button[@data-test='tile-menu-button-more']"}
[13:40:59]  RESULT		[{"ELEMENT":"0.038775491445402155-5"}]
[13:40:59]  COMMAND	GET 	 "/wd/hub/session/1d15c876498804d5abd60c41986fd623/element/0.038775491445402155-5/displayed"
[13:40:59]  DATA		{}
[13:40:59]  RESULT		true
[13:40:59]  COMMAND	POST 	 "/wd/hub/session/1d15c876498804d5abd60c41986fd623/element"
[13:40:59]  DATA		{"using":"xpath","value":"//button[@data-test='tile-menu-button-more']"}
[13:40:59]  RESULT		{"ELEMENT":"0.038775491445402155-5"}
[13:40:59]  COMMAND	POST 	 "/wd/hub/session/1d15c876498804d5abd60c41986fd623/element/0.038775491445402155-5/click"
[13:40:59]  DATA		{}
[13:40:59]  COMMAND	POST 	 "/wd/hub/session/1d15c876498804d5abd60c41986fd623/element"
[13:40:59]  DATA		{"using":"xpath","value":"//button[@data-test='tile-details-button-play']"}
[13:40:59]  RESULT		{"ELEMENT":"0.038775491445402155-6"}
[13:40:59]  COMMAND	POST 	 "/wd/hub/session/1d15c876498804d5abd60c41986fd623/elements"
[13:40:59]  DATA		{"using":"xpath","value":"//button[@data-test='tile-details-button-play']"}
[13:41:00]  RESULT		[{"ELEMENT":"0.038775491445402155-6"}]
[13:41:00]  COMMAND	GET 	 "/wd/hub/session/1d15c876498804d5abd60c41986fd623/element/0.038775491445402155-6/displayed"
[13:41:00]  DATA		{}
[13:41:00]  RESULT		true
[13:41:00]  COMMAND	POST 	 "/wd/hub/session/1d15c876498804d5abd60c41986fd623/element"
[13:41:00]  DATA		{"using":"xpath","value":"//button[@data-test='tile-details-button-play']"}
[13:41:00]  RESULT		{"ELEMENT":"0.038775491445402155-6"}
[13:41:00]  COMMAND	POST 	 "/wd/hub/session/1d15c876498804d5abd60c41986fd623/element/0.038775491445402155-6/click"
[13:41:00]  DATA		{}
[13:41:03]  COMMAND	GET 	 "/wd/hub/session/1d15c876498804d5abd60c41986fd623/window/current/size"
[13:41:03]  DATA		{}
[13:41:03]  RESULT		{"height":1031,"width":1448}
[13:41:03]  COMMAND	POST 	 "/wd/hub/session/1d15c876498804d5abd60c41986fd623/execute"
[13:41:03]  DATA		{"script":"return (function getViewportSize() {\n    return {\n        screenWidth: Math.max(document.documentElement.clientWidth, window.innerWidth || 0),\n        screenHeight: Math.max(document.documentElement.clientHeight, window.innerHeight || 0)\n    };\n}).apply(null, arguments)","args":[]}
[13:41:03]  RESULT		{"screenHeight":900,"screenWidth":1440}
[13:41:03]  COMMAND	POST 	 "/wd/hub/session/1d15c876498804d5abd60c41986fd623/window/current/size"
[13:41:03]  DATA		{"width":648,"height":1091}
[13:41:03]  COMMAND	POST 	 "/wd/hub/session/1d15c876498804d5abd60c41986fd623/execute"
[13:41:03]  DATA		{"script":"return (function getViewportSize() {\n    return {\n        screenWidth: Math.max(document.documentElement.clientWidth, window.innerWidth || 0),\n        screenHeight: Math.max(document.documentElement.clientHeight, window.innerHeight || 0)\n    };\n}).apply(null, arguments)","args":[]}
[13:41:03]  RESULT		{"screenHeight":949,"screenWidth":640}
[13:41:03]  COMMAND	GET 	 "/wd/hub/session/1d15c876498804d5abd60c41986fd623/window/current/size"
[13:41:03]  DATA		{}
[13:41:03]  RESULT		{"height":1080,"width":648}
[13:41:03]  COMMAND	POST 	 "/wd/hub/session/1d15c876498804d5abd60c41986fd623/execute"
[13:41:03]  DATA		{"script":"return (function getViewportSize() {\n    return {\n        screenWidth: Math.max(document.documentElement.clientWidth, window.innerWidth || 0),\n        screenHeight: Math.max(document.documentElement.clientHeight, window.innerHeight || 0)\n    };\n}).apply(null, arguments)","args":[]}
[13:41:03]  RESULT		{"screenHeight":949,"screenWidth":640}
[13:41:03]  COMMAND	POST 	 "/wd/hub/session/1d15c876498804d5abd60c41986fd623/window/current/size"
[13:41:03]  DATA		{"width":648,"height":1091}
[13:41:03]  COMMAND	POST 	 "/wd/hub/session/1d15c876498804d5abd60c41986fd623/execute"
[13:41:03]  DATA		{"script":"return (function getViewportSize() {\n    return {\n        screenWidth: Math.max(document.documentElement.clientWidth, window.innerWidth || 0),\n        screenHeight: Math.max(document.documentElement.clientHeight, window.innerHeight || 0)\n    };\n}).apply(null, arguments)","args":[]}
[13:41:03]  RESULT		{"screenHeight":949,"screenWidth":640}
[13:41:03]  COMMAND	GET 	 "/wd/hub/session/1d15c876498804d5abd60c41986fd623/window/current/size"
[13:41:03]  DATA		{}
[13:41:03]  RESULT		{"height":1080,"width":648}
[13:41:03]  COMMAND	POST 	 "/wd/hub/session/1d15c876498804d5abd60c41986fd623/execute"
[13:41:03]  DATA		{"script":"return (function getViewportSize() {\n    return {\n        screenWidth: Math.max(document.documentElement.clientWidth, window.innerWidth || 0),\n        screenHeight: Math.max(document.documentElement.clientHeight, window.innerHeight || 0)\n    };\n}).apply(null, arguments)","args":[]}
[13:41:03]  RESULT		{"screenHeight":949,"screenWidth":640}
[13:41:03]  COMMAND	POST 	 "/wd/hub/session/1d15c876498804d5abd60c41986fd623/window/current/size"
[13:41:03]  DATA		{"width":648,"height":1091}
[13:41:03]  COMMAND	POST 	 "/wd/hub/session/1d15c876498804d5abd60c41986fd623/execute"
[13:41:03]  DATA		{"script":"return (function getViewportSize() {\n    return {\n        screenWidth: Math.max(document.documentElement.clientWidth, window.innerWidth || 0),\n        screenHeight: Math.max(document.documentElement.clientHeight, window.innerHeight || 0)\n    };\n}).apply(null, arguments)","args":[]}
[13:41:03]  RESULT		{"screenHeight":949,"screenWidth":640}
[13:41:03]  COMMAND	GET 	 "/wd/hub/session/1d15c876498804d5abd60c41986fd623/window/current/size"
[13:41:03]  DATA		{}
[13:41:03]  RESULT		{"height":1080,"width":648}
[13:41:03]  COMMAND	POST 	 "/wd/hub/session/1d15c876498804d5abd60c41986fd623/execute"
[13:41:03]  DATA		{"script":"return (function getViewportSize() {\n    return {\n        screenWidth: Math.max(document.documentElement.clientWidth, window.innerWidth || 0),\n        screenHeight: Math.max(document.documentElement.clientHeight, window.innerHeight || 0)\n    };\n}).apply(null, arguments)","args":[]}
[13:41:03]  RESULT		{"screenHeight":949,"screenWidth":640}
[13:41:03]  COMMAND	POST 	 "/wd/hub/session/1d15c876498804d5abd60c41986fd623/window/current/size"
[13:41:03]  DATA		{"width":648,"height":1091}
[13:41:03]  COMMAND	POST 	 "/wd/hub/session/1d15c876498804d5abd60c41986fd623/execute"
[13:41:03]  DATA		{"script":"return (function getViewportSize() {\n    return {\n        screenWidth: Math.max(document.documentElement.clientWidth, window.innerWidth || 0),\n        screenHeight: Math.max(document.documentElement.clientHeight, window.innerHeight || 0)\n    };\n}).apply(null, arguments)","args":[]}
[13:41:03]  RESULT		{"screenHeight":949,"screenWidth":640}
[13:41:03]  COMMAND	GET 	 "/wd/hub/session/1d15c876498804d5abd60c41986fd623/window/current/size"
[13:41:03]  DATA		{}
[13:41:03]  RESULT		{"height":1080,"width":648}
[13:41:03]  COMMAND	POST 	 "/wd/hub/session/1d15c876498804d5abd60c41986fd623/execute"
[13:41:03]  DATA		{"script":"return (function getViewportSize() {\n    return {\n        screenWidth: Math.max(document.documentElement.clientWidth, window.innerWidth || 0),\n        screenHeight: Math.max(document.documentElement.clientHeight, window.innerHeight || 0)\n    };\n}).apply(null, arguments)","args":[]}
[13:41:03]  RESULT		{"screenHeight":949,"screenWidth":640}
[13:41:03]  COMMAND	POST 	 "/wd/hub/session/1d15c876498804d5abd60c41986fd623/window/current/size"
[13:41:03]  DATA		{"width":648,"height":1091}
[13:41:03]  COMMAND	POST 	 "/wd/hub/session/1d15c876498804d5abd60c41986fd623/execute"
[13:41:03]  DATA		{"script":"return (function getViewportSize() {\n    return {\n        screenWidth: Math.max(document.documentElement.clientWidth, window.innerWidth || 0),\n        screenHeight: Math.max(document.documentElement.clientHeight, window.innerHeight || 0)\n    };\n}).apply(null, arguments)","args":[]}
[13:41:03]  RESULT		{"screenHeight":949,"screenWidth":640}
[13:41:03]  COMMAND	GET 	 "/wd/hub/session/1d15c876498804d5abd60c41986fd623/window/current/size"
[13:41:03]  DATA		{}
[13:41:03]  RESULT		{"height":1080,"width":648}
[13:41:03]  COMMAND	POST 	 "/wd/hub/session/1d15c876498804d5abd60c41986fd623/execute"
[13:41:03]  DATA		{"script":"return (function getViewportSize() {\n    return {\n        screenWidth: Math.max(document.documentElement.clientWidth, window.innerWidth || 0),\n        screenHeight: Math.max(document.documentElement.clientHeight, window.innerHeight || 0)\n    };\n}).apply(null, arguments)","args":[]}
[13:41:03]  RESULT		{"screenHeight":949,"screenWidth":640}
[13:41:03]  COMMAND	POST 	 "/wd/hub/session/1d15c876498804d5abd60c41986fd623/window/current/size"
[13:41:03]  DATA		{"width":648,"height":1091}
[13:41:04]  COMMAND	POST 	 "/wd/hub/session/1d15c876498804d5abd60c41986fd623/execute"
[13:41:04]  DATA		{"script":"return (function getViewportSize() {\n    return {\n        screenWidth: Math.max(document.documentElement.clientWidth, window.innerWidth || 0),\n        screenHeight: Math.max(document.documentElement.clientHeight, window.innerHeight || 0)\n    };\n}).apply(null, arguments)","args":[]}
[13:41:04]  RESULT		{"screenHeight":949,"screenWidth":640}
[13:41:04]  COMMAND	POST 	 "/wd/hub/session/1d15c876498804d5abd60c41986fd623/url"
[13:41:04]  DATA		{"url":"https://vegas.williamhill.com/"}
[13:41:05]  COMMAND	POST 	 "/wd/hub/session/1d15c876498804d5abd60c41986fd623/element"
[13:41:05]  DATA		{"using":"xpath","value":"//button[contains(@data-test,'game-search-button')]"}
[13:41:05]  RESULT		{"ELEMENT":"0.6005035735891238-1"}
[13:41:05]  COMMAND	POST 	 "/wd/hub/session/1d15c876498804d5abd60c41986fd623/elements"
[13:41:05]  DATA		{"using":"xpath","value":"//button[contains(@data-test,'game-search-button')]"}
[13:41:05]  RESULT		[{"ELEMENT":"0.6005035735891238-1"}]
[13:41:05]  COMMAND	GET 	 "/wd/hub/session/1d15c876498804d5abd60c41986fd623/element/0.6005035735891238-1/displayed"
[13:41:05]  DATA		{}
[13:41:05]  RESULT		true
[13:41:05]  COMMAND	POST 	 "/wd/hub/session/1d15c876498804d5abd60c41986fd623/element"
[13:41:05]  DATA		{"using":"xpath","value":"//button[contains(@data-test,'game-search-button')]"}
[13:41:06]  RESULT		{"ELEMENT":"0.6005035735891238-1"}
[13:41:06]  COMMAND	POST 	 "/wd/hub/session/1d15c876498804d5abd60c41986fd623/element/0.6005035735891238-1/click"
[13:41:06]  DATA		{}
[13:41:06]  COMMAND	POST 	 "/wd/hub/session/1d15c876498804d5abd60c41986fd623/element"
[13:41:06]  DATA		{"using":"xpath","value":"//input[@data-test='game-search-field']"}
[13:41:06]  RESULT		{"ELEMENT":"0.6005035735891238-2"}
[13:41:06]  COMMAND	POST 	 "/wd/hub/session/1d15c876498804d5abd60c41986fd623/element/0.6005035735891238-2/value"
[13:41:06]  DATA		{"value":["M","a","y","f","a","i","r"," ","R","o","(6 more items)"],"text":"Mayfair Roulette"}
[13:41:06]  COMMAND	POST 	 "/wd/hub/session/1d15c876498804d5abd60c41986fd623/element"
[13:41:06]  DATA		{"using":"xpath","value":"//img[@alt='Mayfair Roulette']"}
[13:41:06]  RESULT		{"ELEMENT":"0.6005035735891238-3"}
[13:41:06]  COMMAND	POST 	 "/wd/hub/session/1d15c876498804d5abd60c41986fd623/elements"
[13:41:06]  DATA		{"using":"xpath","value":"//img[@alt='Mayfair Roulette']"}
[13:41:06]  RESULT		[{"ELEMENT":"0.6005035735891238-3"}]
[13:41:06]  COMMAND	GET 	 "/wd/hub/session/1d15c876498804d5abd60c41986fd623/element/0.6005035735891238-3/displayed"
[13:41:06]  DATA		{}
[13:41:06]  RESULT		true
[13:41:06]  COMMAND	POST 	 "/wd/hub/session/1d15c876498804d5abd60c41986fd623/element"
[13:41:06]  DATA		{"using":"xpath","value":"//img[@alt='Mayfair Roulette']"}
[13:41:06]  RESULT		{"ELEMENT":"0.6005035735891238-3"}
[13:41:06]  COMMAND	POST 	 "/wd/hub/session/1d15c876498804d5abd60c41986fd623/element/0.6005035735891238-3/click"
[13:41:06]  DATA		{}
[13:41:06]  COMMAND	POST 	 "/wd/hub/session/1d15c876498804d5abd60c41986fd623/element"
[13:41:06]  DATA		{"using":"xpath","value":"//button[@data-test='tile-details-button-play']"}
[13:41:06]  RESULT		{"ELEMENT":"0.6005035735891238-4"}
[13:41:06]  COMMAND	POST 	 "/wd/hub/session/1d15c876498804d5abd60c41986fd623/elements"
[13:41:06]  DATA		{"using":"xpath","value":"//button[@data-test='tile-details-button-play']"}
[13:41:06]  RESULT		[{"ELEMENT":"0.6005035735891238-4"}]
[13:41:06]  COMMAND	GET 	 "/wd/hub/session/1d15c876498804d5abd60c41986fd623/element/0.6005035735891238-4/displayed"
[13:41:06]  DATA		{}
[13:41:06]  RESULT		true
[13:41:06]  COMMAND	POST 	 "/wd/hub/session/1d15c876498804d5abd60c41986fd623/element"
[13:41:06]  DATA		{"using":"xpath","value":"//button[@data-test='tile-details-button-play']"}
[13:41:06]  RESULT		{"ELEMENT":"0.6005035735891238-4"}
[13:41:06]  COMMAND	POST 	 "/wd/hub/session/1d15c876498804d5abd60c41986fd623/element/0.6005035735891238-4/click"
[13:41:06]  DATA		{}
[13:41:06]  COMMAND	DELETE 	 "/wd/hub/session/1d15c876498804d5abd60c41986fd623"
[13:41:06]  DATA		{}
